[2024-06-20T07:57:55.361+0000] {processor.py:161} INFO - Started process (PID=85) to work on /home/airflow/.local/lib/python3.12/site-packages/airflow/example_dags/example_bash_decorator.py
[2024-06-20T07:57:55.371+0000] {processor.py:830} INFO - Processing file /home/airflow/.local/lib/python3.12/site-packages/airflow/example_dags/example_bash_decorator.py for tasks to queue
[2024-06-20T07:57:55.375+0000] {logging_mixin.py:188} INFO - [2024-06-20T07:57:55.375+0000] {dagbag.py:545} INFO - Filling up the DagBag from /home/airflow/.local/lib/python3.12/site-packages/airflow/example_dags/example_bash_decorator.py
[2024-06-20T07:57:55.415+0000] {processor.py:840} INFO - DAG(s) 'example_bash_decorator' retrieved from /home/airflow/.local/lib/python3.12/site-packages/airflow/example_dags/example_bash_decorator.py
[2024-06-20T07:57:55.841+0000] {logging_mixin.py:188} INFO - [2024-06-20T07:57:55.841+0000] {dag.py:3096} INFO - Sync 1 DAGs
[2024-06-20T07:57:55.860+0000] {logging_mixin.py:188} INFO - [2024-06-20T07:57:55.860+0000] {dag.py:3954} INFO - Setting next_dagrun for example_bash_decorator to None, run_after=None
[2024-06-20T07:57:55.894+0000] {processor.py:183} INFO - Processing /home/airflow/.local/lib/python3.12/site-packages/airflow/example_dags/example_bash_decorator.py took 0.545 seconds
[2024-06-20T07:58:34.715+0000] {processor.py:161} INFO - Started process (PID=143) to work on /home/airflow/.local/lib/python3.12/site-packages/airflow/example_dags/example_bash_decorator.py
[2024-06-20T07:58:34.718+0000] {processor.py:830} INFO - Processing file /home/airflow/.local/lib/python3.12/site-packages/airflow/example_dags/example_bash_decorator.py for tasks to queue
[2024-06-20T07:58:34.722+0000] {logging_mixin.py:188} INFO - [2024-06-20T07:58:34.722+0000] {dagbag.py:545} INFO - Filling up the DagBag from /home/airflow/.local/lib/python3.12/site-packages/airflow/example_dags/example_bash_decorator.py
[2024-06-20T07:58:34.793+0000] {processor.py:840} INFO - DAG(s) 'example_bash_decorator' retrieved from /home/airflow/.local/lib/python3.12/site-packages/airflow/example_dags/example_bash_decorator.py
[2024-06-20T07:58:34.877+0000] {logging_mixin.py:188} INFO - [2024-06-20T07:58:34.876+0000] {dag.py:3096} INFO - Sync 1 DAGs
[2024-06-20T07:58:35.182+0000] {logging_mixin.py:188} INFO - [2024-06-20T07:58:35.181+0000] {dag.py:3954} INFO - Setting next_dagrun for example_bash_decorator to None, run_after=None
[2024-06-20T07:58:35.597+0000] {processor.py:183} INFO - Processing /home/airflow/.local/lib/python3.12/site-packages/airflow/example_dags/example_bash_decorator.py took 0.904 seconds
[2024-06-20T07:59:14.392+0000] {processor.py:161} INFO - Started process (PID=201) to work on /home/airflow/.local/lib/python3.12/site-packages/airflow/example_dags/example_bash_decorator.py
[2024-06-20T07:59:14.393+0000] {processor.py:830} INFO - Processing file /home/airflow/.local/lib/python3.12/site-packages/airflow/example_dags/example_bash_decorator.py for tasks to queue
[2024-06-20T07:59:14.397+0000] {logging_mixin.py:188} INFO - [2024-06-20T07:59:14.396+0000] {dagbag.py:545} INFO - Filling up the DagBag from /home/airflow/.local/lib/python3.12/site-packages/airflow/example_dags/example_bash_decorator.py
[2024-06-20T07:59:14.420+0000] {processor.py:840} INFO - DAG(s) 'example_bash_decorator' retrieved from /home/airflow/.local/lib/python3.12/site-packages/airflow/example_dags/example_bash_decorator.py
[2024-06-20T07:59:14.457+0000] {logging_mixin.py:188} INFO - [2024-06-20T07:59:14.456+0000] {dag.py:3096} INFO - Sync 1 DAGs
[2024-06-20T07:59:14.480+0000] {logging_mixin.py:188} INFO - [2024-06-20T07:59:14.480+0000] {dag.py:3954} INFO - Setting next_dagrun for example_bash_decorator to None, run_after=None
[2024-06-20T07:59:14.725+0000] {processor.py:183} INFO - Processing /home/airflow/.local/lib/python3.12/site-packages/airflow/example_dags/example_bash_decorator.py took 0.341 seconds
[2024-06-20T07:59:45.142+0000] {processor.py:161} INFO - Started process (PID=259) to work on /home/airflow/.local/lib/python3.12/site-packages/airflow/example_dags/example_bash_decorator.py
[2024-06-20T07:59:45.144+0000] {processor.py:830} INFO - Processing file /home/airflow/.local/lib/python3.12/site-packages/airflow/example_dags/example_bash_decorator.py for tasks to queue
[2024-06-20T07:59:45.147+0000] {logging_mixin.py:188} INFO - [2024-06-20T07:59:45.146+0000] {dagbag.py:545} INFO - Filling up the DagBag from /home/airflow/.local/lib/python3.12/site-packages/airflow/example_dags/example_bash_decorator.py
[2024-06-20T07:59:45.163+0000] {processor.py:840} INFO - DAG(s) 'example_bash_decorator' retrieved from /home/airflow/.local/lib/python3.12/site-packages/airflow/example_dags/example_bash_decorator.py
[2024-06-20T07:59:45.196+0000] {logging_mixin.py:188} INFO - [2024-06-20T07:59:45.195+0000] {dag.py:3096} INFO - Sync 1 DAGs
[2024-06-20T07:59:45.228+0000] {logging_mixin.py:188} INFO - [2024-06-20T07:59:45.228+0000] {dag.py:3954} INFO - Setting next_dagrun for example_bash_decorator to None, run_after=None
[2024-06-20T07:59:45.291+0000] {processor.py:183} INFO - Processing /home/airflow/.local/lib/python3.12/site-packages/airflow/example_dags/example_bash_decorator.py took 0.160 seconds
[2024-06-20T08:00:15.452+0000] {processor.py:161} INFO - Started process (PID=315) to work on /home/airflow/.local/lib/python3.12/site-packages/airflow/example_dags/example_bash_decorator.py
[2024-06-20T08:00:15.453+0000] {processor.py:830} INFO - Processing file /home/airflow/.local/lib/python3.12/site-packages/airflow/example_dags/example_bash_decorator.py for tasks to queue
[2024-06-20T08:00:15.457+0000] {logging_mixin.py:188} INFO - [2024-06-20T08:00:15.457+0000] {dagbag.py:545} INFO - Filling up the DagBag from /home/airflow/.local/lib/python3.12/site-packages/airflow/example_dags/example_bash_decorator.py
[2024-06-20T08:00:15.484+0000] {processor.py:840} INFO - DAG(s) 'example_bash_decorator' retrieved from /home/airflow/.local/lib/python3.12/site-packages/airflow/example_dags/example_bash_decorator.py
[2024-06-20T08:00:15.519+0000] {logging_mixin.py:188} INFO - [2024-06-20T08:00:15.519+0000] {dag.py:3096} INFO - Sync 1 DAGs
[2024-06-20T08:00:15.539+0000] {logging_mixin.py:188} INFO - [2024-06-20T08:00:15.539+0000] {dag.py:3954} INFO - Setting next_dagrun for example_bash_decorator to None, run_after=None
[2024-06-20T08:00:15.566+0000] {processor.py:183} INFO - Processing /home/airflow/.local/lib/python3.12/site-packages/airflow/example_dags/example_bash_decorator.py took 0.122 seconds
