[2024-06-20T07:57:35.753+0000] {processor.py:161} INFO - Started process (PID=37) to work on /home/airflow/.local/lib/python3.12/site-packages/airflow/example_dags/example_sensors.py
[2024-06-20T07:57:35.759+0000] {processor.py:830} INFO - Processing file /home/airflow/.local/lib/python3.12/site-packages/airflow/example_dags/example_sensors.py for tasks to queue
[2024-06-20T07:57:35.774+0000] {logging_mixin.py:188} INFO - [2024-06-20T07:57:35.771+0000] {dagbag.py:545} INFO - Filling up the DagBag from /home/airflow/.local/lib/python3.12/site-packages/airflow/example_dags/example_sensors.py
[2024-06-20T07:57:35.987+0000] {processor.py:840} INFO - DAG(s) 'example_sensors' retrieved from /home/airflow/.local/lib/python3.12/site-packages/airflow/example_dags/example_sensors.py
[2024-06-20T07:57:36.854+0000] {logging_mixin.py:188} INFO - [2024-06-20T07:57:36.853+0000] {dag.py:3096} INFO - Sync 1 DAGs
[2024-06-20T07:57:36.889+0000] {logging_mixin.py:188} INFO - [2024-06-20T07:57:36.888+0000] {dag.py:3954} INFO - Setting next_dagrun for example_sensors to None, run_after=None
[2024-06-20T07:57:36.948+0000] {processor.py:183} INFO - Processing /home/airflow/.local/lib/python3.12/site-packages/airflow/example_dags/example_sensors.py took 1.266 seconds
[2024-06-20T07:58:07.855+0000] {processor.py:161} INFO - Started process (PID=95) to work on /home/airflow/.local/lib/python3.12/site-packages/airflow/example_dags/example_sensors.py
[2024-06-20T07:58:07.883+0000] {processor.py:830} INFO - Processing file /home/airflow/.local/lib/python3.12/site-packages/airflow/example_dags/example_sensors.py for tasks to queue
[2024-06-20T07:58:07.889+0000] {logging_mixin.py:188} INFO - [2024-06-20T07:58:07.888+0000] {dagbag.py:545} INFO - Filling up the DagBag from /home/airflow/.local/lib/python3.12/site-packages/airflow/example_dags/example_sensors.py
[2024-06-20T07:58:07.991+0000] {processor.py:840} INFO - DAG(s) 'example_sensors' retrieved from /home/airflow/.local/lib/python3.12/site-packages/airflow/example_dags/example_sensors.py
[2024-06-20T07:58:08.198+0000] {logging_mixin.py:188} INFO - [2024-06-20T07:58:08.197+0000] {dag.py:3096} INFO - Sync 1 DAGs
[2024-06-20T07:58:08.222+0000] {logging_mixin.py:188} INFO - [2024-06-20T07:58:08.222+0000] {dag.py:3954} INFO - Setting next_dagrun for example_sensors to None, run_after=None
[2024-06-20T07:58:08.680+0000] {processor.py:183} INFO - Processing /home/airflow/.local/lib/python3.12/site-packages/airflow/example_dags/example_sensors.py took 0.839 seconds
[2024-06-20T07:58:52.146+0000] {processor.py:161} INFO - Started process (PID=151) to work on /home/airflow/.local/lib/python3.12/site-packages/airflow/example_dags/example_sensors.py
[2024-06-20T07:58:52.148+0000] {processor.py:830} INFO - Processing file /home/airflow/.local/lib/python3.12/site-packages/airflow/example_dags/example_sensors.py for tasks to queue
[2024-06-20T07:58:52.150+0000] {logging_mixin.py:188} INFO - [2024-06-20T07:58:52.150+0000] {dagbag.py:545} INFO - Filling up the DagBag from /home/airflow/.local/lib/python3.12/site-packages/airflow/example_dags/example_sensors.py
[2024-06-20T07:58:52.167+0000] {processor.py:840} INFO - DAG(s) 'example_sensors' retrieved from /home/airflow/.local/lib/python3.12/site-packages/airflow/example_dags/example_sensors.py
[2024-06-20T07:58:52.221+0000] {logging_mixin.py:188} INFO - [2024-06-20T07:58:52.221+0000] {dag.py:3096} INFO - Sync 1 DAGs
[2024-06-20T07:58:52.425+0000] {logging_mixin.py:188} INFO - [2024-06-20T07:58:52.424+0000] {dag.py:3954} INFO - Setting next_dagrun for example_sensors to None, run_after=None
[2024-06-20T07:58:57.499+0000] {processor.py:183} INFO - Processing /home/airflow/.local/lib/python3.12/site-packages/airflow/example_dags/example_sensors.py took 5.362 seconds
[2024-06-20T07:59:28.975+0000] {processor.py:161} INFO - Started process (PID=214) to work on /home/airflow/.local/lib/python3.12/site-packages/airflow/example_dags/example_sensors.py
[2024-06-20T07:59:28.976+0000] {processor.py:830} INFO - Processing file /home/airflow/.local/lib/python3.12/site-packages/airflow/example_dags/example_sensors.py for tasks to queue
[2024-06-20T07:59:28.979+0000] {logging_mixin.py:188} INFO - [2024-06-20T07:59:28.978+0000] {dagbag.py:545} INFO - Filling up the DagBag from /home/airflow/.local/lib/python3.12/site-packages/airflow/example_dags/example_sensors.py
[2024-06-20T07:59:28.994+0000] {processor.py:840} INFO - DAG(s) 'example_sensors' retrieved from /home/airflow/.local/lib/python3.12/site-packages/airflow/example_dags/example_sensors.py
[2024-06-20T07:59:29.038+0000] {logging_mixin.py:188} INFO - [2024-06-20T07:59:29.038+0000] {dag.py:3096} INFO - Sync 1 DAGs
[2024-06-20T07:59:29.059+0000] {logging_mixin.py:188} INFO - [2024-06-20T07:59:29.059+0000] {dag.py:3954} INFO - Setting next_dagrun for example_sensors to None, run_after=None
[2024-06-20T07:59:29.089+0000] {processor.py:183} INFO - Processing /home/airflow/.local/lib/python3.12/site-packages/airflow/example_dags/example_sensors.py took 0.122 seconds
[2024-06-20T08:00:00.722+0000] {processor.py:161} INFO - Started process (PID=267) to work on /home/airflow/.local/lib/python3.12/site-packages/airflow/example_dags/example_sensors.py
[2024-06-20T08:00:00.732+0000] {processor.py:830} INFO - Processing file /home/airflow/.local/lib/python3.12/site-packages/airflow/example_dags/example_sensors.py for tasks to queue
[2024-06-20T08:00:00.735+0000] {logging_mixin.py:188} INFO - [2024-06-20T08:00:00.735+0000] {dagbag.py:545} INFO - Filling up the DagBag from /home/airflow/.local/lib/python3.12/site-packages/airflow/example_dags/example_sensors.py
[2024-06-20T08:00:00.748+0000] {processor.py:840} INFO - DAG(s) 'example_sensors' retrieved from /home/airflow/.local/lib/python3.12/site-packages/airflow/example_dags/example_sensors.py
[2024-06-20T08:00:00.799+0000] {logging_mixin.py:188} INFO - [2024-06-20T08:00:00.798+0000] {dag.py:3096} INFO - Sync 1 DAGs
[2024-06-20T08:00:00.833+0000] {logging_mixin.py:188} INFO - [2024-06-20T08:00:00.832+0000] {dag.py:3954} INFO - Setting next_dagrun for example_sensors to None, run_after=None
[2024-06-20T08:00:02.134+0000] {processor.py:183} INFO - Processing /home/airflow/.local/lib/python3.12/site-packages/airflow/example_dags/example_sensors.py took 1.418 seconds
