[2024-06-20T07:57:35.653+0000] {processor.py:161} INFO - Started process (PID=36) to work on /home/airflow/.local/lib/python3.12/site-packages/airflow/example_dags/example_subdag_operator.py
[2024-06-20T07:57:35.666+0000] {processor.py:830} INFO - Processing file /home/airflow/.local/lib/python3.12/site-packages/airflow/example_dags/example_subdag_operator.py for tasks to queue
[2024-06-20T07:57:35.690+0000] {logging_mixin.py:188} INFO - [2024-06-20T07:57:35.686+0000] {dagbag.py:545} INFO - Filling up the DagBag from /home/airflow/.local/lib/python3.12/site-packages/airflow/example_dags/example_subdag_operator.py
[2024-06-20T07:57:35.967+0000] {processor.py:840} INFO - DAG(s) 'example_subdag_operator.section-1', 'example_subdag_operator.section-2', 'example_subdag_operator' retrieved from /home/airflow/.local/lib/python3.12/site-packages/airflow/example_dags/example_subdag_operator.py
[2024-06-20T07:57:36.837+0000] {logging_mixin.py:188} INFO - [2024-06-20T07:57:36.836+0000] {dag.py:3096} INFO - Sync 3 DAGs
[2024-06-20T07:57:36.902+0000] {logging_mixin.py:188} INFO - [2024-06-20T07:57:36.902+0000] {dag.py:3954} INFO - Setting next_dagrun for example_subdag_operator to 2022-01-01 00:00:00+00:00, run_after=2022-01-01 00:00:00+00:00
[2024-06-20T07:57:36.911+0000] {logging_mixin.py:188} INFO - [2024-06-20T07:57:36.910+0000] {dag.py:3954} INFO - Setting next_dagrun for example_subdag_operator.section-1 to None, run_after=None
[2024-06-20T07:57:36.914+0000] {logging_mixin.py:188} INFO - [2024-06-20T07:57:36.913+0000] {dag.py:3954} INFO - Setting next_dagrun for example_subdag_operator.section-2 to None, run_after=None
[2024-06-20T07:57:36.947+0000] {logging_mixin.py:188} INFO - [2024-06-20T07:57:36.947+0000] {dag.py:3096} INFO - Sync 2 DAGs
[2024-06-20T07:57:36.965+0000] {logging_mixin.py:188} INFO - [2024-06-20T07:57:36.965+0000] {dag.py:3954} INFO - Setting next_dagrun for example_subdag_operator.section-1 to None, run_after=None
[2024-06-20T07:57:36.966+0000] {logging_mixin.py:188} INFO - [2024-06-20T07:57:36.966+0000] {dag.py:3954} INFO - Setting next_dagrun for example_subdag_operator.section-2 to None, run_after=None
[2024-06-20T07:57:36.990+0000] {processor.py:183} INFO - Processing /home/airflow/.local/lib/python3.12/site-packages/airflow/example_dags/example_subdag_operator.py took 1.414 seconds
[2024-06-20T07:58:07.437+0000] {processor.py:161} INFO - Started process (PID=94) to work on /home/airflow/.local/lib/python3.12/site-packages/airflow/example_dags/example_subdag_operator.py
[2024-06-20T07:58:07.449+0000] {processor.py:830} INFO - Processing file /home/airflow/.local/lib/python3.12/site-packages/airflow/example_dags/example_subdag_operator.py for tasks to queue
[2024-06-20T07:58:07.454+0000] {logging_mixin.py:188} INFO - [2024-06-20T07:58:07.453+0000] {dagbag.py:545} INFO - Filling up the DagBag from /home/airflow/.local/lib/python3.12/site-packages/airflow/example_dags/example_subdag_operator.py
[2024-06-20T07:58:07.505+0000] {processor.py:840} INFO - DAG(s) 'example_subdag_operator.section-1', 'example_subdag_operator.section-2', 'example_subdag_operator' retrieved from /home/airflow/.local/lib/python3.12/site-packages/airflow/example_dags/example_subdag_operator.py
[2024-06-20T07:58:07.536+0000] {logging_mixin.py:188} INFO - [2024-06-20T07:58:07.536+0000] {dag.py:3096} INFO - Sync 3 DAGs
[2024-06-20T07:58:07.664+0000] {logging_mixin.py:188} INFO - [2024-06-20T07:58:07.663+0000] {dag.py:3954} INFO - Setting next_dagrun for example_subdag_operator to 2022-01-01 00:00:00+00:00, run_after=2022-01-01 00:00:00+00:00
[2024-06-20T07:58:07.675+0000] {logging_mixin.py:188} INFO - [2024-06-20T07:58:07.674+0000] {dag.py:3954} INFO - Setting next_dagrun for example_subdag_operator.section-1 to None, run_after=None
[2024-06-20T07:58:07.679+0000] {logging_mixin.py:188} INFO - [2024-06-20T07:58:07.679+0000] {dag.py:3954} INFO - Setting next_dagrun for example_subdag_operator.section-2 to None, run_after=None
[2024-06-20T07:58:07.698+0000] {logging_mixin.py:188} INFO - [2024-06-20T07:58:07.697+0000] {dag.py:3096} INFO - Sync 2 DAGs
[2024-06-20T07:58:07.713+0000] {logging_mixin.py:188} INFO - [2024-06-20T07:58:07.713+0000] {dag.py:3954} INFO - Setting next_dagrun for example_subdag_operator.section-1 to None, run_after=None
[2024-06-20T07:58:07.716+0000] {logging_mixin.py:188} INFO - [2024-06-20T07:58:07.715+0000] {dag.py:3954} INFO - Setting next_dagrun for example_subdag_operator.section-2 to None, run_after=None
[2024-06-20T07:58:07.763+0000] {processor.py:183} INFO - Processing /home/airflow/.local/lib/python3.12/site-packages/airflow/example_dags/example_subdag_operator.py took 0.332 seconds
[2024-06-20T07:58:51.895+0000] {processor.py:161} INFO - Started process (PID=150) to work on /home/airflow/.local/lib/python3.12/site-packages/airflow/example_dags/example_subdag_operator.py
[2024-06-20T07:58:51.897+0000] {processor.py:830} INFO - Processing file /home/airflow/.local/lib/python3.12/site-packages/airflow/example_dags/example_subdag_operator.py for tasks to queue
[2024-06-20T07:58:51.901+0000] {logging_mixin.py:188} INFO - [2024-06-20T07:58:51.900+0000] {dagbag.py:545} INFO - Filling up the DagBag from /home/airflow/.local/lib/python3.12/site-packages/airflow/example_dags/example_subdag_operator.py
[2024-06-20T07:58:51.936+0000] {processor.py:840} INFO - DAG(s) 'example_subdag_operator.section-1', 'example_subdag_operator.section-2', 'example_subdag_operator' retrieved from /home/airflow/.local/lib/python3.12/site-packages/airflow/example_dags/example_subdag_operator.py
[2024-06-20T07:58:51.963+0000] {logging_mixin.py:188} INFO - [2024-06-20T07:58:51.963+0000] {dag.py:3096} INFO - Sync 3 DAGs
[2024-06-20T07:58:52.006+0000] {logging_mixin.py:188} INFO - [2024-06-20T07:58:52.006+0000] {dag.py:3954} INFO - Setting next_dagrun for example_subdag_operator to 2022-01-01 00:00:00+00:00, run_after=2022-01-01 00:00:00+00:00
[2024-06-20T07:58:52.013+0000] {logging_mixin.py:188} INFO - [2024-06-20T07:58:52.013+0000] {dag.py:3954} INFO - Setting next_dagrun for example_subdag_operator.section-1 to None, run_after=None
[2024-06-20T07:58:52.017+0000] {logging_mixin.py:188} INFO - [2024-06-20T07:58:52.016+0000] {dag.py:3954} INFO - Setting next_dagrun for example_subdag_operator.section-2 to None, run_after=None
[2024-06-20T07:58:52.035+0000] {logging_mixin.py:188} INFO - [2024-06-20T07:58:52.035+0000] {dag.py:3096} INFO - Sync 2 DAGs
[2024-06-20T07:58:52.042+0000] {logging_mixin.py:188} INFO - [2024-06-20T07:58:52.041+0000] {dag.py:3954} INFO - Setting next_dagrun for example_subdag_operator.section-1 to None, run_after=None
[2024-06-20T07:58:52.043+0000] {logging_mixin.py:188} INFO - [2024-06-20T07:58:52.042+0000] {dag.py:3954} INFO - Setting next_dagrun for example_subdag_operator.section-2 to None, run_after=None
[2024-06-20T07:58:52.080+0000] {processor.py:183} INFO - Processing /home/airflow/.local/lib/python3.12/site-packages/airflow/example_dags/example_subdag_operator.py took 0.205 seconds
[2024-06-20T07:59:28.941+0000] {processor.py:161} INFO - Started process (PID=213) to work on /home/airflow/.local/lib/python3.12/site-packages/airflow/example_dags/example_subdag_operator.py
[2024-06-20T07:59:28.943+0000] {processor.py:830} INFO - Processing file /home/airflow/.local/lib/python3.12/site-packages/airflow/example_dags/example_subdag_operator.py for tasks to queue
[2024-06-20T07:59:28.948+0000] {logging_mixin.py:188} INFO - [2024-06-20T07:59:28.946+0000] {dagbag.py:545} INFO - Filling up the DagBag from /home/airflow/.local/lib/python3.12/site-packages/airflow/example_dags/example_subdag_operator.py
[2024-06-20T07:59:28.980+0000] {processor.py:840} INFO - DAG(s) 'example_subdag_operator.section-1', 'example_subdag_operator.section-2', 'example_subdag_operator' retrieved from /home/airflow/.local/lib/python3.12/site-packages/airflow/example_dags/example_subdag_operator.py
[2024-06-20T07:59:29.006+0000] {logging_mixin.py:188} INFO - [2024-06-20T07:59:29.006+0000] {dag.py:3096} INFO - Sync 3 DAGs
[2024-06-20T07:59:29.046+0000] {logging_mixin.py:188} INFO - [2024-06-20T07:59:29.045+0000] {dag.py:3954} INFO - Setting next_dagrun for example_subdag_operator to 2022-01-01 00:00:00+00:00, run_after=2022-01-01 00:00:00+00:00
[2024-06-20T07:59:29.053+0000] {logging_mixin.py:188} INFO - [2024-06-20T07:59:29.053+0000] {dag.py:3954} INFO - Setting next_dagrun for example_subdag_operator.section-1 to None, run_after=None
[2024-06-20T07:59:29.055+0000] {logging_mixin.py:188} INFO - [2024-06-20T07:59:29.055+0000] {dag.py:3954} INFO - Setting next_dagrun for example_subdag_operator.section-2 to None, run_after=None
[2024-06-20T07:59:29.069+0000] {logging_mixin.py:188} INFO - [2024-06-20T07:59:29.068+0000] {dag.py:3096} INFO - Sync 2 DAGs
[2024-06-20T07:59:29.076+0000] {logging_mixin.py:188} INFO - [2024-06-20T07:59:29.076+0000] {dag.py:3954} INFO - Setting next_dagrun for example_subdag_operator.section-1 to None, run_after=None
[2024-06-20T07:59:29.077+0000] {logging_mixin.py:188} INFO - [2024-06-20T07:59:29.077+0000] {dag.py:3954} INFO - Setting next_dagrun for example_subdag_operator.section-2 to None, run_after=None
[2024-06-20T07:59:29.093+0000] {processor.py:183} INFO - Processing /home/airflow/.local/lib/python3.12/site-packages/airflow/example_dags/example_subdag_operator.py took 0.162 seconds
[2024-06-20T08:00:00.733+0000] {processor.py:161} INFO - Started process (PID=266) to work on /home/airflow/.local/lib/python3.12/site-packages/airflow/example_dags/example_subdag_operator.py
[2024-06-20T08:00:00.734+0000] {processor.py:830} INFO - Processing file /home/airflow/.local/lib/python3.12/site-packages/airflow/example_dags/example_subdag_operator.py for tasks to queue
[2024-06-20T08:00:00.737+0000] {logging_mixin.py:188} INFO - [2024-06-20T08:00:00.736+0000] {dagbag.py:545} INFO - Filling up the DagBag from /home/airflow/.local/lib/python3.12/site-packages/airflow/example_dags/example_subdag_operator.py
[2024-06-20T08:00:00.766+0000] {processor.py:840} INFO - DAG(s) 'example_subdag_operator.section-1', 'example_subdag_operator.section-2', 'example_subdag_operator' retrieved from /home/airflow/.local/lib/python3.12/site-packages/airflow/example_dags/example_subdag_operator.py
[2024-06-20T08:00:00.804+0000] {logging_mixin.py:188} INFO - [2024-06-20T08:00:00.803+0000] {dag.py:3096} INFO - Sync 3 DAGs
[2024-06-20T08:00:00.863+0000] {logging_mixin.py:188} INFO - [2024-06-20T08:00:00.862+0000] {dag.py:3954} INFO - Setting next_dagrun for example_subdag_operator to 2022-01-01 00:00:00+00:00, run_after=2022-01-01 00:00:00+00:00
[2024-06-20T08:00:00.872+0000] {logging_mixin.py:188} INFO - [2024-06-20T08:00:00.872+0000] {dag.py:3954} INFO - Setting next_dagrun for example_subdag_operator.section-1 to None, run_after=None
[2024-06-20T08:00:00.876+0000] {logging_mixin.py:188} INFO - [2024-06-20T08:00:00.876+0000] {dag.py:3954} INFO - Setting next_dagrun for example_subdag_operator.section-2 to None, run_after=None
[2024-06-20T08:00:00.893+0000] {logging_mixin.py:188} INFO - [2024-06-20T08:00:00.893+0000] {dag.py:3096} INFO - Sync 2 DAGs
[2024-06-20T08:00:00.906+0000] {logging_mixin.py:188} INFO - [2024-06-20T08:00:00.905+0000] {dag.py:3954} INFO - Setting next_dagrun for example_subdag_operator.section-1 to None, run_after=None
[2024-06-20T08:00:00.907+0000] {logging_mixin.py:188} INFO - [2024-06-20T08:00:00.907+0000] {dag.py:3954} INFO - Setting next_dagrun for example_subdag_operator.section-2 to None, run_after=None
[2024-06-20T08:00:02.714+0000] {processor.py:183} INFO - Processing /home/airflow/.local/lib/python3.12/site-packages/airflow/example_dags/example_subdag_operator.py took 1.990 seconds
