[2024-06-20T07:57:37.077+0000] {processor.py:161} INFO - Started process (PID=38) to work on /home/airflow/.local/lib/python3.12/site-packages/airflow/example_dags/example_params_trigger_ui.py
[2024-06-20T07:57:37.078+0000] {processor.py:830} INFO - Processing file /home/airflow/.local/lib/python3.12/site-packages/airflow/example_dags/example_params_trigger_ui.py for tasks to queue
[2024-06-20T07:57:37.082+0000] {logging_mixin.py:188} INFO - [2024-06-20T07:57:37.081+0000] {dagbag.py:545} INFO - Filling up the DagBag from /home/airflow/.local/lib/python3.12/site-packages/airflow/example_dags/example_params_trigger_ui.py
[2024-06-20T07:57:37.124+0000] {processor.py:840} INFO - DAG(s) 'example_params_trigger_ui' retrieved from /home/airflow/.local/lib/python3.12/site-packages/airflow/example_dags/example_params_trigger_ui.py
[2024-06-20T07:57:37.564+0000] {logging_mixin.py:188} INFO - [2024-06-20T07:57:37.564+0000] {dag.py:3096} INFO - Sync 1 DAGs
[2024-06-20T07:57:37.603+0000] {logging_mixin.py:188} INFO - [2024-06-20T07:57:37.603+0000] {dag.py:3954} INFO - Setting next_dagrun for example_params_trigger_ui to None, run_after=None
[2024-06-20T07:57:37.656+0000] {processor.py:183} INFO - Processing /home/airflow/.local/lib/python3.12/site-packages/airflow/example_dags/example_params_trigger_ui.py took 0.587 seconds
[2024-06-20T07:58:08.786+0000] {processor.py:161} INFO - Started process (PID=96) to work on /home/airflow/.local/lib/python3.12/site-packages/airflow/example_dags/example_params_trigger_ui.py
[2024-06-20T07:58:08.790+0000] {processor.py:830} INFO - Processing file /home/airflow/.local/lib/python3.12/site-packages/airflow/example_dags/example_params_trigger_ui.py for tasks to queue
[2024-06-20T07:58:08.796+0000] {logging_mixin.py:188} INFO - [2024-06-20T07:58:08.795+0000] {dagbag.py:545} INFO - Filling up the DagBag from /home/airflow/.local/lib/python3.12/site-packages/airflow/example_dags/example_params_trigger_ui.py
[2024-06-20T07:58:08.843+0000] {processor.py:840} INFO - DAG(s) 'example_params_trigger_ui' retrieved from /home/airflow/.local/lib/python3.12/site-packages/airflow/example_dags/example_params_trigger_ui.py
[2024-06-20T07:58:08.938+0000] {logging_mixin.py:188} INFO - [2024-06-20T07:58:08.937+0000] {dag.py:3096} INFO - Sync 1 DAGs
[2024-06-20T07:58:08.975+0000] {logging_mixin.py:188} INFO - [2024-06-20T07:58:08.974+0000] {dag.py:3954} INFO - Setting next_dagrun for example_params_trigger_ui to None, run_after=None
[2024-06-20T07:58:09.028+0000] {processor.py:183} INFO - Processing /home/airflow/.local/lib/python3.12/site-packages/airflow/example_dags/example_params_trigger_ui.py took 0.259 seconds
[2024-06-20T07:58:52.154+0000] {processor.py:161} INFO - Started process (PID=152) to work on /home/airflow/.local/lib/python3.12/site-packages/airflow/example_dags/example_params_trigger_ui.py
[2024-06-20T07:58:52.156+0000] {processor.py:830} INFO - Processing file /home/airflow/.local/lib/python3.12/site-packages/airflow/example_dags/example_params_trigger_ui.py for tasks to queue
[2024-06-20T07:58:52.160+0000] {logging_mixin.py:188} INFO - [2024-06-20T07:58:52.160+0000] {dagbag.py:545} INFO - Filling up the DagBag from /home/airflow/.local/lib/python3.12/site-packages/airflow/example_dags/example_params_trigger_ui.py
[2024-06-20T07:58:52.202+0000] {processor.py:840} INFO - DAG(s) 'example_params_trigger_ui' retrieved from /home/airflow/.local/lib/python3.12/site-packages/airflow/example_dags/example_params_trigger_ui.py
[2024-06-20T07:58:52.841+0000] {logging_mixin.py:188} INFO - [2024-06-20T07:58:52.839+0000] {dag.py:3096} INFO - Sync 1 DAGs
[2024-06-20T07:58:53.105+0000] {logging_mixin.py:188} INFO - [2024-06-20T07:58:53.104+0000] {dag.py:3954} INFO - Setting next_dagrun for example_params_trigger_ui to None, run_after=None
[2024-06-20T07:58:57.520+0000] {processor.py:183} INFO - Processing /home/airflow/.local/lib/python3.12/site-packages/airflow/example_dags/example_params_trigger_ui.py took 5.378 seconds
[2024-06-20T07:59:29.144+0000] {processor.py:161} INFO - Started process (PID=215) to work on /home/airflow/.local/lib/python3.12/site-packages/airflow/example_dags/example_params_trigger_ui.py
[2024-06-20T07:59:29.146+0000] {processor.py:830} INFO - Processing file /home/airflow/.local/lib/python3.12/site-packages/airflow/example_dags/example_params_trigger_ui.py for tasks to queue
[2024-06-20T07:59:29.151+0000] {logging_mixin.py:188} INFO - [2024-06-20T07:59:29.150+0000] {dagbag.py:545} INFO - Filling up the DagBag from /home/airflow/.local/lib/python3.12/site-packages/airflow/example_dags/example_params_trigger_ui.py
[2024-06-20T07:59:29.174+0000] {processor.py:840} INFO - DAG(s) 'example_params_trigger_ui' retrieved from /home/airflow/.local/lib/python3.12/site-packages/airflow/example_dags/example_params_trigger_ui.py
[2024-06-20T07:59:29.248+0000] {logging_mixin.py:188} INFO - [2024-06-20T07:59:29.248+0000] {dag.py:3096} INFO - Sync 1 DAGs
[2024-06-20T07:59:29.265+0000] {logging_mixin.py:188} INFO - [2024-06-20T07:59:29.265+0000] {dag.py:3954} INFO - Setting next_dagrun for example_params_trigger_ui to None, run_after=None
[2024-06-20T07:59:29.298+0000] {processor.py:183} INFO - Processing /home/airflow/.local/lib/python3.12/site-packages/airflow/example_dags/example_params_trigger_ui.py took 0.162 seconds
[2024-06-20T08:00:08.675+0000] {processor.py:161} INFO - Started process (PID=273) to work on /home/airflow/.local/lib/python3.12/site-packages/airflow/example_dags/example_params_trigger_ui.py
[2024-06-20T08:00:08.677+0000] {processor.py:830} INFO - Processing file /home/airflow/.local/lib/python3.12/site-packages/airflow/example_dags/example_params_trigger_ui.py for tasks to queue
[2024-06-20T08:00:08.682+0000] {logging_mixin.py:188} INFO - [2024-06-20T08:00:08.682+0000] {dagbag.py:545} INFO - Filling up the DagBag from /home/airflow/.local/lib/python3.12/site-packages/airflow/example_dags/example_params_trigger_ui.py
[2024-06-20T08:00:08.708+0000] {processor.py:840} INFO - DAG(s) 'example_params_trigger_ui' retrieved from /home/airflow/.local/lib/python3.12/site-packages/airflow/example_dags/example_params_trigger_ui.py
[2024-06-20T08:00:08.768+0000] {logging_mixin.py:188} INFO - [2024-06-20T08:00:08.768+0000] {dag.py:3096} INFO - Sync 1 DAGs
[2024-06-20T08:00:08.786+0000] {logging_mixin.py:188} INFO - [2024-06-20T08:00:08.785+0000] {dag.py:3954} INFO - Setting next_dagrun for example_params_trigger_ui to None, run_after=None
[2024-06-20T08:00:08.880+0000] {processor.py:183} INFO - Processing /home/airflow/.local/lib/python3.12/site-packages/airflow/example_dags/example_params_trigger_ui.py took 0.221 seconds
