[2024-06-20T07:57:41.166+0000] {processor.py:161} INFO - Started process (PID=46) to work on /home/airflow/.local/lib/python3.12/site-packages/airflow/example_dags/example_short_circuit_operator.py
[2024-06-20T07:57:41.180+0000] {processor.py:830} INFO - Processing file /home/airflow/.local/lib/python3.12/site-packages/airflow/example_dags/example_short_circuit_operator.py for tasks to queue
[2024-06-20T07:57:41.202+0000] {logging_mixin.py:188} INFO - [2024-06-20T07:57:41.199+0000] {dagbag.py:545} INFO - Filling up the DagBag from /home/airflow/.local/lib/python3.12/site-packages/airflow/example_dags/example_short_circuit_operator.py
[2024-06-20T07:57:41.281+0000] {processor.py:840} INFO - DAG(s) 'example_short_circuit_operator' retrieved from /home/airflow/.local/lib/python3.12/site-packages/airflow/example_dags/example_short_circuit_operator.py
[2024-06-20T07:57:41.600+0000] {logging_mixin.py:188} INFO - [2024-06-20T07:57:41.599+0000] {dag.py:3096} INFO - Sync 1 DAGs
[2024-06-20T07:57:41.661+0000] {logging_mixin.py:188} INFO - [2024-06-20T07:57:41.660+0000] {dag.py:3954} INFO - Setting next_dagrun for example_short_circuit_operator to 2024-06-19 00:00:00+00:00, run_after=2024-06-20 00:00:00+00:00
[2024-06-20T07:57:41.704+0000] {processor.py:183} INFO - Processing /home/airflow/.local/lib/python3.12/site-packages/airflow/example_dags/example_short_circuit_operator.py took 0.724 seconds
[2024-06-20T07:58:12.954+0000] {processor.py:161} INFO - Started process (PID=104) to work on /home/airflow/.local/lib/python3.12/site-packages/airflow/example_dags/example_short_circuit_operator.py
[2024-06-20T07:58:13.027+0000] {processor.py:830} INFO - Processing file /home/airflow/.local/lib/python3.12/site-packages/airflow/example_dags/example_short_circuit_operator.py for tasks to queue
[2024-06-20T07:58:13.031+0000] {logging_mixin.py:188} INFO - [2024-06-20T07:58:13.030+0000] {dagbag.py:545} INFO - Filling up the DagBag from /home/airflow/.local/lib/python3.12/site-packages/airflow/example_dags/example_short_circuit_operator.py
[2024-06-20T07:58:13.083+0000] {processor.py:840} INFO - DAG(s) 'example_short_circuit_operator' retrieved from /home/airflow/.local/lib/python3.12/site-packages/airflow/example_dags/example_short_circuit_operator.py
[2024-06-20T07:58:13.233+0000] {logging_mixin.py:188} INFO - [2024-06-20T07:58:13.233+0000] {dag.py:3096} INFO - Sync 1 DAGs
[2024-06-20T07:58:13.277+0000] {logging_mixin.py:188} INFO - [2024-06-20T07:58:13.276+0000] {dag.py:3954} INFO - Setting next_dagrun for example_short_circuit_operator to 2024-06-19 00:00:00+00:00, run_after=2024-06-20 00:00:00+00:00
[2024-06-20T07:58:13.479+0000] {processor.py:183} INFO - Processing /home/airflow/.local/lib/python3.12/site-packages/airflow/example_dags/example_short_circuit_operator.py took 0.542 seconds
[2024-06-20T07:58:58.766+0000] {processor.py:161} INFO - Started process (PID=167) to work on /home/airflow/.local/lib/python3.12/site-packages/airflow/example_dags/example_short_circuit_operator.py
[2024-06-20T07:58:58.769+0000] {processor.py:830} INFO - Processing file /home/airflow/.local/lib/python3.12/site-packages/airflow/example_dags/example_short_circuit_operator.py for tasks to queue
[2024-06-20T07:58:58.774+0000] {logging_mixin.py:188} INFO - [2024-06-20T07:58:58.773+0000] {dagbag.py:545} INFO - Filling up the DagBag from /home/airflow/.local/lib/python3.12/site-packages/airflow/example_dags/example_short_circuit_operator.py
[2024-06-20T07:58:58.785+0000] {processor.py:840} INFO - DAG(s) 'example_short_circuit_operator' retrieved from /home/airflow/.local/lib/python3.12/site-packages/airflow/example_dags/example_short_circuit_operator.py
[2024-06-20T07:58:58.836+0000] {logging_mixin.py:188} INFO - [2024-06-20T07:58:58.835+0000] {dag.py:3096} INFO - Sync 1 DAGs
[2024-06-20T07:58:58.888+0000] {logging_mixin.py:188} INFO - [2024-06-20T07:58:58.887+0000] {dag.py:3954} INFO - Setting next_dagrun for example_short_circuit_operator to 2024-06-19 00:00:00+00:00, run_after=2024-06-20 00:00:00+00:00
[2024-06-20T07:58:58.920+0000] {processor.py:183} INFO - Processing /home/airflow/.local/lib/python3.12/site-packages/airflow/example_dags/example_short_circuit_operator.py took 0.166 seconds
[2024-06-20T07:59:30.135+0000] {processor.py:161} INFO - Started process (PID=225) to work on /home/airflow/.local/lib/python3.12/site-packages/airflow/example_dags/example_short_circuit_operator.py
[2024-06-20T07:59:30.137+0000] {processor.py:830} INFO - Processing file /home/airflow/.local/lib/python3.12/site-packages/airflow/example_dags/example_short_circuit_operator.py for tasks to queue
[2024-06-20T07:59:30.139+0000] {logging_mixin.py:188} INFO - [2024-06-20T07:59:30.139+0000] {dagbag.py:545} INFO - Filling up the DagBag from /home/airflow/.local/lib/python3.12/site-packages/airflow/example_dags/example_short_circuit_operator.py
[2024-06-20T07:59:30.154+0000] {processor.py:840} INFO - DAG(s) 'example_short_circuit_operator' retrieved from /home/airflow/.local/lib/python3.12/site-packages/airflow/example_dags/example_short_circuit_operator.py
[2024-06-20T07:59:30.188+0000] {logging_mixin.py:188} INFO - [2024-06-20T07:59:30.187+0000] {dag.py:3096} INFO - Sync 1 DAGs
[2024-06-20T07:59:30.226+0000] {logging_mixin.py:188} INFO - [2024-06-20T07:59:30.226+0000] {dag.py:3954} INFO - Setting next_dagrun for example_short_circuit_operator to 2024-06-19 00:00:00+00:00, run_after=2024-06-20 00:00:00+00:00
[2024-06-20T07:59:30.275+0000] {processor.py:183} INFO - Processing /home/airflow/.local/lib/python3.12/site-packages/airflow/example_dags/example_short_circuit_operator.py took 0.148 seconds
[2024-06-20T08:00:09.539+0000] {processor.py:161} INFO - Started process (PID=281) to work on /home/airflow/.local/lib/python3.12/site-packages/airflow/example_dags/example_short_circuit_operator.py
[2024-06-20T08:00:09.541+0000] {processor.py:830} INFO - Processing file /home/airflow/.local/lib/python3.12/site-packages/airflow/example_dags/example_short_circuit_operator.py for tasks to queue
[2024-06-20T08:00:09.544+0000] {logging_mixin.py:188} INFO - [2024-06-20T08:00:09.544+0000] {dagbag.py:545} INFO - Filling up the DagBag from /home/airflow/.local/lib/python3.12/site-packages/airflow/example_dags/example_short_circuit_operator.py
[2024-06-20T08:00:09.562+0000] {processor.py:840} INFO - DAG(s) 'example_short_circuit_operator' retrieved from /home/airflow/.local/lib/python3.12/site-packages/airflow/example_dags/example_short_circuit_operator.py
[2024-06-20T08:00:09.620+0000] {logging_mixin.py:188} INFO - [2024-06-20T08:00:09.619+0000] {dag.py:3096} INFO - Sync 1 DAGs
[2024-06-20T08:00:09.666+0000] {logging_mixin.py:188} INFO - [2024-06-20T08:00:09.666+0000] {dag.py:3954} INFO - Setting next_dagrun for example_short_circuit_operator to 2024-06-19 00:00:00+00:00, run_after=2024-06-20 00:00:00+00:00
[2024-06-20T08:00:09.704+0000] {processor.py:183} INFO - Processing /home/airflow/.local/lib/python3.12/site-packages/airflow/example_dags/example_short_circuit_operator.py took 0.173 seconds
