[2024-06-20T07:57:49.224+0000] {processor.py:161} INFO - Started process (PID=70) to work on /home/airflow/.local/lib/python3.12/site-packages/airflow/example_dags/example_external_task_marker_dag.py
[2024-06-20T07:57:49.226+0000] {processor.py:830} INFO - Processing file /home/airflow/.local/lib/python3.12/site-packages/airflow/example_dags/example_external_task_marker_dag.py for tasks to queue
[2024-06-20T07:57:49.229+0000] {logging_mixin.py:188} INFO - [2024-06-20T07:57:49.229+0000] {dagbag.py:545} INFO - Filling up the DagBag from /home/airflow/.local/lib/python3.12/site-packages/airflow/example_dags/example_external_task_marker_dag.py
[2024-06-20T07:57:49.254+0000] {processor.py:840} INFO - DAG(s) 'example_external_task_marker_parent', 'example_external_task_marker_child' retrieved from /home/airflow/.local/lib/python3.12/site-packages/airflow/example_dags/example_external_task_marker_dag.py
[2024-06-20T07:57:50.003+0000] {logging_mixin.py:188} INFO - [2024-06-20T07:57:50.003+0000] {dag.py:3096} INFO - Sync 2 DAGs
[2024-06-20T07:57:50.072+0000] {logging_mixin.py:188} INFO - [2024-06-20T07:57:50.071+0000] {dag.py:3954} INFO - Setting next_dagrun for example_external_task_marker_child to None, run_after=None
[2024-06-20T07:57:50.088+0000] {logging_mixin.py:188} INFO - [2024-06-20T07:57:50.087+0000] {dag.py:3954} INFO - Setting next_dagrun for example_external_task_marker_parent to None, run_after=None
[2024-06-20T07:57:50.155+0000] {processor.py:183} INFO - Processing /home/airflow/.local/lib/python3.12/site-packages/airflow/example_dags/example_external_task_marker_dag.py took 0.939 seconds
[2024-06-20T07:58:23.165+0000] {processor.py:161} INFO - Started process (PID=128) to work on /home/airflow/.local/lib/python3.12/site-packages/airflow/example_dags/example_external_task_marker_dag.py
[2024-06-20T07:58:23.173+0000] {processor.py:830} INFO - Processing file /home/airflow/.local/lib/python3.12/site-packages/airflow/example_dags/example_external_task_marker_dag.py for tasks to queue
[2024-06-20T07:58:23.180+0000] {logging_mixin.py:188} INFO - [2024-06-20T07:58:23.179+0000] {dagbag.py:545} INFO - Filling up the DagBag from /home/airflow/.local/lib/python3.12/site-packages/airflow/example_dags/example_external_task_marker_dag.py
[2024-06-20T07:58:23.198+0000] {processor.py:840} INFO - DAG(s) 'example_external_task_marker_child', 'example_external_task_marker_parent' retrieved from /home/airflow/.local/lib/python3.12/site-packages/airflow/example_dags/example_external_task_marker_dag.py
[2024-06-20T07:58:25.863+0000] {logging_mixin.py:188} INFO - [2024-06-20T07:58:25.862+0000] {dag.py:3096} INFO - Sync 2 DAGs
[2024-06-20T07:58:25.995+0000] {logging_mixin.py:188} INFO - [2024-06-20T07:58:25.994+0000] {dag.py:3954} INFO - Setting next_dagrun for example_external_task_marker_child to None, run_after=None
[2024-06-20T07:58:26.145+0000] {logging_mixin.py:188} INFO - [2024-06-20T07:58:26.144+0000] {dag.py:3954} INFO - Setting next_dagrun for example_external_task_marker_parent to None, run_after=None
[2024-06-20T07:58:26.247+0000] {processor.py:183} INFO - Processing /home/airflow/.local/lib/python3.12/site-packages/airflow/example_dags/example_external_task_marker_dag.py took 3.123 seconds
[2024-06-20T07:59:04.597+0000] {processor.py:161} INFO - Started process (PID=186) to work on /home/airflow/.local/lib/python3.12/site-packages/airflow/example_dags/example_external_task_marker_dag.py
[2024-06-20T07:59:04.599+0000] {processor.py:830} INFO - Processing file /home/airflow/.local/lib/python3.12/site-packages/airflow/example_dags/example_external_task_marker_dag.py for tasks to queue
[2024-06-20T07:59:04.602+0000] {logging_mixin.py:188} INFO - [2024-06-20T07:59:04.602+0000] {dagbag.py:545} INFO - Filling up the DagBag from /home/airflow/.local/lib/python3.12/site-packages/airflow/example_dags/example_external_task_marker_dag.py
[2024-06-20T07:59:04.619+0000] {processor.py:840} INFO - DAG(s) 'example_external_task_marker_parent', 'example_external_task_marker_child' retrieved from /home/airflow/.local/lib/python3.12/site-packages/airflow/example_dags/example_external_task_marker_dag.py
[2024-06-20T07:59:04.675+0000] {logging_mixin.py:188} INFO - [2024-06-20T07:59:04.674+0000] {dag.py:3096} INFO - Sync 2 DAGs
[2024-06-20T07:59:04.708+0000] {logging_mixin.py:188} INFO - [2024-06-20T07:59:04.707+0000] {dag.py:3954} INFO - Setting next_dagrun for example_external_task_marker_child to None, run_after=None
[2024-06-20T07:59:04.714+0000] {logging_mixin.py:188} INFO - [2024-06-20T07:59:04.713+0000] {dag.py:3954} INFO - Setting next_dagrun for example_external_task_marker_parent to None, run_after=None
[2024-06-20T07:59:04.769+0000] {processor.py:183} INFO - Processing /home/airflow/.local/lib/python3.12/site-packages/airflow/example_dags/example_external_task_marker_dag.py took 0.179 seconds
[2024-06-20T07:59:42.989+0000] {processor.py:161} INFO - Started process (PID=243) to work on /home/airflow/.local/lib/python3.12/site-packages/airflow/example_dags/example_external_task_marker_dag.py
[2024-06-20T07:59:42.990+0000] {processor.py:830} INFO - Processing file /home/airflow/.local/lib/python3.12/site-packages/airflow/example_dags/example_external_task_marker_dag.py for tasks to queue
[2024-06-20T07:59:42.997+0000] {logging_mixin.py:188} INFO - [2024-06-20T07:59:42.994+0000] {dagbag.py:545} INFO - Filling up the DagBag from /home/airflow/.local/lib/python3.12/site-packages/airflow/example_dags/example_external_task_marker_dag.py
[2024-06-20T07:59:43.009+0000] {processor.py:840} INFO - DAG(s) 'example_external_task_marker_child', 'example_external_task_marker_parent' retrieved from /home/airflow/.local/lib/python3.12/site-packages/airflow/example_dags/example_external_task_marker_dag.py
[2024-06-20T07:59:43.044+0000] {logging_mixin.py:188} INFO - [2024-06-20T07:59:43.044+0000] {dag.py:3096} INFO - Sync 2 DAGs
[2024-06-20T07:59:43.069+0000] {logging_mixin.py:188} INFO - [2024-06-20T07:59:43.069+0000] {dag.py:3954} INFO - Setting next_dagrun for example_external_task_marker_child to None, run_after=None
[2024-06-20T07:59:43.077+0000] {logging_mixin.py:188} INFO - [2024-06-20T07:59:43.077+0000] {dag.py:3954} INFO - Setting next_dagrun for example_external_task_marker_parent to None, run_after=None
[2024-06-20T07:59:43.106+0000] {processor.py:183} INFO - Processing /home/airflow/.local/lib/python3.12/site-packages/airflow/example_dags/example_external_task_marker_dag.py took 0.126 seconds
[2024-06-20T08:00:13.406+0000] {processor.py:161} INFO - Started process (PID=301) to work on /home/airflow/.local/lib/python3.12/site-packages/airflow/example_dags/example_external_task_marker_dag.py
[2024-06-20T08:00:13.407+0000] {processor.py:830} INFO - Processing file /home/airflow/.local/lib/python3.12/site-packages/airflow/example_dags/example_external_task_marker_dag.py for tasks to queue
[2024-06-20T08:00:13.410+0000] {logging_mixin.py:188} INFO - [2024-06-20T08:00:13.410+0000] {dagbag.py:545} INFO - Filling up the DagBag from /home/airflow/.local/lib/python3.12/site-packages/airflow/example_dags/example_external_task_marker_dag.py
[2024-06-20T08:00:13.422+0000] {processor.py:840} INFO - DAG(s) 'example_external_task_marker_child', 'example_external_task_marker_parent' retrieved from /home/airflow/.local/lib/python3.12/site-packages/airflow/example_dags/example_external_task_marker_dag.py
[2024-06-20T08:00:13.455+0000] {logging_mixin.py:188} INFO - [2024-06-20T08:00:13.454+0000] {dag.py:3096} INFO - Sync 2 DAGs
[2024-06-20T08:00:13.473+0000] {logging_mixin.py:188} INFO - [2024-06-20T08:00:13.472+0000] {dag.py:3954} INFO - Setting next_dagrun for example_external_task_marker_child to None, run_after=None
[2024-06-20T08:00:13.478+0000] {logging_mixin.py:188} INFO - [2024-06-20T08:00:13.478+0000] {dag.py:3954} INFO - Setting next_dagrun for example_external_task_marker_parent to None, run_after=None
[2024-06-20T08:00:13.502+0000] {processor.py:183} INFO - Processing /home/airflow/.local/lib/python3.12/site-packages/airflow/example_dags/example_external_task_marker_dag.py took 0.103 seconds
