[2024-06-20T07:57:50.225+0000] {processor.py:161} INFO - Started process (PID=72) to work on /home/airflow/.local/lib/python3.12/site-packages/airflow/example_dags/example_task_group.py
[2024-06-20T07:57:50.226+0000] {processor.py:830} INFO - Processing file /home/airflow/.local/lib/python3.12/site-packages/airflow/example_dags/example_task_group.py for tasks to queue
[2024-06-20T07:57:50.239+0000] {logging_mixin.py:188} INFO - [2024-06-20T07:57:50.238+0000] {dagbag.py:545} INFO - Filling up the DagBag from /home/airflow/.local/lib/python3.12/site-packages/airflow/example_dags/example_task_group.py
[2024-06-20T07:57:50.326+0000] {processor.py:840} INFO - DAG(s) 'example_task_group' retrieved from /home/airflow/.local/lib/python3.12/site-packages/airflow/example_dags/example_task_group.py
[2024-06-20T07:57:50.768+0000] {logging_mixin.py:188} INFO - [2024-06-20T07:57:50.768+0000] {dag.py:3096} INFO - Sync 1 DAGs
[2024-06-20T07:57:50.837+0000] {logging_mixin.py:188} INFO - [2024-06-20T07:57:50.837+0000] {dag.py:3954} INFO - Setting next_dagrun for example_task_group to 2024-06-19 00:00:00+00:00, run_after=2024-06-20 00:00:00+00:00
[2024-06-20T07:57:50.895+0000] {processor.py:183} INFO - Processing /home/airflow/.local/lib/python3.12/site-packages/airflow/example_dags/example_task_group.py took 0.694 seconds
[2024-06-20T07:58:24.468+0000] {processor.py:161} INFO - Started process (PID=130) to work on /home/airflow/.local/lib/python3.12/site-packages/airflow/example_dags/example_task_group.py
[2024-06-20T07:58:24.470+0000] {processor.py:830} INFO - Processing file /home/airflow/.local/lib/python3.12/site-packages/airflow/example_dags/example_task_group.py for tasks to queue
[2024-06-20T07:58:24.473+0000] {logging_mixin.py:188} INFO - [2024-06-20T07:58:24.472+0000] {dagbag.py:545} INFO - Filling up the DagBag from /home/airflow/.local/lib/python3.12/site-packages/airflow/example_dags/example_task_group.py
[2024-06-20T07:58:24.484+0000] {processor.py:840} INFO - DAG(s) 'example_task_group' retrieved from /home/airflow/.local/lib/python3.12/site-packages/airflow/example_dags/example_task_group.py
[2024-06-20T07:58:25.818+0000] {logging_mixin.py:188} INFO - [2024-06-20T07:58:25.816+0000] {dag.py:3096} INFO - Sync 1 DAGs
[2024-06-20T07:58:25.981+0000] {logging_mixin.py:188} INFO - [2024-06-20T07:58:25.980+0000] {dag.py:3954} INFO - Setting next_dagrun for example_task_group to 2024-06-19 00:00:00+00:00, run_after=2024-06-20 00:00:00+00:00
[2024-06-20T07:58:26.233+0000] {processor.py:183} INFO - Processing /home/airflow/.local/lib/python3.12/site-packages/airflow/example_dags/example_task_group.py took 1.773 seconds
[2024-06-20T07:59:05.098+0000] {processor.py:161} INFO - Started process (PID=189) to work on /home/airflow/.local/lib/python3.12/site-packages/airflow/example_dags/example_task_group.py
[2024-06-20T07:59:05.100+0000] {processor.py:830} INFO - Processing file /home/airflow/.local/lib/python3.12/site-packages/airflow/example_dags/example_task_group.py for tasks to queue
[2024-06-20T07:59:05.104+0000] {logging_mixin.py:188} INFO - [2024-06-20T07:59:05.103+0000] {dagbag.py:545} INFO - Filling up the DagBag from /home/airflow/.local/lib/python3.12/site-packages/airflow/example_dags/example_task_group.py
[2024-06-20T07:59:09.754+0000] {processor.py:840} INFO - DAG(s) 'example_task_group' retrieved from /home/airflow/.local/lib/python3.12/site-packages/airflow/example_dags/example_task_group.py
[2024-06-20T07:59:09.988+0000] {logging_mixin.py:188} INFO - [2024-06-20T07:59:09.988+0000] {dag.py:3096} INFO - Sync 1 DAGs
[2024-06-20T07:59:10.105+0000] {logging_mixin.py:188} INFO - [2024-06-20T07:59:10.104+0000] {dag.py:3954} INFO - Setting next_dagrun for example_task_group to 2024-06-19 00:00:00+00:00, run_after=2024-06-20 00:00:00+00:00
[2024-06-20T07:59:10.255+0000] {processor.py:183} INFO - Processing /home/airflow/.local/lib/python3.12/site-packages/airflow/example_dags/example_task_group.py took 5.167 seconds
[2024-06-20T07:59:43.148+0000] {processor.py:161} INFO - Started process (PID=245) to work on /home/airflow/.local/lib/python3.12/site-packages/airflow/example_dags/example_task_group.py
[2024-06-20T07:59:43.150+0000] {processor.py:830} INFO - Processing file /home/airflow/.local/lib/python3.12/site-packages/airflow/example_dags/example_task_group.py for tasks to queue
[2024-06-20T07:59:43.153+0000] {logging_mixin.py:188} INFO - [2024-06-20T07:59:43.152+0000] {dagbag.py:545} INFO - Filling up the DagBag from /home/airflow/.local/lib/python3.12/site-packages/airflow/example_dags/example_task_group.py
[2024-06-20T07:59:43.170+0000] {processor.py:840} INFO - DAG(s) 'example_task_group' retrieved from /home/airflow/.local/lib/python3.12/site-packages/airflow/example_dags/example_task_group.py
[2024-06-20T07:59:43.201+0000] {logging_mixin.py:188} INFO - [2024-06-20T07:59:43.201+0000] {dag.py:3096} INFO - Sync 1 DAGs
[2024-06-20T07:59:43.263+0000] {logging_mixin.py:188} INFO - [2024-06-20T07:59:43.262+0000] {dag.py:3954} INFO - Setting next_dagrun for example_task_group to 2024-06-19 00:00:00+00:00, run_after=2024-06-20 00:00:00+00:00
[2024-06-20T07:59:43.318+0000] {processor.py:183} INFO - Processing /home/airflow/.local/lib/python3.12/site-packages/airflow/example_dags/example_task_group.py took 0.179 seconds
[2024-06-20T08:00:13.543+0000] {processor.py:161} INFO - Started process (PID=303) to work on /home/airflow/.local/lib/python3.12/site-packages/airflow/example_dags/example_task_group.py
[2024-06-20T08:00:13.544+0000] {processor.py:830} INFO - Processing file /home/airflow/.local/lib/python3.12/site-packages/airflow/example_dags/example_task_group.py for tasks to queue
[2024-06-20T08:00:13.547+0000] {logging_mixin.py:188} INFO - [2024-06-20T08:00:13.547+0000] {dagbag.py:545} INFO - Filling up the DagBag from /home/airflow/.local/lib/python3.12/site-packages/airflow/example_dags/example_task_group.py
[2024-06-20T08:00:13.558+0000] {processor.py:840} INFO - DAG(s) 'example_task_group' retrieved from /home/airflow/.local/lib/python3.12/site-packages/airflow/example_dags/example_task_group.py
[2024-06-20T08:00:13.603+0000] {logging_mixin.py:188} INFO - [2024-06-20T08:00:13.602+0000] {dag.py:3096} INFO - Sync 1 DAGs
[2024-06-20T08:00:13.655+0000] {logging_mixin.py:188} INFO - [2024-06-20T08:00:13.655+0000] {dag.py:3954} INFO - Setting next_dagrun for example_task_group to 2024-06-19 00:00:00+00:00, run_after=2024-06-20 00:00:00+00:00
[2024-06-20T08:00:13.709+0000] {processor.py:183} INFO - Processing /home/airflow/.local/lib/python3.12/site-packages/airflow/example_dags/example_task_group.py took 0.174 seconds
