[2024-06-20T07:57:45.820+0000] {processor.py:161} INFO - Started process (PID=57) to work on /home/airflow/.local/lib/python3.12/site-packages/airflow/example_dags/example_latest_only.py
[2024-06-20T07:57:45.833+0000] {processor.py:830} INFO - Processing file /home/airflow/.local/lib/python3.12/site-packages/airflow/example_dags/example_latest_only.py for tasks to queue
[2024-06-20T07:57:45.855+0000] {logging_mixin.py:188} INFO - [2024-06-20T07:57:45.852+0000] {dagbag.py:545} INFO - Filling up the DagBag from /home/airflow/.local/lib/python3.12/site-packages/airflow/example_dags/example_latest_only.py
[2024-06-20T07:57:45.902+0000] {processor.py:840} INFO - DAG(s) 'latest_only' retrieved from /home/airflow/.local/lib/python3.12/site-packages/airflow/example_dags/example_latest_only.py
[2024-06-20T07:57:46.338+0000] {logging_mixin.py:188} INFO - [2024-06-20T07:57:46.337+0000] {dag.py:3096} INFO - Sync 1 DAGs
[2024-06-20T07:57:46.463+0000] {logging_mixin.py:188} INFO - [2024-06-20T07:57:46.463+0000] {dag.py:3954} INFO - Setting next_dagrun for latest_only to 2024-06-20 00:00:00+00:00, run_after=2024-06-20 04:00:00+00:00
[2024-06-20T07:57:46.542+0000] {processor.py:183} INFO - Processing /home/airflow/.local/lib/python3.12/site-packages/airflow/example_dags/example_latest_only.py took 0.814 seconds
[2024-06-20T07:58:16.633+0000] {processor.py:161} INFO - Started process (PID=115) to work on /home/airflow/.local/lib/python3.12/site-packages/airflow/example_dags/example_latest_only.py
[2024-06-20T07:58:16.634+0000] {processor.py:830} INFO - Processing file /home/airflow/.local/lib/python3.12/site-packages/airflow/example_dags/example_latest_only.py for tasks to queue
[2024-06-20T07:58:16.637+0000] {logging_mixin.py:188} INFO - [2024-06-20T07:58:16.636+0000] {dagbag.py:545} INFO - Filling up the DagBag from /home/airflow/.local/lib/python3.12/site-packages/airflow/example_dags/example_latest_only.py
[2024-06-20T07:58:16.644+0000] {processor.py:840} INFO - DAG(s) 'latest_only' retrieved from /home/airflow/.local/lib/python3.12/site-packages/airflow/example_dags/example_latest_only.py
[2024-06-20T07:58:16.669+0000] {logging_mixin.py:188} INFO - [2024-06-20T07:58:16.669+0000] {dag.py:3096} INFO - Sync 1 DAGs
[2024-06-20T07:58:16.752+0000] {logging_mixin.py:188} INFO - [2024-06-20T07:58:16.752+0000] {dag.py:3954} INFO - Setting next_dagrun for latest_only to 2024-06-20 00:00:00+00:00, run_after=2024-06-20 04:00:00+00:00
[2024-06-20T07:58:16.787+0000] {processor.py:183} INFO - Processing /home/airflow/.local/lib/python3.12/site-packages/airflow/example_dags/example_latest_only.py took 0.160 seconds
[2024-06-20T07:59:00.104+0000] {processor.py:161} INFO - Started process (PID=178) to work on /home/airflow/.local/lib/python3.12/site-packages/airflow/example_dags/example_latest_only.py
[2024-06-20T07:59:00.106+0000] {processor.py:830} INFO - Processing file /home/airflow/.local/lib/python3.12/site-packages/airflow/example_dags/example_latest_only.py for tasks to queue
[2024-06-20T07:59:00.108+0000] {logging_mixin.py:188} INFO - [2024-06-20T07:59:00.108+0000] {dagbag.py:545} INFO - Filling up the DagBag from /home/airflow/.local/lib/python3.12/site-packages/airflow/example_dags/example_latest_only.py
[2024-06-20T07:59:00.117+0000] {processor.py:840} INFO - DAG(s) 'latest_only' retrieved from /home/airflow/.local/lib/python3.12/site-packages/airflow/example_dags/example_latest_only.py
[2024-06-20T07:59:00.207+0000] {logging_mixin.py:188} INFO - [2024-06-20T07:59:00.207+0000] {dag.py:3096} INFO - Sync 1 DAGs
[2024-06-20T07:59:00.266+0000] {logging_mixin.py:188} INFO - [2024-06-20T07:59:00.265+0000] {dag.py:3954} INFO - Setting next_dagrun for latest_only to 2024-06-20 00:00:00+00:00, run_after=2024-06-20 04:00:00+00:00
[2024-06-20T07:59:00.313+0000] {processor.py:183} INFO - Processing /home/airflow/.local/lib/python3.12/site-packages/airflow/example_dags/example_latest_only.py took 0.217 seconds
[2024-06-20T07:59:32.679+0000] {processor.py:161} INFO - Started process (PID=236) to work on /home/airflow/.local/lib/python3.12/site-packages/airflow/example_dags/example_latest_only.py
[2024-06-20T07:59:32.684+0000] {processor.py:830} INFO - Processing file /home/airflow/.local/lib/python3.12/site-packages/airflow/example_dags/example_latest_only.py for tasks to queue
[2024-06-20T07:59:32.695+0000] {logging_mixin.py:188} INFO - [2024-06-20T07:59:32.691+0000] {dagbag.py:545} INFO - Filling up the DagBag from /home/airflow/.local/lib/python3.12/site-packages/airflow/example_dags/example_latest_only.py
[2024-06-20T07:59:32.716+0000] {processor.py:840} INFO - DAG(s) 'latest_only' retrieved from /home/airflow/.local/lib/python3.12/site-packages/airflow/example_dags/example_latest_only.py
[2024-06-20T07:59:32.772+0000] {logging_mixin.py:188} INFO - [2024-06-20T07:59:32.771+0000] {dag.py:3096} INFO - Sync 1 DAGs
[2024-06-20T07:59:32.841+0000] {logging_mixin.py:188} INFO - [2024-06-20T07:59:32.841+0000] {dag.py:3954} INFO - Setting next_dagrun for latest_only to 2024-06-20 00:00:00+00:00, run_after=2024-06-20 04:00:00+00:00
[2024-06-20T07:59:32.898+0000] {processor.py:183} INFO - Processing /home/airflow/.local/lib/python3.12/site-packages/airflow/example_dags/example_latest_only.py took 0.236 seconds
[2024-06-20T08:00:11.309+0000] {processor.py:161} INFO - Started process (PID=292) to work on /home/airflow/.local/lib/python3.12/site-packages/airflow/example_dags/example_latest_only.py
[2024-06-20T08:00:11.312+0000] {processor.py:830} INFO - Processing file /home/airflow/.local/lib/python3.12/site-packages/airflow/example_dags/example_latest_only.py for tasks to queue
[2024-06-20T08:00:11.318+0000] {logging_mixin.py:188} INFO - [2024-06-20T08:00:11.317+0000] {dagbag.py:545} INFO - Filling up the DagBag from /home/airflow/.local/lib/python3.12/site-packages/airflow/example_dags/example_latest_only.py
[2024-06-20T08:00:11.330+0000] {processor.py:840} INFO - DAG(s) 'latest_only' retrieved from /home/airflow/.local/lib/python3.12/site-packages/airflow/example_dags/example_latest_only.py
[2024-06-20T08:00:11.383+0000] {logging_mixin.py:188} INFO - [2024-06-20T08:00:11.382+0000] {dag.py:3096} INFO - Sync 1 DAGs
[2024-06-20T08:00:11.446+0000] {logging_mixin.py:188} INFO - [2024-06-20T08:00:11.445+0000] {dag.py:3954} INFO - Setting next_dagrun for latest_only to 2024-06-20 04:00:00+00:00, run_after=2024-06-20 08:00:00+00:00
[2024-06-20T08:00:11.503+0000] {processor.py:183} INFO - Processing /home/airflow/.local/lib/python3.12/site-packages/airflow/example_dags/example_latest_only.py took 0.212 seconds
