[2024-06-20T07:57:50.956+0000] {processor.py:161} INFO - Started process (PID=74) to work on /home/airflow/.local/lib/python3.12/site-packages/airflow/example_dags/example_skip_dag.py
[2024-06-20T07:57:50.964+0000] {processor.py:830} INFO - Processing file /home/airflow/.local/lib/python3.12/site-packages/airflow/example_dags/example_skip_dag.py for tasks to queue
[2024-06-20T07:57:50.984+0000] {logging_mixin.py:188} INFO - [2024-06-20T07:57:50.980+0000] {dagbag.py:545} INFO - Filling up the DagBag from /home/airflow/.local/lib/python3.12/site-packages/airflow/example_dags/example_skip_dag.py
[2024-06-20T07:57:50.997+0000] {processor.py:840} INFO - DAG(s) 'example_skip_dag' retrieved from /home/airflow/.local/lib/python3.12/site-packages/airflow/example_dags/example_skip_dag.py
[2024-06-20T07:57:51.176+0000] {logging_mixin.py:188} INFO - [2024-06-20T07:57:51.175+0000] {dag.py:3096} INFO - Sync 1 DAGs
[2024-06-20T07:57:51.306+0000] {logging_mixin.py:188} INFO - [2024-06-20T07:57:51.306+0000] {dag.py:3954} INFO - Setting next_dagrun for example_skip_dag to 2024-06-19 00:00:00+00:00, run_after=2024-06-20 00:00:00+00:00
[2024-06-20T07:57:51.366+0000] {processor.py:183} INFO - Processing /home/airflow/.local/lib/python3.12/site-packages/airflow/example_dags/example_skip_dag.py took 0.419 seconds
[2024-06-20T07:58:26.638+0000] {processor.py:161} INFO - Started process (PID=132) to work on /home/airflow/.local/lib/python3.12/site-packages/airflow/example_dags/example_skip_dag.py
[2024-06-20T07:58:26.640+0000] {processor.py:830} INFO - Processing file /home/airflow/.local/lib/python3.12/site-packages/airflow/example_dags/example_skip_dag.py for tasks to queue
[2024-06-20T07:58:26.644+0000] {logging_mixin.py:188} INFO - [2024-06-20T07:58:26.643+0000] {dagbag.py:545} INFO - Filling up the DagBag from /home/airflow/.local/lib/python3.12/site-packages/airflow/example_dags/example_skip_dag.py
[2024-06-20T07:58:26.718+0000] {processor.py:840} INFO - DAG(s) 'example_skip_dag' retrieved from /home/airflow/.local/lib/python3.12/site-packages/airflow/example_dags/example_skip_dag.py
[2024-06-20T07:58:26.862+0000] {logging_mixin.py:188} INFO - [2024-06-20T07:58:26.861+0000] {dag.py:3096} INFO - Sync 1 DAGs
[2024-06-20T07:58:26.940+0000] {logging_mixin.py:188} INFO - [2024-06-20T07:58:26.940+0000] {dag.py:3954} INFO - Setting next_dagrun for example_skip_dag to 2024-06-19 00:00:00+00:00, run_after=2024-06-20 00:00:00+00:00
[2024-06-20T07:58:28.643+0000] {processor.py:183} INFO - Processing /home/airflow/.local/lib/python3.12/site-packages/airflow/example_dags/example_skip_dag.py took 2.016 seconds
[2024-06-20T07:59:10.365+0000] {processor.py:161} INFO - Started process (PID=191) to work on /home/airflow/.local/lib/python3.12/site-packages/airflow/example_dags/example_skip_dag.py
[2024-06-20T07:59:10.368+0000] {processor.py:830} INFO - Processing file /home/airflow/.local/lib/python3.12/site-packages/airflow/example_dags/example_skip_dag.py for tasks to queue
[2024-06-20T07:59:10.375+0000] {logging_mixin.py:188} INFO - [2024-06-20T07:59:10.375+0000] {dagbag.py:545} INFO - Filling up the DagBag from /home/airflow/.local/lib/python3.12/site-packages/airflow/example_dags/example_skip_dag.py
[2024-06-20T07:59:10.441+0000] {processor.py:840} INFO - DAG(s) 'example_skip_dag' retrieved from /home/airflow/.local/lib/python3.12/site-packages/airflow/example_dags/example_skip_dag.py
[2024-06-20T07:59:10.501+0000] {logging_mixin.py:188} INFO - [2024-06-20T07:59:10.500+0000] {dag.py:3096} INFO - Sync 1 DAGs
[2024-06-20T07:59:10.566+0000] {logging_mixin.py:188} INFO - [2024-06-20T07:59:10.566+0000] {dag.py:3954} INFO - Setting next_dagrun for example_skip_dag to 2024-06-19 00:00:00+00:00, run_after=2024-06-20 00:00:00+00:00
[2024-06-20T07:59:10.614+0000] {processor.py:183} INFO - Processing /home/airflow/.local/lib/python3.12/site-packages/airflow/example_dags/example_skip_dag.py took 0.269 seconds
[2024-06-20T07:59:43.641+0000] {processor.py:161} INFO - Started process (PID=247) to work on /home/airflow/.local/lib/python3.12/site-packages/airflow/example_dags/example_skip_dag.py
[2024-06-20T07:59:43.643+0000] {processor.py:830} INFO - Processing file /home/airflow/.local/lib/python3.12/site-packages/airflow/example_dags/example_skip_dag.py for tasks to queue
[2024-06-20T07:59:43.647+0000] {logging_mixin.py:188} INFO - [2024-06-20T07:59:43.646+0000] {dagbag.py:545} INFO - Filling up the DagBag from /home/airflow/.local/lib/python3.12/site-packages/airflow/example_dags/example_skip_dag.py
[2024-06-20T07:59:43.656+0000] {processor.py:840} INFO - DAG(s) 'example_skip_dag' retrieved from /home/airflow/.local/lib/python3.12/site-packages/airflow/example_dags/example_skip_dag.py
[2024-06-20T07:59:43.686+0000] {logging_mixin.py:188} INFO - [2024-06-20T07:59:43.686+0000] {dag.py:3096} INFO - Sync 1 DAGs
[2024-06-20T07:59:43.719+0000] {logging_mixin.py:188} INFO - [2024-06-20T07:59:43.719+0000] {dag.py:3954} INFO - Setting next_dagrun for example_skip_dag to 2024-06-19 00:00:00+00:00, run_after=2024-06-20 00:00:00+00:00
[2024-06-20T07:59:43.746+0000] {processor.py:183} INFO - Processing /home/airflow/.local/lib/python3.12/site-packages/airflow/example_dags/example_skip_dag.py took 0.114 seconds
[2024-06-20T08:00:14.004+0000] {processor.py:161} INFO - Started process (PID=305) to work on /home/airflow/.local/lib/python3.12/site-packages/airflow/example_dags/example_skip_dag.py
[2024-06-20T08:00:14.006+0000] {processor.py:830} INFO - Processing file /home/airflow/.local/lib/python3.12/site-packages/airflow/example_dags/example_skip_dag.py for tasks to queue
[2024-06-20T08:00:14.009+0000] {logging_mixin.py:188} INFO - [2024-06-20T08:00:14.009+0000] {dagbag.py:545} INFO - Filling up the DagBag from /home/airflow/.local/lib/python3.12/site-packages/airflow/example_dags/example_skip_dag.py
[2024-06-20T08:00:14.020+0000] {processor.py:840} INFO - DAG(s) 'example_skip_dag' retrieved from /home/airflow/.local/lib/python3.12/site-packages/airflow/example_dags/example_skip_dag.py
[2024-06-20T08:00:14.077+0000] {logging_mixin.py:188} INFO - [2024-06-20T08:00:14.076+0000] {dag.py:3096} INFO - Sync 1 DAGs
[2024-06-20T08:00:14.129+0000] {logging_mixin.py:188} INFO - [2024-06-20T08:00:14.128+0000] {dag.py:3954} INFO - Setting next_dagrun for example_skip_dag to 2024-06-19 00:00:00+00:00, run_after=2024-06-20 00:00:00+00:00
[2024-06-20T08:00:14.175+0000] {processor.py:183} INFO - Processing /home/airflow/.local/lib/python3.12/site-packages/airflow/example_dags/example_skip_dag.py took 0.178 seconds
