[2024-06-20T07:57:45.389+0000] {processor.py:161} INFO - Started process (PID=56) to work on /home/airflow/.local/lib/python3.12/site-packages/airflow/example_dags/example_display_name.py
[2024-06-20T07:57:45.391+0000] {processor.py:830} INFO - Processing file /home/airflow/.local/lib/python3.12/site-packages/airflow/example_dags/example_display_name.py for tasks to queue
[2024-06-20T07:57:45.394+0000] {logging_mixin.py:188} INFO - [2024-06-20T07:57:45.394+0000] {dagbag.py:545} INFO - Filling up the DagBag from /home/airflow/.local/lib/python3.12/site-packages/airflow/example_dags/example_display_name.py
[2024-06-20T07:57:45.461+0000] {processor.py:840} INFO - DAG(s) 'example_display_name' retrieved from /home/airflow/.local/lib/python3.12/site-packages/airflow/example_dags/example_display_name.py
[2024-06-20T07:57:45.915+0000] {logging_mixin.py:188} INFO - [2024-06-20T07:57:45.914+0000] {dag.py:3096} INFO - Sync 1 DAGs
[2024-06-20T07:57:45.957+0000] {logging_mixin.py:188} INFO - [2024-06-20T07:57:45.957+0000] {dag.py:3954} INFO - Setting next_dagrun for example_display_name to None, run_after=None
[2024-06-20T07:57:46.010+0000] {processor.py:183} INFO - Processing /home/airflow/.local/lib/python3.12/site-packages/airflow/example_dags/example_display_name.py took 0.666 seconds
[2024-06-20T07:58:16.454+0000] {processor.py:161} INFO - Started process (PID=114) to work on /home/airflow/.local/lib/python3.12/site-packages/airflow/example_dags/example_display_name.py
[2024-06-20T07:58:16.455+0000] {processor.py:830} INFO - Processing file /home/airflow/.local/lib/python3.12/site-packages/airflow/example_dags/example_display_name.py for tasks to queue
[2024-06-20T07:58:16.461+0000] {logging_mixin.py:188} INFO - [2024-06-20T07:58:16.460+0000] {dagbag.py:545} INFO - Filling up the DagBag from /home/airflow/.local/lib/python3.12/site-packages/airflow/example_dags/example_display_name.py
[2024-06-20T07:58:16.485+0000] {processor.py:840} INFO - DAG(s) 'example_display_name' retrieved from /home/airflow/.local/lib/python3.12/site-packages/airflow/example_dags/example_display_name.py
[2024-06-20T07:58:16.516+0000] {logging_mixin.py:188} INFO - [2024-06-20T07:58:16.516+0000] {dag.py:3096} INFO - Sync 1 DAGs
[2024-06-20T07:58:16.538+0000] {logging_mixin.py:188} INFO - [2024-06-20T07:58:16.537+0000] {dag.py:3954} INFO - Setting next_dagrun for example_display_name to None, run_after=None
[2024-06-20T07:58:16.575+0000] {processor.py:183} INFO - Processing /home/airflow/.local/lib/python3.12/site-packages/airflow/example_dags/example_display_name.py took 0.129 seconds
[2024-06-20T07:58:59.996+0000] {processor.py:161} INFO - Started process (PID=177) to work on /home/airflow/.local/lib/python3.12/site-packages/airflow/example_dags/example_display_name.py
[2024-06-20T07:58:59.999+0000] {processor.py:830} INFO - Processing file /home/airflow/.local/lib/python3.12/site-packages/airflow/example_dags/example_display_name.py for tasks to queue
[2024-06-20T07:59:00.010+0000] {logging_mixin.py:188} INFO - [2024-06-20T07:59:00.009+0000] {dagbag.py:545} INFO - Filling up the DagBag from /home/airflow/.local/lib/python3.12/site-packages/airflow/example_dags/example_display_name.py
[2024-06-20T07:59:00.044+0000] {processor.py:840} INFO - DAG(s) 'example_display_name' retrieved from /home/airflow/.local/lib/python3.12/site-packages/airflow/example_dags/example_display_name.py
[2024-06-20T07:59:00.085+0000] {logging_mixin.py:188} INFO - [2024-06-20T07:59:00.085+0000] {dag.py:3096} INFO - Sync 1 DAGs
[2024-06-20T07:59:00.103+0000] {logging_mixin.py:188} INFO - [2024-06-20T07:59:00.103+0000] {dag.py:3954} INFO - Setting next_dagrun for example_display_name to None, run_after=None
[2024-06-20T07:59:00.135+0000] {processor.py:183} INFO - Processing /home/airflow/.local/lib/python3.12/site-packages/airflow/example_dags/example_display_name.py took 0.157 seconds
[2024-06-20T07:59:32.676+0000] {processor.py:161} INFO - Started process (PID=235) to work on /home/airflow/.local/lib/python3.12/site-packages/airflow/example_dags/example_display_name.py
[2024-06-20T07:59:32.679+0000] {processor.py:830} INFO - Processing file /home/airflow/.local/lib/python3.12/site-packages/airflow/example_dags/example_display_name.py for tasks to queue
[2024-06-20T07:59:32.688+0000] {logging_mixin.py:188} INFO - [2024-06-20T07:59:32.686+0000] {dagbag.py:545} INFO - Filling up the DagBag from /home/airflow/.local/lib/python3.12/site-packages/airflow/example_dags/example_display_name.py
[2024-06-20T07:59:32.716+0000] {processor.py:840} INFO - DAG(s) 'example_display_name' retrieved from /home/airflow/.local/lib/python3.12/site-packages/airflow/example_dags/example_display_name.py
[2024-06-20T07:59:32.771+0000] {logging_mixin.py:188} INFO - [2024-06-20T07:59:32.770+0000] {dag.py:3096} INFO - Sync 1 DAGs
[2024-06-20T07:59:32.817+0000] {logging_mixin.py:188} INFO - [2024-06-20T07:59:32.817+0000] {dag.py:3954} INFO - Setting next_dagrun for example_display_name to None, run_after=None
[2024-06-20T07:59:32.871+0000] {processor.py:183} INFO - Processing /home/airflow/.local/lib/python3.12/site-packages/airflow/example_dags/example_display_name.py took 0.212 seconds
[2024-06-20T08:00:11.141+0000] {processor.py:161} INFO - Started process (PID=291) to work on /home/airflow/.local/lib/python3.12/site-packages/airflow/example_dags/example_display_name.py
[2024-06-20T08:00:11.143+0000] {processor.py:830} INFO - Processing file /home/airflow/.local/lib/python3.12/site-packages/airflow/example_dags/example_display_name.py for tasks to queue
[2024-06-20T08:00:11.148+0000] {logging_mixin.py:188} INFO - [2024-06-20T08:00:11.147+0000] {dagbag.py:545} INFO - Filling up the DagBag from /home/airflow/.local/lib/python3.12/site-packages/airflow/example_dags/example_display_name.py
[2024-06-20T08:00:11.162+0000] {processor.py:840} INFO - DAG(s) 'example_display_name' retrieved from /home/airflow/.local/lib/python3.12/site-packages/airflow/example_dags/example_display_name.py
[2024-06-20T08:00:11.204+0000] {logging_mixin.py:188} INFO - [2024-06-20T08:00:11.203+0000] {dag.py:3096} INFO - Sync 1 DAGs
[2024-06-20T08:00:11.225+0000] {logging_mixin.py:188} INFO - [2024-06-20T08:00:11.225+0000] {dag.py:3954} INFO - Setting next_dagrun for example_display_name to None, run_after=None
[2024-06-20T08:00:11.282+0000] {processor.py:183} INFO - Processing /home/airflow/.local/lib/python3.12/site-packages/airflow/example_dags/example_display_name.py took 0.152 seconds
