[2024-06-20T07:57:41.749+0000] {processor.py:161} INFO - Started process (PID=48) to work on /home/airflow/.local/lib/python3.12/site-packages/airflow/example_dags/example_xcom.py
[2024-06-20T07:57:41.750+0000] {processor.py:830} INFO - Processing file /home/airflow/.local/lib/python3.12/site-packages/airflow/example_dags/example_xcom.py for tasks to queue
[2024-06-20T07:57:41.759+0000] {logging_mixin.py:188} INFO - [2024-06-20T07:57:41.757+0000] {dagbag.py:545} INFO - Filling up the DagBag from /home/airflow/.local/lib/python3.12/site-packages/airflow/example_dags/example_xcom.py
[2024-06-20T07:57:41.808+0000] {processor.py:840} INFO - DAG(s) 'example_xcom' retrieved from /home/airflow/.local/lib/python3.12/site-packages/airflow/example_dags/example_xcom.py
[2024-06-20T07:57:42.156+0000] {logging_mixin.py:188} INFO - [2024-06-20T07:57:42.156+0000] {dag.py:3096} INFO - Sync 1 DAGs
[2024-06-20T07:57:42.184+0000] {logging_mixin.py:188} INFO - [2024-06-20T07:57:42.184+0000] {dag.py:3954} INFO - Setting next_dagrun for example_xcom to 2021-01-01 00:00:00+00:00, run_after=2021-01-01 00:00:00+00:00
[2024-06-20T07:57:42.216+0000] {processor.py:183} INFO - Processing /home/airflow/.local/lib/python3.12/site-packages/airflow/example_dags/example_xcom.py took 0.474 seconds
[2024-06-20T07:58:13.603+0000] {processor.py:161} INFO - Started process (PID=106) to work on /home/airflow/.local/lib/python3.12/site-packages/airflow/example_dags/example_xcom.py
[2024-06-20T07:58:13.605+0000] {processor.py:830} INFO - Processing file /home/airflow/.local/lib/python3.12/site-packages/airflow/example_dags/example_xcom.py for tasks to queue
[2024-06-20T07:58:13.608+0000] {logging_mixin.py:188} INFO - [2024-06-20T07:58:13.608+0000] {dagbag.py:545} INFO - Filling up the DagBag from /home/airflow/.local/lib/python3.12/site-packages/airflow/example_dags/example_xcom.py
[2024-06-20T07:58:13.620+0000] {processor.py:840} INFO - DAG(s) 'example_xcom' retrieved from /home/airflow/.local/lib/python3.12/site-packages/airflow/example_dags/example_xcom.py
[2024-06-20T07:58:13.717+0000] {logging_mixin.py:188} INFO - [2024-06-20T07:58:13.717+0000] {dag.py:3096} INFO - Sync 1 DAGs
[2024-06-20T07:58:13.768+0000] {logging_mixin.py:188} INFO - [2024-06-20T07:58:13.767+0000] {dag.py:3954} INFO - Setting next_dagrun for example_xcom to 2021-01-01 00:00:00+00:00, run_after=2021-01-01 00:00:00+00:00
[2024-06-20T07:58:13.871+0000] {processor.py:183} INFO - Processing /home/airflow/.local/lib/python3.12/site-packages/airflow/example_dags/example_xcom.py took 0.281 seconds
[2024-06-20T07:58:58.966+0000] {processor.py:161} INFO - Started process (PID=169) to work on /home/airflow/.local/lib/python3.12/site-packages/airflow/example_dags/example_xcom.py
[2024-06-20T07:58:58.968+0000] {processor.py:830} INFO - Processing file /home/airflow/.local/lib/python3.12/site-packages/airflow/example_dags/example_xcom.py for tasks to queue
[2024-06-20T07:58:58.972+0000] {logging_mixin.py:188} INFO - [2024-06-20T07:58:58.971+0000] {dagbag.py:545} INFO - Filling up the DagBag from /home/airflow/.local/lib/python3.12/site-packages/airflow/example_dags/example_xcom.py
[2024-06-20T07:58:58.985+0000] {processor.py:840} INFO - DAG(s) 'example_xcom' retrieved from /home/airflow/.local/lib/python3.12/site-packages/airflow/example_dags/example_xcom.py
[2024-06-20T07:58:59.018+0000] {logging_mixin.py:188} INFO - [2024-06-20T07:58:59.018+0000] {dag.py:3096} INFO - Sync 1 DAGs
[2024-06-20T07:58:59.102+0000] {logging_mixin.py:188} INFO - [2024-06-20T07:58:59.102+0000] {dag.py:3954} INFO - Setting next_dagrun for example_xcom to 2021-01-01 00:00:00+00:00, run_after=2021-01-01 00:00:00+00:00
[2024-06-20T07:58:59.141+0000] {processor.py:183} INFO - Processing /home/airflow/.local/lib/python3.12/site-packages/airflow/example_dags/example_xcom.py took 0.183 seconds
[2024-06-20T07:59:30.333+0000] {processor.py:161} INFO - Started process (PID=227) to work on /home/airflow/.local/lib/python3.12/site-packages/airflow/example_dags/example_xcom.py
[2024-06-20T07:59:30.335+0000] {processor.py:830} INFO - Processing file /home/airflow/.local/lib/python3.12/site-packages/airflow/example_dags/example_xcom.py for tasks to queue
[2024-06-20T07:59:30.338+0000] {logging_mixin.py:188} INFO - [2024-06-20T07:59:30.337+0000] {dagbag.py:545} INFO - Filling up the DagBag from /home/airflow/.local/lib/python3.12/site-packages/airflow/example_dags/example_xcom.py
[2024-06-20T07:59:30.350+0000] {processor.py:840} INFO - DAG(s) 'example_xcom' retrieved from /home/airflow/.local/lib/python3.12/site-packages/airflow/example_dags/example_xcom.py
[2024-06-20T07:59:30.385+0000] {logging_mixin.py:188} INFO - [2024-06-20T07:59:30.385+0000] {dag.py:3096} INFO - Sync 1 DAGs
[2024-06-20T07:59:30.421+0000] {logging_mixin.py:188} INFO - [2024-06-20T07:59:30.420+0000] {dag.py:3954} INFO - Setting next_dagrun for example_xcom to 2021-01-01 00:00:00+00:00, run_after=2021-01-01 00:00:00+00:00
[2024-06-20T07:59:30.964+0000] {processor.py:183} INFO - Processing /home/airflow/.local/lib/python3.12/site-packages/airflow/example_dags/example_xcom.py took 0.640 seconds
[2024-06-20T08:00:10.023+0000] {processor.py:161} INFO - Started process (PID=283) to work on /home/airflow/.local/lib/python3.12/site-packages/airflow/example_dags/example_xcom.py
[2024-06-20T08:00:10.027+0000] {processor.py:830} INFO - Processing file /home/airflow/.local/lib/python3.12/site-packages/airflow/example_dags/example_xcom.py for tasks to queue
[2024-06-20T08:00:10.033+0000] {logging_mixin.py:188} INFO - [2024-06-20T08:00:10.032+0000] {dagbag.py:545} INFO - Filling up the DagBag from /home/airflow/.local/lib/python3.12/site-packages/airflow/example_dags/example_xcom.py
[2024-06-20T08:00:10.053+0000] {processor.py:840} INFO - DAG(s) 'example_xcom' retrieved from /home/airflow/.local/lib/python3.12/site-packages/airflow/example_dags/example_xcom.py
[2024-06-20T08:00:10.120+0000] {logging_mixin.py:188} INFO - [2024-06-20T08:00:10.120+0000] {dag.py:3096} INFO - Sync 1 DAGs
[2024-06-20T08:00:10.186+0000] {logging_mixin.py:188} INFO - [2024-06-20T08:00:10.186+0000] {dag.py:3954} INFO - Setting next_dagrun for example_xcom to 2021-01-01 00:00:00+00:00, run_after=2021-01-01 00:00:00+00:00
[2024-06-20T08:00:10.241+0000] {processor.py:183} INFO - Processing /home/airflow/.local/lib/python3.12/site-packages/airflow/example_dags/example_xcom.py took 0.232 seconds
