[2024-06-20T07:57:47.103+0000] {processor.py:161} INFO - Started process (PID=60) to work on /home/airflow/.local/lib/python3.12/site-packages/airflow/example_dags/example_xcomargs.py
[2024-06-20T07:57:47.112+0000] {processor.py:830} INFO - Processing file /home/airflow/.local/lib/python3.12/site-packages/airflow/example_dags/example_xcomargs.py for tasks to queue
[2024-06-20T07:57:47.123+0000] {logging_mixin.py:188} INFO - [2024-06-20T07:57:47.122+0000] {dagbag.py:545} INFO - Filling up the DagBag from /home/airflow/.local/lib/python3.12/site-packages/airflow/example_dags/example_xcomargs.py
[2024-06-20T07:57:47.152+0000] {processor.py:840} INFO - DAG(s) 'example_xcom_args_with_operators', 'example_xcom_args' retrieved from /home/airflow/.local/lib/python3.12/site-packages/airflow/example_dags/example_xcomargs.py
[2024-06-20T07:57:48.060+0000] {logging_mixin.py:188} INFO - [2024-06-20T07:57:48.060+0000] {dag.py:3096} INFO - Sync 2 DAGs
[2024-06-20T07:57:48.120+0000] {logging_mixin.py:188} INFO - [2024-06-20T07:57:48.119+0000] {dag.py:3954} INFO - Setting next_dagrun for example_xcom_args to None, run_after=None
[2024-06-20T07:57:48.133+0000] {logging_mixin.py:188} INFO - [2024-06-20T07:57:48.133+0000] {dag.py:3954} INFO - Setting next_dagrun for example_xcom_args_with_operators to None, run_after=None
[2024-06-20T07:57:48.189+0000] {processor.py:183} INFO - Processing /home/airflow/.local/lib/python3.12/site-packages/airflow/example_dags/example_xcomargs.py took 1.114 seconds
[2024-06-20T07:58:18.884+0000] {processor.py:161} INFO - Started process (PID=118) to work on /home/airflow/.local/lib/python3.12/site-packages/airflow/example_dags/example_xcomargs.py
[2024-06-20T07:58:19.005+0000] {processor.py:830} INFO - Processing file /home/airflow/.local/lib/python3.12/site-packages/airflow/example_dags/example_xcomargs.py for tasks to queue
[2024-06-20T07:58:19.011+0000] {logging_mixin.py:188} INFO - [2024-06-20T07:58:19.010+0000] {dagbag.py:545} INFO - Filling up the DagBag from /home/airflow/.local/lib/python3.12/site-packages/airflow/example_dags/example_xcomargs.py
[2024-06-20T07:58:19.247+0000] {processor.py:840} INFO - DAG(s) 'example_xcom_args', 'example_xcom_args_with_operators' retrieved from /home/airflow/.local/lib/python3.12/site-packages/airflow/example_dags/example_xcomargs.py
[2024-06-20T07:58:19.442+0000] {logging_mixin.py:188} INFO - [2024-06-20T07:58:19.442+0000] {dag.py:3096} INFO - Sync 2 DAGs
[2024-06-20T07:58:19.538+0000] {logging_mixin.py:188} INFO - [2024-06-20T07:58:19.537+0000] {dag.py:3954} INFO - Setting next_dagrun for example_xcom_args to None, run_after=None
[2024-06-20T07:58:19.545+0000] {logging_mixin.py:188} INFO - [2024-06-20T07:58:19.544+0000] {dag.py:3954} INFO - Setting next_dagrun for example_xcom_args_with_operators to None, run_after=None
[2024-06-20T07:58:19.619+0000] {processor.py:183} INFO - Processing /home/airflow/.local/lib/python3.12/site-packages/airflow/example_dags/example_xcomargs.py took 0.749 seconds
[2024-06-20T07:59:01.105+0000] {processor.py:161} INFO - Started process (PID=181) to work on /home/airflow/.local/lib/python3.12/site-packages/airflow/example_dags/example_xcomargs.py
[2024-06-20T07:59:01.107+0000] {processor.py:830} INFO - Processing file /home/airflow/.local/lib/python3.12/site-packages/airflow/example_dags/example_xcomargs.py for tasks to queue
[2024-06-20T07:59:01.110+0000] {logging_mixin.py:188} INFO - [2024-06-20T07:59:01.109+0000] {dagbag.py:545} INFO - Filling up the DagBag from /home/airflow/.local/lib/python3.12/site-packages/airflow/example_dags/example_xcomargs.py
[2024-06-20T07:59:01.121+0000] {processor.py:840} INFO - DAG(s) 'example_xcom_args', 'example_xcom_args_with_operators' retrieved from /home/airflow/.local/lib/python3.12/site-packages/airflow/example_dags/example_xcomargs.py
[2024-06-20T07:59:01.212+0000] {logging_mixin.py:188} INFO - [2024-06-20T07:59:01.212+0000] {dag.py:3096} INFO - Sync 2 DAGs
[2024-06-20T07:59:01.230+0000] {logging_mixin.py:188} INFO - [2024-06-20T07:59:01.230+0000] {dag.py:3954} INFO - Setting next_dagrun for example_xcom_args to None, run_after=None
[2024-06-20T07:59:01.236+0000] {logging_mixin.py:188} INFO - [2024-06-20T07:59:01.235+0000] {dag.py:3954} INFO - Setting next_dagrun for example_xcom_args_with_operators to None, run_after=None
[2024-06-20T07:59:01.992+0000] {processor.py:183} INFO - Processing /home/airflow/.local/lib/python3.12/site-packages/airflow/example_dags/example_xcomargs.py took 0.896 seconds
[2024-06-20T07:59:33.274+0000] {processor.py:161} INFO - Started process (PID=239) to work on /home/airflow/.local/lib/python3.12/site-packages/airflow/example_dags/example_xcomargs.py
[2024-06-20T07:59:33.277+0000] {processor.py:830} INFO - Processing file /home/airflow/.local/lib/python3.12/site-packages/airflow/example_dags/example_xcomargs.py for tasks to queue
[2024-06-20T07:59:33.282+0000] {logging_mixin.py:188} INFO - [2024-06-20T07:59:33.281+0000] {dagbag.py:545} INFO - Filling up the DagBag from /home/airflow/.local/lib/python3.12/site-packages/airflow/example_dags/example_xcomargs.py
[2024-06-20T07:59:33.304+0000] {processor.py:840} INFO - DAG(s) 'example_xcom_args', 'example_xcom_args_with_operators' retrieved from /home/airflow/.local/lib/python3.12/site-packages/airflow/example_dags/example_xcomargs.py
[2024-06-20T07:59:33.357+0000] {logging_mixin.py:188} INFO - [2024-06-20T07:59:33.357+0000] {dag.py:3096} INFO - Sync 2 DAGs
[2024-06-20T07:59:33.382+0000] {logging_mixin.py:188} INFO - [2024-06-20T07:59:33.382+0000] {dag.py:3954} INFO - Setting next_dagrun for example_xcom_args to None, run_after=None
[2024-06-20T07:59:33.388+0000] {logging_mixin.py:188} INFO - [2024-06-20T07:59:33.387+0000] {dag.py:3954} INFO - Setting next_dagrun for example_xcom_args_with_operators to None, run_after=None
[2024-06-20T07:59:38.294+0000] {processor.py:183} INFO - Processing /home/airflow/.local/lib/python3.12/site-packages/airflow/example_dags/example_xcomargs.py took 5.035 seconds
[2024-06-20T08:00:11.998+0000] {processor.py:161} INFO - Started process (PID=297) to work on /home/airflow/.local/lib/python3.12/site-packages/airflow/example_dags/example_xcomargs.py
[2024-06-20T08:00:12.001+0000] {processor.py:830} INFO - Processing file /home/airflow/.local/lib/python3.12/site-packages/airflow/example_dags/example_xcomargs.py for tasks to queue
[2024-06-20T08:00:12.007+0000] {logging_mixin.py:188} INFO - [2024-06-20T08:00:12.006+0000] {dagbag.py:545} INFO - Filling up the DagBag from /home/airflow/.local/lib/python3.12/site-packages/airflow/example_dags/example_xcomargs.py
[2024-06-20T08:00:12.032+0000] {processor.py:840} INFO - DAG(s) 'example_xcom_args', 'example_xcom_args_with_operators' retrieved from /home/airflow/.local/lib/python3.12/site-packages/airflow/example_dags/example_xcomargs.py
[2024-06-20T08:00:12.093+0000] {logging_mixin.py:188} INFO - [2024-06-20T08:00:12.092+0000] {dag.py:3096} INFO - Sync 2 DAGs
[2024-06-20T08:00:12.127+0000] {logging_mixin.py:188} INFO - [2024-06-20T08:00:12.127+0000] {dag.py:3954} INFO - Setting next_dagrun for example_xcom_args to None, run_after=None
[2024-06-20T08:00:12.138+0000] {logging_mixin.py:188} INFO - [2024-06-20T08:00:12.137+0000] {dag.py:3954} INFO - Setting next_dagrun for example_xcom_args_with_operators to None, run_after=None
[2024-06-20T08:00:12.181+0000] {processor.py:183} INFO - Processing /home/airflow/.local/lib/python3.12/site-packages/airflow/example_dags/example_xcomargs.py took 0.200 seconds
