[2024-06-20T07:57:53.179+0000] {processor.py:161} INFO - Started process (PID=82) to work on /home/airflow/.local/lib/python3.12/site-packages/airflow/example_dags/example_dag_decorator.py
[2024-06-20T07:57:53.181+0000] {processor.py:830} INFO - Processing file /home/airflow/.local/lib/python3.12/site-packages/airflow/example_dags/example_dag_decorator.py for tasks to queue
[2024-06-20T07:57:53.184+0000] {logging_mixin.py:188} INFO - [2024-06-20T07:57:53.183+0000] {dagbag.py:545} INFO - Filling up the DagBag from /home/airflow/.local/lib/python3.12/site-packages/airflow/example_dags/example_dag_decorator.py
[2024-06-20T07:57:55.087+0000] {processor.py:840} INFO - DAG(s) 'example_dag_decorator' retrieved from /home/airflow/.local/lib/python3.12/site-packages/airflow/example_dags/example_dag_decorator.py
[2024-06-20T07:57:55.463+0000] {logging_mixin.py:188} INFO - [2024-06-20T07:57:55.462+0000] {dag.py:3096} INFO - Sync 1 DAGs
[2024-06-20T07:57:55.484+0000] {logging_mixin.py:188} INFO - [2024-06-20T07:57:55.484+0000] {dag.py:3954} INFO - Setting next_dagrun for example_dag_decorator to None, run_after=None
[2024-06-20T07:57:55.663+0000] {processor.py:183} INFO - Processing /home/airflow/.local/lib/python3.12/site-packages/airflow/example_dags/example_dag_decorator.py took 2.495 seconds
[2024-06-20T07:58:33.997+0000] {processor.py:161} INFO - Started process (PID=141) to work on /home/airflow/.local/lib/python3.12/site-packages/airflow/example_dags/example_dag_decorator.py
[2024-06-20T07:58:33.999+0000] {processor.py:830} INFO - Processing file /home/airflow/.local/lib/python3.12/site-packages/airflow/example_dags/example_dag_decorator.py for tasks to queue
[2024-06-20T07:58:34.002+0000] {logging_mixin.py:188} INFO - [2024-06-20T07:58:34.002+0000] {dagbag.py:545} INFO - Filling up the DagBag from /home/airflow/.local/lib/python3.12/site-packages/airflow/example_dags/example_dag_decorator.py
[2024-06-20T07:58:35.118+0000] {processor.py:840} INFO - DAG(s) 'example_dag_decorator' retrieved from /home/airflow/.local/lib/python3.12/site-packages/airflow/example_dags/example_dag_decorator.py
[2024-06-20T07:58:42.782+0000] {logging_mixin.py:188} INFO - [2024-06-20T07:58:42.781+0000] {dag.py:3096} INFO - Sync 1 DAGs
[2024-06-20T07:58:43.050+0000] {logging_mixin.py:188} INFO - [2024-06-20T07:58:43.049+0000] {dag.py:3954} INFO - Setting next_dagrun for example_dag_decorator to None, run_after=None
[2024-06-20T07:58:47.295+0000] {processor.py:183} INFO - Processing /home/airflow/.local/lib/python3.12/site-packages/airflow/example_dags/example_dag_decorator.py took 13.308 seconds
[2024-06-20T07:59:17.639+0000] {processor.py:161} INFO - Started process (PID=202) to work on /home/airflow/.local/lib/python3.12/site-packages/airflow/example_dags/example_dag_decorator.py
[2024-06-20T07:59:17.641+0000] {processor.py:830} INFO - Processing file /home/airflow/.local/lib/python3.12/site-packages/airflow/example_dags/example_dag_decorator.py for tasks to queue
[2024-06-20T07:59:17.646+0000] {logging_mixin.py:188} INFO - [2024-06-20T07:59:17.645+0000] {dagbag.py:545} INFO - Filling up the DagBag from /home/airflow/.local/lib/python3.12/site-packages/airflow/example_dags/example_dag_decorator.py
[2024-06-20T07:59:20.099+0000] {processor.py:840} INFO - DAG(s) 'example_dag_decorator' retrieved from /home/airflow/.local/lib/python3.12/site-packages/airflow/example_dags/example_dag_decorator.py
[2024-06-20T07:59:22.930+0000] {logging_mixin.py:188} INFO - [2024-06-20T07:59:22.930+0000] {dag.py:3096} INFO - Sync 1 DAGs
[2024-06-20T07:59:28.527+0000] {logging_mixin.py:188} INFO - [2024-06-20T07:59:28.527+0000] {dag.py:3954} INFO - Setting next_dagrun for example_dag_decorator to None, run_after=None
[2024-06-20T07:59:28.606+0000] {processor.py:183} INFO - Processing /home/airflow/.local/lib/python3.12/site-packages/airflow/example_dags/example_dag_decorator.py took 10.985 seconds
[2024-06-20T08:00:03.050+0000] {processor.py:161} INFO - Started process (PID=268) to work on /home/airflow/.local/lib/python3.12/site-packages/airflow/example_dags/example_dag_decorator.py
[2024-06-20T08:00:03.053+0000] {processor.py:830} INFO - Processing file /home/airflow/.local/lib/python3.12/site-packages/airflow/example_dags/example_dag_decorator.py for tasks to queue
[2024-06-20T08:00:03.058+0000] {logging_mixin.py:188} INFO - [2024-06-20T08:00:03.057+0000] {dagbag.py:545} INFO - Filling up the DagBag from /home/airflow/.local/lib/python3.12/site-packages/airflow/example_dags/example_dag_decorator.py
[2024-06-20T08:00:03.210+0000] {processor.py:840} INFO - DAG(s) 'example_dag_decorator' retrieved from /home/airflow/.local/lib/python3.12/site-packages/airflow/example_dags/example_dag_decorator.py
[2024-06-20T08:00:03.798+0000] {logging_mixin.py:188} INFO - [2024-06-20T08:00:03.798+0000] {dag.py:3096} INFO - Sync 1 DAGs
[2024-06-20T08:00:03.944+0000] {logging_mixin.py:188} INFO - [2024-06-20T08:00:03.944+0000] {dag.py:3954} INFO - Setting next_dagrun for example_dag_decorator to None, run_after=None
[2024-06-20T08:00:05.404+0000] {processor.py:183} INFO - Processing /home/airflow/.local/lib/python3.12/site-packages/airflow/example_dags/example_dag_decorator.py took 2.370 seconds
