[2024-06-20T07:57:41.463+0000] {processor.py:161} INFO - Started process (PID=47) to work on /home/airflow/.local/lib/python3.12/site-packages/airflow/example_dags/example_setup_teardown.py
[2024-06-20T07:57:41.468+0000] {processor.py:830} INFO - Processing file /home/airflow/.local/lib/python3.12/site-packages/airflow/example_dags/example_setup_teardown.py for tasks to queue
[2024-06-20T07:57:41.473+0000] {logging_mixin.py:188} INFO - [2024-06-20T07:57:41.471+0000] {dagbag.py:545} INFO - Filling up the DagBag from /home/airflow/.local/lib/python3.12/site-packages/airflow/example_dags/example_setup_teardown.py
[2024-06-20T07:57:41.509+0000] {processor.py:840} INFO - DAG(s) 'example_setup_teardown' retrieved from /home/airflow/.local/lib/python3.12/site-packages/airflow/example_dags/example_setup_teardown.py
[2024-06-20T07:57:41.876+0000] {logging_mixin.py:188} INFO - [2024-06-20T07:57:41.875+0000] {dag.py:3096} INFO - Sync 1 DAGs
[2024-06-20T07:57:41.946+0000] {logging_mixin.py:188} INFO - [2024-06-20T07:57:41.945+0000] {dag.py:3954} INFO - Setting next_dagrun for example_setup_teardown to 2024-06-19 00:00:00+00:00, run_after=2024-06-20 00:00:00+00:00
[2024-06-20T07:57:42.031+0000] {processor.py:183} INFO - Processing /home/airflow/.local/lib/python3.12/site-packages/airflow/example_dags/example_setup_teardown.py took 0.584 seconds
[2024-06-20T07:58:12.962+0000] {processor.py:161} INFO - Started process (PID=105) to work on /home/airflow/.local/lib/python3.12/site-packages/airflow/example_dags/example_setup_teardown.py
[2024-06-20T07:58:13.076+0000] {processor.py:830} INFO - Processing file /home/airflow/.local/lib/python3.12/site-packages/airflow/example_dags/example_setup_teardown.py for tasks to queue
[2024-06-20T07:58:13.079+0000] {logging_mixin.py:188} INFO - [2024-06-20T07:58:13.078+0000] {dagbag.py:545} INFO - Filling up the DagBag from /home/airflow/.local/lib/python3.12/site-packages/airflow/example_dags/example_setup_teardown.py
[2024-06-20T07:58:13.149+0000] {processor.py:840} INFO - DAG(s) 'example_setup_teardown' retrieved from /home/airflow/.local/lib/python3.12/site-packages/airflow/example_dags/example_setup_teardown.py
[2024-06-20T07:58:13.207+0000] {logging_mixin.py:188} INFO - [2024-06-20T07:58:13.206+0000] {dag.py:3096} INFO - Sync 1 DAGs
[2024-06-20T07:58:13.243+0000] {logging_mixin.py:188} INFO - [2024-06-20T07:58:13.242+0000] {dag.py:3954} INFO - Setting next_dagrun for example_setup_teardown to 2024-06-19 00:00:00+00:00, run_after=2024-06-20 00:00:00+00:00
[2024-06-20T07:58:13.478+0000] {processor.py:183} INFO - Processing /home/airflow/.local/lib/python3.12/site-packages/airflow/example_dags/example_setup_teardown.py took 0.533 seconds
[2024-06-20T07:58:58.885+0000] {processor.py:161} INFO - Started process (PID=168) to work on /home/airflow/.local/lib/python3.12/site-packages/airflow/example_dags/example_setup_teardown.py
[2024-06-20T07:58:58.886+0000] {processor.py:830} INFO - Processing file /home/airflow/.local/lib/python3.12/site-packages/airflow/example_dags/example_setup_teardown.py for tasks to queue
[2024-06-20T07:58:58.889+0000] {logging_mixin.py:188} INFO - [2024-06-20T07:58:58.889+0000] {dagbag.py:545} INFO - Filling up the DagBag from /home/airflow/.local/lib/python3.12/site-packages/airflow/example_dags/example_setup_teardown.py
[2024-06-20T07:58:58.901+0000] {processor.py:840} INFO - DAG(s) 'example_setup_teardown' retrieved from /home/airflow/.local/lib/python3.12/site-packages/airflow/example_dags/example_setup_teardown.py
[2024-06-20T07:58:58.942+0000] {logging_mixin.py:188} INFO - [2024-06-20T07:58:58.941+0000] {dag.py:3096} INFO - Sync 1 DAGs
[2024-06-20T07:58:58.983+0000] {logging_mixin.py:188} INFO - [2024-06-20T07:58:58.982+0000] {dag.py:3954} INFO - Setting next_dagrun for example_setup_teardown to 2024-06-19 00:00:00+00:00, run_after=2024-06-20 00:00:00+00:00
[2024-06-20T07:58:59.012+0000] {processor.py:183} INFO - Processing /home/airflow/.local/lib/python3.12/site-packages/airflow/example_dags/example_setup_teardown.py took 0.138 seconds
[2024-06-20T07:59:30.174+0000] {processor.py:161} INFO - Started process (PID=226) to work on /home/airflow/.local/lib/python3.12/site-packages/airflow/example_dags/example_setup_teardown.py
[2024-06-20T07:59:30.176+0000] {processor.py:830} INFO - Processing file /home/airflow/.local/lib/python3.12/site-packages/airflow/example_dags/example_setup_teardown.py for tasks to queue
[2024-06-20T07:59:30.178+0000] {logging_mixin.py:188} INFO - [2024-06-20T07:59:30.178+0000] {dagbag.py:545} INFO - Filling up the DagBag from /home/airflow/.local/lib/python3.12/site-packages/airflow/example_dags/example_setup_teardown.py
[2024-06-20T07:59:30.188+0000] {processor.py:840} INFO - DAG(s) 'example_setup_teardown' retrieved from /home/airflow/.local/lib/python3.12/site-packages/airflow/example_dags/example_setup_teardown.py
[2024-06-20T07:59:30.223+0000] {logging_mixin.py:188} INFO - [2024-06-20T07:59:30.222+0000] {dag.py:3096} INFO - Sync 1 DAGs
[2024-06-20T07:59:30.253+0000] {logging_mixin.py:188} INFO - [2024-06-20T07:59:30.252+0000] {dag.py:3954} INFO - Setting next_dagrun for example_setup_teardown to 2024-06-19 00:00:00+00:00, run_after=2024-06-20 00:00:00+00:00
[2024-06-20T07:59:30.284+0000] {processor.py:183} INFO - Processing /home/airflow/.local/lib/python3.12/site-packages/airflow/example_dags/example_setup_teardown.py took 0.118 seconds
[2024-06-20T08:00:09.767+0000] {processor.py:161} INFO - Started process (PID=282) to work on /home/airflow/.local/lib/python3.12/site-packages/airflow/example_dags/example_setup_teardown.py
[2024-06-20T08:00:09.768+0000] {processor.py:830} INFO - Processing file /home/airflow/.local/lib/python3.12/site-packages/airflow/example_dags/example_setup_teardown.py for tasks to queue
[2024-06-20T08:00:09.772+0000] {logging_mixin.py:188} INFO - [2024-06-20T08:00:09.771+0000] {dagbag.py:545} INFO - Filling up the DagBag from /home/airflow/.local/lib/python3.12/site-packages/airflow/example_dags/example_setup_teardown.py
[2024-06-20T08:00:09.791+0000] {processor.py:840} INFO - DAG(s) 'example_setup_teardown' retrieved from /home/airflow/.local/lib/python3.12/site-packages/airflow/example_dags/example_setup_teardown.py
[2024-06-20T08:00:09.834+0000] {logging_mixin.py:188} INFO - [2024-06-20T08:00:09.833+0000] {dag.py:3096} INFO - Sync 1 DAGs
[2024-06-20T08:00:09.879+0000] {logging_mixin.py:188} INFO - [2024-06-20T08:00:09.878+0000] {dag.py:3954} INFO - Setting next_dagrun for example_setup_teardown to 2024-06-19 00:00:00+00:00, run_after=2024-06-20 00:00:00+00:00
[2024-06-20T08:00:09.931+0000] {processor.py:183} INFO - Processing /home/airflow/.local/lib/python3.12/site-packages/airflow/example_dags/example_setup_teardown.py took 0.171 seconds
