[2024-06-20T07:57:42.083+0000] {processor.py:161} INFO - Started process (PID=49) to work on /home/airflow/.local/lib/python3.12/site-packages/airflow/example_dags/example_latest_only_with_trigger.py
[2024-06-20T07:57:42.085+0000] {processor.py:830} INFO - Processing file /home/airflow/.local/lib/python3.12/site-packages/airflow/example_dags/example_latest_only_with_trigger.py for tasks to queue
[2024-06-20T07:57:42.088+0000] {logging_mixin.py:188} INFO - [2024-06-20T07:57:42.087+0000] {dagbag.py:545} INFO - Filling up the DagBag from /home/airflow/.local/lib/python3.12/site-packages/airflow/example_dags/example_latest_only_with_trigger.py
[2024-06-20T07:57:42.095+0000] {processor.py:840} INFO - DAG(s) 'latest_only_with_trigger' retrieved from /home/airflow/.local/lib/python3.12/site-packages/airflow/example_dags/example_latest_only_with_trigger.py
[2024-06-20T07:57:42.282+0000] {logging_mixin.py:188} INFO - [2024-06-20T07:57:42.282+0000] {dag.py:3096} INFO - Sync 1 DAGs
[2024-06-20T07:57:42.314+0000] {logging_mixin.py:188} INFO - [2024-06-20T07:57:42.314+0000] {dag.py:3954} INFO - Setting next_dagrun for latest_only_with_trigger to 2024-06-20 00:00:00+00:00, run_after=2024-06-20 04:00:00+00:00
[2024-06-20T07:57:42.339+0000] {processor.py:183} INFO - Processing /home/airflow/.local/lib/python3.12/site-packages/airflow/example_dags/example_latest_only_with_trigger.py took 0.263 seconds
[2024-06-20T07:58:13.765+0000] {processor.py:161} INFO - Started process (PID=107) to work on /home/airflow/.local/lib/python3.12/site-packages/airflow/example_dags/example_latest_only_with_trigger.py
[2024-06-20T07:58:13.777+0000] {processor.py:830} INFO - Processing file /home/airflow/.local/lib/python3.12/site-packages/airflow/example_dags/example_latest_only_with_trigger.py for tasks to queue
[2024-06-20T07:58:13.783+0000] {logging_mixin.py:188} INFO - [2024-06-20T07:58:13.782+0000] {dagbag.py:545} INFO - Filling up the DagBag from /home/airflow/.local/lib/python3.12/site-packages/airflow/example_dags/example_latest_only_with_trigger.py
[2024-06-20T07:58:13.837+0000] {processor.py:840} INFO - DAG(s) 'latest_only_with_trigger' retrieved from /home/airflow/.local/lib/python3.12/site-packages/airflow/example_dags/example_latest_only_with_trigger.py
[2024-06-20T07:58:13.901+0000] {logging_mixin.py:188} INFO - [2024-06-20T07:58:13.900+0000] {dag.py:3096} INFO - Sync 1 DAGs
[2024-06-20T07:58:13.956+0000] {logging_mixin.py:188} INFO - [2024-06-20T07:58:13.955+0000] {dag.py:3954} INFO - Setting next_dagrun for latest_only_with_trigger to 2024-06-20 00:00:00+00:00, run_after=2024-06-20 04:00:00+00:00
[2024-06-20T07:58:14.023+0000] {processor.py:183} INFO - Processing /home/airflow/.local/lib/python3.12/site-packages/airflow/example_dags/example_latest_only_with_trigger.py took 0.272 seconds
[2024-06-20T07:58:59.089+0000] {processor.py:161} INFO - Started process (PID=170) to work on /home/airflow/.local/lib/python3.12/site-packages/airflow/example_dags/example_latest_only_with_trigger.py
[2024-06-20T07:58:59.100+0000] {processor.py:830} INFO - Processing file /home/airflow/.local/lib/python3.12/site-packages/airflow/example_dags/example_latest_only_with_trigger.py for tasks to queue
[2024-06-20T07:58:59.107+0000] {logging_mixin.py:188} INFO - [2024-06-20T07:58:59.106+0000] {dagbag.py:545} INFO - Filling up the DagBag from /home/airflow/.local/lib/python3.12/site-packages/airflow/example_dags/example_latest_only_with_trigger.py
[2024-06-20T07:58:59.123+0000] {processor.py:840} INFO - DAG(s) 'latest_only_with_trigger' retrieved from /home/airflow/.local/lib/python3.12/site-packages/airflow/example_dags/example_latest_only_with_trigger.py
[2024-06-20T07:58:59.182+0000] {logging_mixin.py:188} INFO - [2024-06-20T07:58:59.181+0000] {dag.py:3096} INFO - Sync 1 DAGs
[2024-06-20T07:58:59.230+0000] {logging_mixin.py:188} INFO - [2024-06-20T07:58:59.230+0000] {dag.py:3954} INFO - Setting next_dagrun for latest_only_with_trigger to 2024-06-20 00:00:00+00:00, run_after=2024-06-20 04:00:00+00:00
[2024-06-20T07:58:59.271+0000] {processor.py:183} INFO - Processing /home/airflow/.local/lib/python3.12/site-packages/airflow/example_dags/example_latest_only_with_trigger.py took 0.200 seconds
[2024-06-20T07:59:31.036+0000] {processor.py:161} INFO - Started process (PID=228) to work on /home/airflow/.local/lib/python3.12/site-packages/airflow/example_dags/example_latest_only_with_trigger.py
[2024-06-20T07:59:31.039+0000] {processor.py:830} INFO - Processing file /home/airflow/.local/lib/python3.12/site-packages/airflow/example_dags/example_latest_only_with_trigger.py for tasks to queue
[2024-06-20T07:59:31.045+0000] {logging_mixin.py:188} INFO - [2024-06-20T07:59:31.044+0000] {dagbag.py:545} INFO - Filling up the DagBag from /home/airflow/.local/lib/python3.12/site-packages/airflow/example_dags/example_latest_only_with_trigger.py
[2024-06-20T07:59:31.065+0000] {processor.py:840} INFO - DAG(s) 'latest_only_with_trigger' retrieved from /home/airflow/.local/lib/python3.12/site-packages/airflow/example_dags/example_latest_only_with_trigger.py
[2024-06-20T07:59:31.126+0000] {logging_mixin.py:188} INFO - [2024-06-20T07:59:31.125+0000] {dag.py:3096} INFO - Sync 1 DAGs
[2024-06-20T07:59:31.197+0000] {logging_mixin.py:188} INFO - [2024-06-20T07:59:31.197+0000] {dag.py:3954} INFO - Setting next_dagrun for latest_only_with_trigger to 2024-06-20 00:00:00+00:00, run_after=2024-06-20 04:00:00+00:00
[2024-06-20T07:59:31.249+0000] {processor.py:183} INFO - Processing /home/airflow/.local/lib/python3.12/site-packages/airflow/example_dags/example_latest_only_with_trigger.py took 0.226 seconds
[2024-06-20T08:00:10.023+0000] {processor.py:161} INFO - Started process (PID=284) to work on /home/airflow/.local/lib/python3.12/site-packages/airflow/example_dags/example_latest_only_with_trigger.py
[2024-06-20T08:00:10.027+0000] {processor.py:830} INFO - Processing file /home/airflow/.local/lib/python3.12/site-packages/airflow/example_dags/example_latest_only_with_trigger.py for tasks to queue
[2024-06-20T08:00:10.033+0000] {logging_mixin.py:188} INFO - [2024-06-20T08:00:10.032+0000] {dagbag.py:545} INFO - Filling up the DagBag from /home/airflow/.local/lib/python3.12/site-packages/airflow/example_dags/example_latest_only_with_trigger.py
[2024-06-20T08:00:10.049+0000] {processor.py:840} INFO - DAG(s) 'latest_only_with_trigger' retrieved from /home/airflow/.local/lib/python3.12/site-packages/airflow/example_dags/example_latest_only_with_trigger.py
[2024-06-20T08:00:10.115+0000] {logging_mixin.py:188} INFO - [2024-06-20T08:00:10.114+0000] {dag.py:3096} INFO - Sync 1 DAGs
[2024-06-20T08:00:10.183+0000] {logging_mixin.py:188} INFO - [2024-06-20T08:00:10.182+0000] {dag.py:3954} INFO - Setting next_dagrun for latest_only_with_trigger to 2024-06-20 04:00:00+00:00, run_after=2024-06-20 08:00:00+00:00
[2024-06-20T08:00:10.242+0000] {processor.py:183} INFO - Processing /home/airflow/.local/lib/python3.12/site-packages/airflow/example_dags/example_latest_only_with_trigger.py took 0.234 seconds
