[2024-06-20T07:57:44.168+0000] {processor.py:161} INFO - Started process (PID=53) to work on /home/airflow/.local/lib/python3.12/site-packages/airflow/example_dags/example_complex.py
[2024-06-20T07:57:44.173+0000] {processor.py:830} INFO - Processing file /home/airflow/.local/lib/python3.12/site-packages/airflow/example_dags/example_complex.py for tasks to queue
[2024-06-20T07:57:44.185+0000] {logging_mixin.py:188} INFO - [2024-06-20T07:57:44.184+0000] {dagbag.py:545} INFO - Filling up the DagBag from /home/airflow/.local/lib/python3.12/site-packages/airflow/example_dags/example_complex.py
[2024-06-20T07:57:44.278+0000] {processor.py:840} INFO - DAG(s) 'example_complex' retrieved from /home/airflow/.local/lib/python3.12/site-packages/airflow/example_dags/example_complex.py
[2024-06-20T07:57:44.785+0000] {logging_mixin.py:188} INFO - [2024-06-20T07:57:44.784+0000] {dag.py:3096} INFO - Sync 1 DAGs
[2024-06-20T07:57:44.831+0000] {logging_mixin.py:188} INFO - [2024-06-20T07:57:44.831+0000] {dag.py:3954} INFO - Setting next_dagrun for example_complex to None, run_after=None
[2024-06-20T07:57:44.889+0000] {processor.py:183} INFO - Processing /home/airflow/.local/lib/python3.12/site-packages/airflow/example_dags/example_complex.py took 0.730 seconds
[2024-06-20T07:58:15.869+0000] {processor.py:161} INFO - Started process (PID=111) to work on /home/airflow/.local/lib/python3.12/site-packages/airflow/example_dags/example_complex.py
[2024-06-20T07:58:15.937+0000] {processor.py:830} INFO - Processing file /home/airflow/.local/lib/python3.12/site-packages/airflow/example_dags/example_complex.py for tasks to queue
[2024-06-20T07:58:15.945+0000] {logging_mixin.py:188} INFO - [2024-06-20T07:58:15.944+0000] {dagbag.py:545} INFO - Filling up the DagBag from /home/airflow/.local/lib/python3.12/site-packages/airflow/example_dags/example_complex.py
[2024-06-20T07:58:16.048+0000] {processor.py:840} INFO - DAG(s) 'example_complex' retrieved from /home/airflow/.local/lib/python3.12/site-packages/airflow/example_dags/example_complex.py
[2024-06-20T07:58:16.177+0000] {logging_mixin.py:188} INFO - [2024-06-20T07:58:16.176+0000] {dag.py:3096} INFO - Sync 1 DAGs
[2024-06-20T07:58:16.226+0000] {logging_mixin.py:188} INFO - [2024-06-20T07:58:16.225+0000] {dag.py:3954} INFO - Setting next_dagrun for example_complex to None, run_after=None
[2024-06-20T07:58:16.340+0000] {processor.py:183} INFO - Processing /home/airflow/.local/lib/python3.12/site-packages/airflow/example_dags/example_complex.py took 0.485 seconds
[2024-06-20T07:58:59.629+0000] {processor.py:161} INFO - Started process (PID=174) to work on /home/airflow/.local/lib/python3.12/site-packages/airflow/example_dags/example_complex.py
[2024-06-20T07:58:59.631+0000] {processor.py:830} INFO - Processing file /home/airflow/.local/lib/python3.12/site-packages/airflow/example_dags/example_complex.py for tasks to queue
[2024-06-20T07:58:59.635+0000] {logging_mixin.py:188} INFO - [2024-06-20T07:58:59.634+0000] {dagbag.py:545} INFO - Filling up the DagBag from /home/airflow/.local/lib/python3.12/site-packages/airflow/example_dags/example_complex.py
[2024-06-20T07:58:59.658+0000] {processor.py:840} INFO - DAG(s) 'example_complex' retrieved from /home/airflow/.local/lib/python3.12/site-packages/airflow/example_dags/example_complex.py
[2024-06-20T07:58:59.703+0000] {logging_mixin.py:188} INFO - [2024-06-20T07:58:59.702+0000] {dag.py:3096} INFO - Sync 1 DAGs
[2024-06-20T07:58:59.725+0000] {logging_mixin.py:188} INFO - [2024-06-20T07:58:59.724+0000] {dag.py:3954} INFO - Setting next_dagrun for example_complex to None, run_after=None
[2024-06-20T07:58:59.770+0000] {processor.py:183} INFO - Processing /home/airflow/.local/lib/python3.12/site-packages/airflow/example_dags/example_complex.py took 0.149 seconds
[2024-06-20T07:59:31.659+0000] {processor.py:161} INFO - Started process (PID=232) to work on /home/airflow/.local/lib/python3.12/site-packages/airflow/example_dags/example_complex.py
[2024-06-20T07:59:31.662+0000] {processor.py:830} INFO - Processing file /home/airflow/.local/lib/python3.12/site-packages/airflow/example_dags/example_complex.py for tasks to queue
[2024-06-20T07:59:31.667+0000] {logging_mixin.py:188} INFO - [2024-06-20T07:59:31.666+0000] {dagbag.py:545} INFO - Filling up the DagBag from /home/airflow/.local/lib/python3.12/site-packages/airflow/example_dags/example_complex.py
[2024-06-20T07:59:31.694+0000] {processor.py:840} INFO - DAG(s) 'example_complex' retrieved from /home/airflow/.local/lib/python3.12/site-packages/airflow/example_dags/example_complex.py
[2024-06-20T07:59:31.789+0000] {logging_mixin.py:188} INFO - [2024-06-20T07:59:31.788+0000] {dag.py:3096} INFO - Sync 1 DAGs
[2024-06-20T07:59:31.837+0000] {logging_mixin.py:188} INFO - [2024-06-20T07:59:31.836+0000] {dag.py:3954} INFO - Setting next_dagrun for example_complex to None, run_after=None
[2024-06-20T07:59:31.893+0000] {processor.py:183} INFO - Processing /home/airflow/.local/lib/python3.12/site-packages/airflow/example_dags/example_complex.py took 0.250 seconds
[2024-06-20T08:00:10.799+0000] {processor.py:161} INFO - Started process (PID=288) to work on /home/airflow/.local/lib/python3.12/site-packages/airflow/example_dags/example_complex.py
[2024-06-20T08:00:10.801+0000] {processor.py:830} INFO - Processing file /home/airflow/.local/lib/python3.12/site-packages/airflow/example_dags/example_complex.py for tasks to queue
[2024-06-20T08:00:10.807+0000] {logging_mixin.py:188} INFO - [2024-06-20T08:00:10.805+0000] {dagbag.py:545} INFO - Filling up the DagBag from /home/airflow/.local/lib/python3.12/site-packages/airflow/example_dags/example_complex.py
[2024-06-20T08:00:10.836+0000] {processor.py:840} INFO - DAG(s) 'example_complex' retrieved from /home/airflow/.local/lib/python3.12/site-packages/airflow/example_dags/example_complex.py
[2024-06-20T08:00:10.926+0000] {logging_mixin.py:188} INFO - [2024-06-20T08:00:10.925+0000] {dag.py:3096} INFO - Sync 1 DAGs
[2024-06-20T08:00:10.957+0000] {logging_mixin.py:188} INFO - [2024-06-20T08:00:10.957+0000] {dag.py:3954} INFO - Setting next_dagrun for example_complex to None, run_after=None
[2024-06-20T08:00:11.007+0000] {processor.py:183} INFO - Processing /home/airflow/.local/lib/python3.12/site-packages/airflow/example_dags/example_complex.py took 0.223 seconds
