[2024-06-20T07:57:38.258+0000] {processor.py:161} INFO - Started process (PID=40) to work on /home/airflow/.local/lib/python3.12/site-packages/airflow/example_dags/example_bash_operator.py
[2024-06-20T07:57:38.260+0000] {processor.py:830} INFO - Processing file /home/airflow/.local/lib/python3.12/site-packages/airflow/example_dags/example_bash_operator.py for tasks to queue
[2024-06-20T07:57:38.263+0000] {logging_mixin.py:188} INFO - [2024-06-20T07:57:38.262+0000] {dagbag.py:545} INFO - Filling up the DagBag from /home/airflow/.local/lib/python3.12/site-packages/airflow/example_dags/example_bash_operator.py
[2024-06-20T07:57:38.310+0000] {processor.py:840} INFO - DAG(s) 'example_bash_operator' retrieved from /home/airflow/.local/lib/python3.12/site-packages/airflow/example_dags/example_bash_operator.py
[2024-06-20T07:57:39.011+0000] {logging_mixin.py:188} INFO - [2024-06-20T07:57:39.010+0000] {dag.py:3096} INFO - Sync 1 DAGs
[2024-06-20T07:57:39.114+0000] {logging_mixin.py:188} INFO - [2024-06-20T07:57:39.113+0000] {dag.py:3954} INFO - Setting next_dagrun for example_bash_operator to 2024-06-19 00:00:00+00:00, run_after=2024-06-20 00:00:00+00:00
[2024-06-20T07:57:39.213+0000] {processor.py:183} INFO - Processing /home/airflow/.local/lib/python3.12/site-packages/airflow/example_dags/example_bash_operator.py took 1.026 seconds
[2024-06-20T07:58:09.434+0000] {processor.py:161} INFO - Started process (PID=98) to work on /home/airflow/.local/lib/python3.12/site-packages/airflow/example_dags/example_bash_operator.py
[2024-06-20T07:58:09.436+0000] {processor.py:830} INFO - Processing file /home/airflow/.local/lib/python3.12/site-packages/airflow/example_dags/example_bash_operator.py for tasks to queue
[2024-06-20T07:58:09.441+0000] {logging_mixin.py:188} INFO - [2024-06-20T07:58:09.441+0000] {dagbag.py:545} INFO - Filling up the DagBag from /home/airflow/.local/lib/python3.12/site-packages/airflow/example_dags/example_bash_operator.py
[2024-06-20T07:58:09.471+0000] {processor.py:840} INFO - DAG(s) 'example_bash_operator' retrieved from /home/airflow/.local/lib/python3.12/site-packages/airflow/example_dags/example_bash_operator.py
[2024-06-20T07:58:09.560+0000] {logging_mixin.py:188} INFO - [2024-06-20T07:58:09.559+0000] {dag.py:3096} INFO - Sync 1 DAGs
[2024-06-20T07:58:09.615+0000] {logging_mixin.py:188} INFO - [2024-06-20T07:58:09.615+0000] {dag.py:3954} INFO - Setting next_dagrun for example_bash_operator to 2024-06-19 00:00:00+00:00, run_after=2024-06-20 00:00:00+00:00
[2024-06-20T07:58:09.646+0000] {processor.py:183} INFO - Processing /home/airflow/.local/lib/python3.12/site-packages/airflow/example_dags/example_bash_operator.py took 0.227 seconds
[2024-06-20T07:58:58.180+0000] {processor.py:161} INFO - Started process (PID=161) to work on /home/airflow/.local/lib/python3.12/site-packages/airflow/example_dags/example_bash_operator.py
[2024-06-20T07:58:58.181+0000] {processor.py:830} INFO - Processing file /home/airflow/.local/lib/python3.12/site-packages/airflow/example_dags/example_bash_operator.py for tasks to queue
[2024-06-20T07:58:58.185+0000] {logging_mixin.py:188} INFO - [2024-06-20T07:58:58.184+0000] {dagbag.py:545} INFO - Filling up the DagBag from /home/airflow/.local/lib/python3.12/site-packages/airflow/example_dags/example_bash_operator.py
[2024-06-20T07:58:58.205+0000] {processor.py:840} INFO - DAG(s) 'example_bash_operator' retrieved from /home/airflow/.local/lib/python3.12/site-packages/airflow/example_dags/example_bash_operator.py
[2024-06-20T07:58:58.277+0000] {logging_mixin.py:188} INFO - [2024-06-20T07:58:58.277+0000] {dag.py:3096} INFO - Sync 1 DAGs
[2024-06-20T07:58:58.327+0000] {logging_mixin.py:188} INFO - [2024-06-20T07:58:58.326+0000] {dag.py:3954} INFO - Setting next_dagrun for example_bash_operator to 2024-06-19 00:00:00+00:00, run_after=2024-06-20 00:00:00+00:00
[2024-06-20T07:58:58.359+0000] {processor.py:183} INFO - Processing /home/airflow/.local/lib/python3.12/site-packages/airflow/example_dags/example_bash_operator.py took 0.187 seconds
[2024-06-20T07:59:29.353+0000] {processor.py:161} INFO - Started process (PID=217) to work on /home/airflow/.local/lib/python3.12/site-packages/airflow/example_dags/example_bash_operator.py
[2024-06-20T07:59:29.354+0000] {processor.py:830} INFO - Processing file /home/airflow/.local/lib/python3.12/site-packages/airflow/example_dags/example_bash_operator.py for tasks to queue
[2024-06-20T07:59:29.357+0000] {logging_mixin.py:188} INFO - [2024-06-20T07:59:29.356+0000] {dagbag.py:545} INFO - Filling up the DagBag from /home/airflow/.local/lib/python3.12/site-packages/airflow/example_dags/example_bash_operator.py
[2024-06-20T07:59:29.375+0000] {processor.py:840} INFO - DAG(s) 'example_bash_operator' retrieved from /home/airflow/.local/lib/python3.12/site-packages/airflow/example_dags/example_bash_operator.py
[2024-06-20T07:59:29.418+0000] {logging_mixin.py:188} INFO - [2024-06-20T07:59:29.417+0000] {dag.py:3096} INFO - Sync 1 DAGs
[2024-06-20T07:59:29.455+0000] {logging_mixin.py:188} INFO - [2024-06-20T07:59:29.454+0000] {dag.py:3954} INFO - Setting next_dagrun for example_bash_operator to 2024-06-19 00:00:00+00:00, run_after=2024-06-20 00:00:00+00:00
[2024-06-20T07:59:29.485+0000] {processor.py:183} INFO - Processing /home/airflow/.local/lib/python3.12/site-packages/airflow/example_dags/example_bash_operator.py took 0.140 seconds
[2024-06-20T08:00:08.957+0000] {processor.py:161} INFO - Started process (PID=275) to work on /home/airflow/.local/lib/python3.12/site-packages/airflow/example_dags/example_bash_operator.py
[2024-06-20T08:00:08.962+0000] {processor.py:830} INFO - Processing file /home/airflow/.local/lib/python3.12/site-packages/airflow/example_dags/example_bash_operator.py for tasks to queue
[2024-06-20T08:00:08.966+0000] {logging_mixin.py:188} INFO - [2024-06-20T08:00:08.965+0000] {dagbag.py:545} INFO - Filling up the DagBag from /home/airflow/.local/lib/python3.12/site-packages/airflow/example_dags/example_bash_operator.py
[2024-06-20T08:00:08.987+0000] {processor.py:840} INFO - DAG(s) 'example_bash_operator' retrieved from /home/airflow/.local/lib/python3.12/site-packages/airflow/example_dags/example_bash_operator.py
[2024-06-20T08:00:09.027+0000] {logging_mixin.py:188} INFO - [2024-06-20T08:00:09.026+0000] {dag.py:3096} INFO - Sync 1 DAGs
[2024-06-20T08:00:09.068+0000] {logging_mixin.py:188} INFO - [2024-06-20T08:00:09.068+0000] {dag.py:3954} INFO - Setting next_dagrun for example_bash_operator to 2024-06-19 00:00:00+00:00, run_after=2024-06-20 00:00:00+00:00
[2024-06-20T08:00:09.094+0000] {processor.py:183} INFO - Processing /home/airflow/.local/lib/python3.12/site-packages/airflow/example_dags/example_bash_operator.py took 0.154 seconds
