[2024-06-20T07:57:43.119+0000] {processor.py:161} INFO - Started process (PID=51) to work on /home/airflow/.local/lib/python3.12/site-packages/airflow/example_dags/example_sla_dag.py
[2024-06-20T07:57:43.120+0000] {processor.py:830} INFO - Processing file /home/airflow/.local/lib/python3.12/site-packages/airflow/example_dags/example_sla_dag.py for tasks to queue
[2024-06-20T07:57:43.124+0000] {logging_mixin.py:188} INFO - [2024-06-20T07:57:43.123+0000] {dagbag.py:545} INFO - Filling up the DagBag from /home/airflow/.local/lib/python3.12/site-packages/airflow/example_dags/example_sla_dag.py
[2024-06-20T07:57:43.184+0000] {processor.py:840} INFO - DAG(s) 'example_sla_dag' retrieved from /home/airflow/.local/lib/python3.12/site-packages/airflow/example_dags/example_sla_dag.py
[2024-06-20T07:57:43.806+0000] {logging_mixin.py:188} INFO - [2024-06-20T07:57:43.804+0000] {dag.py:3096} INFO - Sync 1 DAGs
[2024-06-20T07:57:44.049+0000] {logging_mixin.py:188} INFO - [2024-06-20T07:57:44.048+0000] {dag.py:3954} INFO - Setting next_dagrun for example_sla_dag to 2024-06-20 07:54:00+00:00, run_after=2024-06-20 07:56:00+00:00
[2024-06-20T07:57:44.119+0000] {processor.py:183} INFO - Processing /home/airflow/.local/lib/python3.12/site-packages/airflow/example_dags/example_sla_dag.py took 1.008 seconds
[2024-06-20T07:58:14.262+0000] {processor.py:161} INFO - Started process (PID=109) to work on /home/airflow/.local/lib/python3.12/site-packages/airflow/example_dags/example_sla_dag.py
[2024-06-20T07:58:14.265+0000] {processor.py:830} INFO - Processing file /home/airflow/.local/lib/python3.12/site-packages/airflow/example_dags/example_sla_dag.py for tasks to queue
[2024-06-20T07:58:14.269+0000] {logging_mixin.py:188} INFO - [2024-06-20T07:58:14.268+0000] {dagbag.py:545} INFO - Filling up the DagBag from /home/airflow/.local/lib/python3.12/site-packages/airflow/example_dags/example_sla_dag.py
[2024-06-20T07:58:14.288+0000] {processor.py:840} INFO - DAG(s) 'example_sla_dag' retrieved from /home/airflow/.local/lib/python3.12/site-packages/airflow/example_dags/example_sla_dag.py
[2024-06-20T07:58:14.326+0000] {logging_mixin.py:188} INFO - [2024-06-20T07:58:14.325+0000] {dag.py:3096} INFO - Sync 1 DAGs
[2024-06-20T07:58:14.381+0000] {logging_mixin.py:188} INFO - [2024-06-20T07:58:14.380+0000] {dag.py:3954} INFO - Setting next_dagrun for example_sla_dag to 2024-06-20 07:56:00+00:00, run_after=2024-06-20 07:58:00+00:00
[2024-06-20T07:58:14.419+0000] {processor.py:183} INFO - Processing /home/airflow/.local/lib/python3.12/site-packages/airflow/example_dags/example_sla_dag.py took 0.172 seconds
[2024-06-20T07:58:59.311+0000] {processor.py:161} INFO - Started process (PID=172) to work on /home/airflow/.local/lib/python3.12/site-packages/airflow/example_dags/example_sla_dag.py
[2024-06-20T07:58:59.313+0000] {processor.py:830} INFO - Processing file /home/airflow/.local/lib/python3.12/site-packages/airflow/example_dags/example_sla_dag.py for tasks to queue
[2024-06-20T07:58:59.315+0000] {logging_mixin.py:188} INFO - [2024-06-20T07:58:59.315+0000] {dagbag.py:545} INFO - Filling up the DagBag from /home/airflow/.local/lib/python3.12/site-packages/airflow/example_dags/example_sla_dag.py
[2024-06-20T07:58:59.329+0000] {processor.py:840} INFO - DAG(s) 'example_sla_dag' retrieved from /home/airflow/.local/lib/python3.12/site-packages/airflow/example_dags/example_sla_dag.py
[2024-06-20T07:58:59.362+0000] {logging_mixin.py:188} INFO - [2024-06-20T07:58:59.362+0000] {dag.py:3096} INFO - Sync 1 DAGs
[2024-06-20T07:58:59.492+0000] {logging_mixin.py:188} INFO - [2024-06-20T07:58:59.491+0000] {dag.py:3954} INFO - Setting next_dagrun for example_sla_dag to 2024-06-20 07:56:00+00:00, run_after=2024-06-20 07:58:00+00:00
[2024-06-20T07:58:59.575+0000] {processor.py:183} INFO - Processing /home/airflow/.local/lib/python3.12/site-packages/airflow/example_dags/example_sla_dag.py took 0.272 seconds
[2024-06-20T07:59:31.313+0000] {processor.py:161} INFO - Started process (PID=230) to work on /home/airflow/.local/lib/python3.12/site-packages/airflow/example_dags/example_sla_dag.py
[2024-06-20T07:59:31.316+0000] {processor.py:830} INFO - Processing file /home/airflow/.local/lib/python3.12/site-packages/airflow/example_dags/example_sla_dag.py for tasks to queue
[2024-06-20T07:59:31.321+0000] {logging_mixin.py:188} INFO - [2024-06-20T07:59:31.320+0000] {dagbag.py:545} INFO - Filling up the DagBag from /home/airflow/.local/lib/python3.12/site-packages/airflow/example_dags/example_sla_dag.py
[2024-06-20T07:59:31.342+0000] {processor.py:840} INFO - DAG(s) 'example_sla_dag' retrieved from /home/airflow/.local/lib/python3.12/site-packages/airflow/example_dags/example_sla_dag.py
[2024-06-20T07:59:31.406+0000] {logging_mixin.py:188} INFO - [2024-06-20T07:59:31.405+0000] {dag.py:3096} INFO - Sync 1 DAGs
[2024-06-20T07:59:31.483+0000] {logging_mixin.py:188} INFO - [2024-06-20T07:59:31.482+0000] {dag.py:3954} INFO - Setting next_dagrun for example_sla_dag to 2024-06-20 07:56:00+00:00, run_after=2024-06-20 07:58:00+00:00
[2024-06-20T07:59:31.556+0000] {processor.py:183} INFO - Processing /home/airflow/.local/lib/python3.12/site-packages/airflow/example_dags/example_sla_dag.py took 0.257 seconds
[2024-06-20T08:00:10.512+0000] {processor.py:161} INFO - Started process (PID=286) to work on /home/airflow/.local/lib/python3.12/site-packages/airflow/example_dags/example_sla_dag.py
[2024-06-20T08:00:10.515+0000] {processor.py:830} INFO - Processing file /home/airflow/.local/lib/python3.12/site-packages/airflow/example_dags/example_sla_dag.py for tasks to queue
[2024-06-20T08:00:10.520+0000] {logging_mixin.py:188} INFO - [2024-06-20T08:00:10.519+0000] {dagbag.py:545} INFO - Filling up the DagBag from /home/airflow/.local/lib/python3.12/site-packages/airflow/example_dags/example_sla_dag.py
[2024-06-20T08:00:10.543+0000] {processor.py:840} INFO - DAG(s) 'example_sla_dag' retrieved from /home/airflow/.local/lib/python3.12/site-packages/airflow/example_dags/example_sla_dag.py
[2024-06-20T08:00:10.594+0000] {logging_mixin.py:188} INFO - [2024-06-20T08:00:10.593+0000] {dag.py:3096} INFO - Sync 1 DAGs
[2024-06-20T08:00:10.659+0000] {logging_mixin.py:188} INFO - [2024-06-20T08:00:10.658+0000] {dag.py:3954} INFO - Setting next_dagrun for example_sla_dag to 2024-06-20 07:58:00+00:00, run_after=2024-06-20 08:00:00+00:00
[2024-06-20T08:00:10.709+0000] {processor.py:183} INFO - Processing /home/airflow/.local/lib/python3.12/site-packages/airflow/example_dags/example_sla_dag.py took 0.211 seconds
