[2024-06-20T07:57:51.418+0000] {processor.py:161} INFO - Started process (PID=76) to work on /home/airflow/.local/lib/python3.12/site-packages/airflow/example_dags/example_branch_day_of_week_operator.py
[2024-06-20T07:57:51.419+0000] {processor.py:830} INFO - Processing file /home/airflow/.local/lib/python3.12/site-packages/airflow/example_dags/example_branch_day_of_week_operator.py for tasks to queue
[2024-06-20T07:57:51.422+0000] {logging_mixin.py:188} INFO - [2024-06-20T07:57:51.421+0000] {dagbag.py:545} INFO - Filling up the DagBag from /home/airflow/.local/lib/python3.12/site-packages/airflow/example_dags/example_branch_day_of_week_operator.py
[2024-06-20T07:57:51.432+0000] {processor.py:840} INFO - DAG(s) 'example_weekday_branch_operator' retrieved from /home/airflow/.local/lib/python3.12/site-packages/airflow/example_dags/example_branch_day_of_week_operator.py
[2024-06-20T07:57:51.805+0000] {logging_mixin.py:188} INFO - [2024-06-20T07:57:51.805+0000] {dag.py:3096} INFO - Sync 1 DAGs
[2024-06-20T07:57:51.890+0000] {logging_mixin.py:188} INFO - [2024-06-20T07:57:51.889+0000] {dag.py:3954} INFO - Setting next_dagrun for example_weekday_branch_operator to 2024-06-19 00:00:00+00:00, run_after=2024-06-20 00:00:00+00:00
[2024-06-20T07:57:51.987+0000] {processor.py:183} INFO - Processing /home/airflow/.local/lib/python3.12/site-packages/airflow/example_dags/example_branch_day_of_week_operator.py took 0.577 seconds
[2024-06-20T07:58:29.232+0000] {processor.py:161} INFO - Started process (PID=134) to work on /home/airflow/.local/lib/python3.12/site-packages/airflow/example_dags/example_branch_day_of_week_operator.py
[2024-06-20T07:58:29.236+0000] {processor.py:830} INFO - Processing file /home/airflow/.local/lib/python3.12/site-packages/airflow/example_dags/example_branch_day_of_week_operator.py for tasks to queue
[2024-06-20T07:58:29.240+0000] {logging_mixin.py:188} INFO - [2024-06-20T07:58:29.239+0000] {dagbag.py:545} INFO - Filling up the DagBag from /home/airflow/.local/lib/python3.12/site-packages/airflow/example_dags/example_branch_day_of_week_operator.py
[2024-06-20T07:58:29.255+0000] {processor.py:840} INFO - DAG(s) 'example_weekday_branch_operator' retrieved from /home/airflow/.local/lib/python3.12/site-packages/airflow/example_dags/example_branch_day_of_week_operator.py
[2024-06-20T07:58:29.338+0000] {logging_mixin.py:188} INFO - [2024-06-20T07:58:29.337+0000] {dag.py:3096} INFO - Sync 1 DAGs
[2024-06-20T07:58:29.436+0000] {logging_mixin.py:188} INFO - [2024-06-20T07:58:29.433+0000] {dag.py:3954} INFO - Setting next_dagrun for example_weekday_branch_operator to 2024-06-19 00:00:00+00:00, run_after=2024-06-20 00:00:00+00:00
[2024-06-20T07:58:29.557+0000] {processor.py:183} INFO - Processing /home/airflow/.local/lib/python3.12/site-packages/airflow/example_dags/example_branch_day_of_week_operator.py took 0.346 seconds
[2024-06-20T07:59:10.722+0000] {processor.py:161} INFO - Started process (PID=193) to work on /home/airflow/.local/lib/python3.12/site-packages/airflow/example_dags/example_branch_day_of_week_operator.py
[2024-06-20T07:59:10.724+0000] {processor.py:830} INFO - Processing file /home/airflow/.local/lib/python3.12/site-packages/airflow/example_dags/example_branch_day_of_week_operator.py for tasks to queue
[2024-06-20T07:59:10.728+0000] {logging_mixin.py:188} INFO - [2024-06-20T07:59:10.727+0000] {dagbag.py:545} INFO - Filling up the DagBag from /home/airflow/.local/lib/python3.12/site-packages/airflow/example_dags/example_branch_day_of_week_operator.py
[2024-06-20T07:59:10.792+0000] {processor.py:840} INFO - DAG(s) 'example_weekday_branch_operator' retrieved from /home/airflow/.local/lib/python3.12/site-packages/airflow/example_dags/example_branch_day_of_week_operator.py
[2024-06-20T07:59:10.867+0000] {logging_mixin.py:188} INFO - [2024-06-20T07:59:10.866+0000] {dag.py:3096} INFO - Sync 1 DAGs
[2024-06-20T07:59:10.927+0000] {logging_mixin.py:188} INFO - [2024-06-20T07:59:10.926+0000] {dag.py:3954} INFO - Setting next_dagrun for example_weekday_branch_operator to 2024-06-19 00:00:00+00:00, run_after=2024-06-20 00:00:00+00:00
[2024-06-20T07:59:11.112+0000] {processor.py:183} INFO - Processing /home/airflow/.local/lib/python3.12/site-packages/airflow/example_dags/example_branch_day_of_week_operator.py took 0.402 seconds
[2024-06-20T07:59:43.804+0000] {processor.py:161} INFO - Started process (PID=249) to work on /home/airflow/.local/lib/python3.12/site-packages/airflow/example_dags/example_branch_day_of_week_operator.py
[2024-06-20T07:59:43.806+0000] {processor.py:830} INFO - Processing file /home/airflow/.local/lib/python3.12/site-packages/airflow/example_dags/example_branch_day_of_week_operator.py for tasks to queue
[2024-06-20T07:59:43.809+0000] {logging_mixin.py:188} INFO - [2024-06-20T07:59:43.808+0000] {dagbag.py:545} INFO - Filling up the DagBag from /home/airflow/.local/lib/python3.12/site-packages/airflow/example_dags/example_branch_day_of_week_operator.py
[2024-06-20T07:59:43.821+0000] {processor.py:840} INFO - DAG(s) 'example_weekday_branch_operator' retrieved from /home/airflow/.local/lib/python3.12/site-packages/airflow/example_dags/example_branch_day_of_week_operator.py
[2024-06-20T07:59:43.873+0000] {logging_mixin.py:188} INFO - [2024-06-20T07:59:43.872+0000] {dag.py:3096} INFO - Sync 1 DAGs
[2024-06-20T07:59:43.936+0000] {logging_mixin.py:188} INFO - [2024-06-20T07:59:43.935+0000] {dag.py:3954} INFO - Setting next_dagrun for example_weekday_branch_operator to 2024-06-19 00:00:00+00:00, run_after=2024-06-20 00:00:00+00:00
[2024-06-20T07:59:43.976+0000] {processor.py:183} INFO - Processing /home/airflow/.local/lib/python3.12/site-packages/airflow/example_dags/example_branch_day_of_week_operator.py took 0.183 seconds
[2024-06-20T08:00:14.285+0000] {processor.py:161} INFO - Started process (PID=307) to work on /home/airflow/.local/lib/python3.12/site-packages/airflow/example_dags/example_branch_day_of_week_operator.py
[2024-06-20T08:00:14.288+0000] {processor.py:830} INFO - Processing file /home/airflow/.local/lib/python3.12/site-packages/airflow/example_dags/example_branch_day_of_week_operator.py for tasks to queue
[2024-06-20T08:00:14.294+0000] {logging_mixin.py:188} INFO - [2024-06-20T08:00:14.293+0000] {dagbag.py:545} INFO - Filling up the DagBag from /home/airflow/.local/lib/python3.12/site-packages/airflow/example_dags/example_branch_day_of_week_operator.py
[2024-06-20T08:00:14.312+0000] {processor.py:840} INFO - DAG(s) 'example_weekday_branch_operator' retrieved from /home/airflow/.local/lib/python3.12/site-packages/airflow/example_dags/example_branch_day_of_week_operator.py
[2024-06-20T08:00:14.361+0000] {logging_mixin.py:188} INFO - [2024-06-20T08:00:14.360+0000] {dag.py:3096} INFO - Sync 1 DAGs
[2024-06-20T08:00:14.409+0000] {logging_mixin.py:188} INFO - [2024-06-20T08:00:14.408+0000] {dag.py:3954} INFO - Setting next_dagrun for example_weekday_branch_operator to 2024-06-19 00:00:00+00:00, run_after=2024-06-20 00:00:00+00:00
[2024-06-20T08:00:14.457+0000] {processor.py:183} INFO - Processing /home/airflow/.local/lib/python3.12/site-packages/airflow/example_dags/example_branch_day_of_week_operator.py took 0.185 seconds
