[2024-06-20T07:57:49.923+0000] {processor.py:161} INFO - Started process (PID=71) to work on /home/airflow/.local/lib/python3.12/site-packages/airflow/example_dags/example_branch_operator.py
[2024-06-20T07:57:49.925+0000] {processor.py:830} INFO - Processing file /home/airflow/.local/lib/python3.12/site-packages/airflow/example_dags/example_branch_operator.py for tasks to queue
[2024-06-20T07:57:49.929+0000] {logging_mixin.py:188} INFO - [2024-06-20T07:57:49.928+0000] {dagbag.py:545} INFO - Filling up the DagBag from /home/airflow/.local/lib/python3.12/site-packages/airflow/example_dags/example_branch_operator.py
[2024-06-20T07:57:50.068+0000] {processor.py:840} INFO - DAG(s) 'example_branch_operator' retrieved from /home/airflow/.local/lib/python3.12/site-packages/airflow/example_dags/example_branch_operator.py
[2024-06-20T07:57:50.451+0000] {logging_mixin.py:188} INFO - [2024-06-20T07:57:50.450+0000] {dag.py:3096} INFO - Sync 1 DAGs
[2024-06-20T07:57:50.555+0000] {logging_mixin.py:188} INFO - [2024-06-20T07:57:50.554+0000] {dag.py:3954} INFO - Setting next_dagrun for example_branch_operator to 2024-06-19 00:00:00+00:00, run_after=2024-06-20 00:00:00+00:00
[2024-06-20T07:57:50.650+0000] {processor.py:183} INFO - Processing /home/airflow/.local/lib/python3.12/site-packages/airflow/example_dags/example_branch_operator.py took 0.742 seconds
[2024-06-20T07:58:23.171+0000] {processor.py:161} INFO - Started process (PID=129) to work on /home/airflow/.local/lib/python3.12/site-packages/airflow/example_dags/example_branch_operator.py
[2024-06-20T07:58:23.174+0000] {processor.py:830} INFO - Processing file /home/airflow/.local/lib/python3.12/site-packages/airflow/example_dags/example_branch_operator.py for tasks to queue
[2024-06-20T07:58:23.187+0000] {logging_mixin.py:188} INFO - [2024-06-20T07:58:23.186+0000] {dagbag.py:545} INFO - Filling up the DagBag from /home/airflow/.local/lib/python3.12/site-packages/airflow/example_dags/example_branch_operator.py
[2024-06-20T07:58:23.215+0000] {processor.py:840} INFO - DAG(s) 'example_branch_operator' retrieved from /home/airflow/.local/lib/python3.12/site-packages/airflow/example_dags/example_branch_operator.py
[2024-06-20T07:58:23.968+0000] {logging_mixin.py:188} INFO - [2024-06-20T07:58:23.968+0000] {dag.py:3096} INFO - Sync 1 DAGs
[2024-06-20T07:58:24.324+0000] {logging_mixin.py:188} INFO - [2024-06-20T07:58:24.323+0000] {dag.py:3954} INFO - Setting next_dagrun for example_branch_operator to 2024-06-19 00:00:00+00:00, run_after=2024-06-20 00:00:00+00:00
[2024-06-20T07:58:24.402+0000] {processor.py:183} INFO - Processing /home/airflow/.local/lib/python3.12/site-packages/airflow/example_dags/example_branch_operator.py took 1.272 seconds
[2024-06-20T07:59:04.814+0000] {processor.py:161} INFO - Started process (PID=188) to work on /home/airflow/.local/lib/python3.12/site-packages/airflow/example_dags/example_branch_operator.py
[2024-06-20T07:59:04.815+0000] {processor.py:830} INFO - Processing file /home/airflow/.local/lib/python3.12/site-packages/airflow/example_dags/example_branch_operator.py for tasks to queue
[2024-06-20T07:59:04.821+0000] {logging_mixin.py:188} INFO - [2024-06-20T07:59:04.820+0000] {dagbag.py:545} INFO - Filling up the DagBag from /home/airflow/.local/lib/python3.12/site-packages/airflow/example_dags/example_branch_operator.py
[2024-06-20T07:59:04.872+0000] {processor.py:840} INFO - DAG(s) 'example_branch_operator' retrieved from /home/airflow/.local/lib/python3.12/site-packages/airflow/example_dags/example_branch_operator.py
[2024-06-20T07:59:04.933+0000] {logging_mixin.py:188} INFO - [2024-06-20T07:59:04.932+0000] {dag.py:3096} INFO - Sync 1 DAGs
[2024-06-20T07:59:04.988+0000] {logging_mixin.py:188} INFO - [2024-06-20T07:59:04.988+0000] {dag.py:3954} INFO - Setting next_dagrun for example_branch_operator to 2024-06-19 00:00:00+00:00, run_after=2024-06-20 00:00:00+00:00
[2024-06-20T07:59:05.039+0000] {processor.py:183} INFO - Processing /home/airflow/.local/lib/python3.12/site-packages/airflow/example_dags/example_branch_operator.py took 0.233 seconds
[2024-06-20T07:59:43.121+0000] {processor.py:161} INFO - Started process (PID=244) to work on /home/airflow/.local/lib/python3.12/site-packages/airflow/example_dags/example_branch_operator.py
[2024-06-20T07:59:43.122+0000] {processor.py:830} INFO - Processing file /home/airflow/.local/lib/python3.12/site-packages/airflow/example_dags/example_branch_operator.py for tasks to queue
[2024-06-20T07:59:43.124+0000] {logging_mixin.py:188} INFO - [2024-06-20T07:59:43.124+0000] {dagbag.py:545} INFO - Filling up the DagBag from /home/airflow/.local/lib/python3.12/site-packages/airflow/example_dags/example_branch_operator.py
[2024-06-20T07:59:43.146+0000] {processor.py:840} INFO - DAG(s) 'example_branch_operator' retrieved from /home/airflow/.local/lib/python3.12/site-packages/airflow/example_dags/example_branch_operator.py
[2024-06-20T07:59:43.196+0000] {logging_mixin.py:188} INFO - [2024-06-20T07:59:43.195+0000] {dag.py:3096} INFO - Sync 1 DAGs
[2024-06-20T07:59:43.255+0000] {logging_mixin.py:188} INFO - [2024-06-20T07:59:43.254+0000] {dag.py:3954} INFO - Setting next_dagrun for example_branch_operator to 2024-06-19 00:00:00+00:00, run_after=2024-06-20 00:00:00+00:00
[2024-06-20T07:59:43.312+0000] {processor.py:183} INFO - Processing /home/airflow/.local/lib/python3.12/site-packages/airflow/example_dags/example_branch_operator.py took 0.200 seconds
[2024-06-20T08:00:13.425+0000] {processor.py:161} INFO - Started process (PID=302) to work on /home/airflow/.local/lib/python3.12/site-packages/airflow/example_dags/example_branch_operator.py
[2024-06-20T08:00:13.427+0000] {processor.py:830} INFO - Processing file /home/airflow/.local/lib/python3.12/site-packages/airflow/example_dags/example_branch_operator.py for tasks to queue
[2024-06-20T08:00:13.430+0000] {logging_mixin.py:188} INFO - [2024-06-20T08:00:13.430+0000] {dagbag.py:545} INFO - Filling up the DagBag from /home/airflow/.local/lib/python3.12/site-packages/airflow/example_dags/example_branch_operator.py
[2024-06-20T08:00:13.455+0000] {processor.py:840} INFO - DAG(s) 'example_branch_operator' retrieved from /home/airflow/.local/lib/python3.12/site-packages/airflow/example_dags/example_branch_operator.py
[2024-06-20T08:00:13.493+0000] {logging_mixin.py:188} INFO - [2024-06-20T08:00:13.493+0000] {dag.py:3096} INFO - Sync 1 DAGs
[2024-06-20T08:00:13.529+0000] {logging_mixin.py:188} INFO - [2024-06-20T08:00:13.529+0000] {dag.py:3954} INFO - Setting next_dagrun for example_branch_operator to 2024-06-19 00:00:00+00:00, run_after=2024-06-20 00:00:00+00:00
[2024-06-20T08:00:13.555+0000] {processor.py:183} INFO - Processing /home/airflow/.local/lib/python3.12/site-packages/airflow/example_dags/example_branch_operator.py took 0.142 seconds
