[2024-06-20T07:57:52.721+0000] {processor.py:161} INFO - Started process (PID=80) to work on /home/airflow/.local/lib/python3.12/site-packages/airflow/example_dags/example_branch_python_dop_operator_3.py
[2024-06-20T07:57:52.736+0000] {processor.py:830} INFO - Processing file /home/airflow/.local/lib/python3.12/site-packages/airflow/example_dags/example_branch_python_dop_operator_3.py for tasks to queue
[2024-06-20T07:57:52.745+0000] {logging_mixin.py:188} INFO - [2024-06-20T07:57:52.744+0000] {dagbag.py:545} INFO - Filling up the DagBag from /home/airflow/.local/lib/python3.12/site-packages/airflow/example_dags/example_branch_python_dop_operator_3.py
[2024-06-20T07:57:52.763+0000] {processor.py:840} INFO - DAG(s) 'example_branch_dop_operator_v3' retrieved from /home/airflow/.local/lib/python3.12/site-packages/airflow/example_dags/example_branch_python_dop_operator_3.py
[2024-06-20T07:57:53.007+0000] {logging_mixin.py:188} INFO - [2024-06-20T07:57:53.007+0000] {dag.py:3096} INFO - Sync 1 DAGs
[2024-06-20T07:57:53.073+0000] {logging_mixin.py:188} INFO - [2024-06-20T07:57:53.073+0000] {dag.py:3954} INFO - Setting next_dagrun for example_branch_dop_operator_v3 to 2024-06-20 07:56:00+00:00, run_after=2024-06-20 07:57:00+00:00
[2024-06-20T07:57:53.122+0000] {processor.py:183} INFO - Processing /home/airflow/.local/lib/python3.12/site-packages/airflow/example_dags/example_branch_python_dop_operator_3.py took 0.413 seconds
[2024-06-20T07:58:33.475+0000] {processor.py:161} INFO - Started process (PID=138) to work on /home/airflow/.local/lib/python3.12/site-packages/airflow/example_dags/example_branch_python_dop_operator_3.py
[2024-06-20T07:58:33.498+0000] {processor.py:830} INFO - Processing file /home/airflow/.local/lib/python3.12/site-packages/airflow/example_dags/example_branch_python_dop_operator_3.py for tasks to queue
[2024-06-20T07:58:33.512+0000] {logging_mixin.py:188} INFO - [2024-06-20T07:58:33.510+0000] {dagbag.py:545} INFO - Filling up the DagBag from /home/airflow/.local/lib/python3.12/site-packages/airflow/example_dags/example_branch_python_dop_operator_3.py
[2024-06-20T07:58:33.554+0000] {processor.py:840} INFO - DAG(s) 'example_branch_dop_operator_v3' retrieved from /home/airflow/.local/lib/python3.12/site-packages/airflow/example_dags/example_branch_python_dop_operator_3.py
[2024-06-20T07:58:33.628+0000] {logging_mixin.py:188} INFO - [2024-06-20T07:58:33.628+0000] {dag.py:3096} INFO - Sync 1 DAGs
[2024-06-20T07:58:33.762+0000] {logging_mixin.py:188} INFO - [2024-06-20T07:58:33.761+0000] {dag.py:3954} INFO - Setting next_dagrun for example_branch_dop_operator_v3 to 2024-06-20 07:57:00+00:00, run_after=2024-06-20 07:58:00+00:00
[2024-06-20T07:58:33.849+0000] {processor.py:183} INFO - Processing /home/airflow/.local/lib/python3.12/site-packages/airflow/example_dags/example_branch_python_dop_operator_3.py took 0.408 seconds
[2024-06-20T07:59:12.262+0000] {processor.py:161} INFO - Started process (PID=197) to work on /home/airflow/.local/lib/python3.12/site-packages/airflow/example_dags/example_branch_python_dop_operator_3.py
[2024-06-20T07:59:12.265+0000] {processor.py:830} INFO - Processing file /home/airflow/.local/lib/python3.12/site-packages/airflow/example_dags/example_branch_python_dop_operator_3.py for tasks to queue
[2024-06-20T07:59:12.272+0000] {logging_mixin.py:188} INFO - [2024-06-20T07:59:12.271+0000] {dagbag.py:545} INFO - Filling up the DagBag from /home/airflow/.local/lib/python3.12/site-packages/airflow/example_dags/example_branch_python_dop_operator_3.py
[2024-06-20T07:59:12.287+0000] {processor.py:840} INFO - DAG(s) 'example_branch_dop_operator_v3' retrieved from /home/airflow/.local/lib/python3.12/site-packages/airflow/example_dags/example_branch_python_dop_operator_3.py
[2024-06-20T07:59:12.322+0000] {logging_mixin.py:188} INFO - [2024-06-20T07:59:12.321+0000] {dag.py:3096} INFO - Sync 1 DAGs
[2024-06-20T07:59:12.390+0000] {logging_mixin.py:188} INFO - [2024-06-20T07:59:12.390+0000] {dag.py:3954} INFO - Setting next_dagrun for example_branch_dop_operator_v3 to 2024-06-20 07:58:00+00:00, run_after=2024-06-20 07:59:00+00:00
[2024-06-20T07:59:13.601+0000] {processor.py:183} INFO - Processing /home/airflow/.local/lib/python3.12/site-packages/airflow/example_dags/example_branch_python_dop_operator_3.py took 1.353 seconds
[2024-06-20T07:59:44.288+0000] {processor.py:161} INFO - Started process (PID=254) to work on /home/airflow/.local/lib/python3.12/site-packages/airflow/example_dags/example_branch_python_dop_operator_3.py
[2024-06-20T07:59:44.292+0000] {processor.py:830} INFO - Processing file /home/airflow/.local/lib/python3.12/site-packages/airflow/example_dags/example_branch_python_dop_operator_3.py for tasks to queue
[2024-06-20T07:59:44.299+0000] {logging_mixin.py:188} INFO - [2024-06-20T07:59:44.298+0000] {dagbag.py:545} INFO - Filling up the DagBag from /home/airflow/.local/lib/python3.12/site-packages/airflow/example_dags/example_branch_python_dop_operator_3.py
[2024-06-20T07:59:44.324+0000] {processor.py:840} INFO - DAG(s) 'example_branch_dop_operator_v3' retrieved from /home/airflow/.local/lib/python3.12/site-packages/airflow/example_dags/example_branch_python_dop_operator_3.py
[2024-06-20T07:59:44.376+0000] {logging_mixin.py:188} INFO - [2024-06-20T07:59:44.375+0000] {dag.py:3096} INFO - Sync 1 DAGs
[2024-06-20T07:59:44.446+0000] {logging_mixin.py:188} INFO - [2024-06-20T07:59:44.446+0000] {dag.py:3954} INFO - Setting next_dagrun for example_branch_dop_operator_v3 to 2024-06-20 07:58:00+00:00, run_after=2024-06-20 07:59:00+00:00
[2024-06-20T07:59:44.486+0000] {processor.py:183} INFO - Processing /home/airflow/.local/lib/python3.12/site-packages/airflow/example_dags/example_branch_python_dop_operator_3.py took 0.215 seconds
[2024-06-20T08:00:14.686+0000] {processor.py:161} INFO - Started process (PID=311) to work on /home/airflow/.local/lib/python3.12/site-packages/airflow/example_dags/example_branch_python_dop_operator_3.py
[2024-06-20T08:00:14.688+0000] {processor.py:830} INFO - Processing file /home/airflow/.local/lib/python3.12/site-packages/airflow/example_dags/example_branch_python_dop_operator_3.py for tasks to queue
[2024-06-20T08:00:14.691+0000] {logging_mixin.py:188} INFO - [2024-06-20T08:00:14.690+0000] {dagbag.py:545} INFO - Filling up the DagBag from /home/airflow/.local/lib/python3.12/site-packages/airflow/example_dags/example_branch_python_dop_operator_3.py
[2024-06-20T08:00:14.702+0000] {processor.py:840} INFO - DAG(s) 'example_branch_dop_operator_v3' retrieved from /home/airflow/.local/lib/python3.12/site-packages/airflow/example_dags/example_branch_python_dop_operator_3.py
[2024-06-20T08:00:14.726+0000] {logging_mixin.py:188} INFO - [2024-06-20T08:00:14.726+0000] {dag.py:3096} INFO - Sync 1 DAGs
[2024-06-20T08:00:14.762+0000] {logging_mixin.py:188} INFO - [2024-06-20T08:00:14.762+0000] {dag.py:3954} INFO - Setting next_dagrun for example_branch_dop_operator_v3 to 2024-06-20 07:59:00+00:00, run_after=2024-06-20 08:00:00+00:00
[2024-06-20T08:00:14.798+0000] {processor.py:183} INFO - Processing /home/airflow/.local/lib/python3.12/site-packages/airflow/example_dags/example_branch_python_dop_operator_3.py took 0.118 seconds
