[2024-06-20T07:57:52.448+0000] {processor.py:161} INFO - Started process (PID=79) to work on /home/airflow/.local/lib/python3.12/site-packages/airflow/example_dags/example_sensor_decorator.py
[2024-06-20T07:57:52.450+0000] {processor.py:830} INFO - Processing file /home/airflow/.local/lib/python3.12/site-packages/airflow/example_dags/example_sensor_decorator.py for tasks to queue
[2024-06-20T07:57:52.452+0000] {logging_mixin.py:188} INFO - [2024-06-20T07:57:52.452+0000] {dagbag.py:545} INFO - Filling up the DagBag from /home/airflow/.local/lib/python3.12/site-packages/airflow/example_dags/example_sensor_decorator.py
[2024-06-20T07:57:52.471+0000] {processor.py:840} INFO - DAG(s) 'example_sensor_decorator' retrieved from /home/airflow/.local/lib/python3.12/site-packages/airflow/example_dags/example_sensor_decorator.py
[2024-06-20T07:57:52.801+0000] {logging_mixin.py:188} INFO - [2024-06-20T07:57:52.800+0000] {dag.py:3096} INFO - Sync 1 DAGs
[2024-06-20T07:57:52.841+0000] {logging_mixin.py:188} INFO - [2024-06-20T07:57:52.841+0000] {dag.py:3954} INFO - Setting next_dagrun for example_sensor_decorator to None, run_after=None
[2024-06-20T07:57:52.889+0000] {processor.py:183} INFO - Processing /home/airflow/.local/lib/python3.12/site-packages/airflow/example_dags/example_sensor_decorator.py took 0.448 seconds
[2024-06-20T07:58:30.145+0000] {processor.py:161} INFO - Started process (PID=137) to work on /home/airflow/.local/lib/python3.12/site-packages/airflow/example_dags/example_sensor_decorator.py
[2024-06-20T07:58:30.149+0000] {processor.py:830} INFO - Processing file /home/airflow/.local/lib/python3.12/site-packages/airflow/example_dags/example_sensor_decorator.py for tasks to queue
[2024-06-20T07:58:30.152+0000] {logging_mixin.py:188} INFO - [2024-06-20T07:58:30.152+0000] {dagbag.py:545} INFO - Filling up the DagBag from /home/airflow/.local/lib/python3.12/site-packages/airflow/example_dags/example_sensor_decorator.py
[2024-06-20T07:58:30.169+0000] {processor.py:840} INFO - DAG(s) 'example_sensor_decorator' retrieved from /home/airflow/.local/lib/python3.12/site-packages/airflow/example_dags/example_sensor_decorator.py
[2024-06-20T07:58:30.258+0000] {logging_mixin.py:188} INFO - [2024-06-20T07:58:30.257+0000] {dag.py:3096} INFO - Sync 1 DAGs
[2024-06-20T07:58:30.297+0000] {logging_mixin.py:188} INFO - [2024-06-20T07:58:30.296+0000] {dag.py:3954} INFO - Setting next_dagrun for example_sensor_decorator to None, run_after=None
[2024-06-20T07:58:31.340+0000] {processor.py:183} INFO - Processing /home/airflow/.local/lib/python3.12/site-packages/airflow/example_dags/example_sensor_decorator.py took 1.208 seconds
[2024-06-20T07:59:11.581+0000] {processor.py:161} INFO - Started process (PID=196) to work on /home/airflow/.local/lib/python3.12/site-packages/airflow/example_dags/example_sensor_decorator.py
[2024-06-20T07:59:11.584+0000] {processor.py:830} INFO - Processing file /home/airflow/.local/lib/python3.12/site-packages/airflow/example_dags/example_sensor_decorator.py for tasks to queue
[2024-06-20T07:59:11.591+0000] {logging_mixin.py:188} INFO - [2024-06-20T07:59:11.590+0000] {dagbag.py:545} INFO - Filling up the DagBag from /home/airflow/.local/lib/python3.12/site-packages/airflow/example_dags/example_sensor_decorator.py
[2024-06-20T07:59:11.609+0000] {processor.py:840} INFO - DAG(s) 'example_sensor_decorator' retrieved from /home/airflow/.local/lib/python3.12/site-packages/airflow/example_dags/example_sensor_decorator.py
[2024-06-20T07:59:11.662+0000] {logging_mixin.py:188} INFO - [2024-06-20T07:59:11.661+0000] {dag.py:3096} INFO - Sync 1 DAGs
[2024-06-20T07:59:11.696+0000] {logging_mixin.py:188} INFO - [2024-06-20T07:59:11.695+0000] {dag.py:3954} INFO - Setting next_dagrun for example_sensor_decorator to None, run_after=None
[2024-06-20T07:59:12.064+0000] {processor.py:183} INFO - Processing /home/airflow/.local/lib/python3.12/site-packages/airflow/example_dags/example_sensor_decorator.py took 0.499 seconds
[2024-06-20T07:59:44.067+0000] {processor.py:161} INFO - Started process (PID=252) to work on /home/airflow/.local/lib/python3.12/site-packages/airflow/example_dags/example_sensor_decorator.py
[2024-06-20T07:59:44.068+0000] {processor.py:830} INFO - Processing file /home/airflow/.local/lib/python3.12/site-packages/airflow/example_dags/example_sensor_decorator.py for tasks to queue
[2024-06-20T07:59:44.072+0000] {logging_mixin.py:188} INFO - [2024-06-20T07:59:44.071+0000] {dagbag.py:545} INFO - Filling up the DagBag from /home/airflow/.local/lib/python3.12/site-packages/airflow/example_dags/example_sensor_decorator.py
[2024-06-20T07:59:44.082+0000] {processor.py:840} INFO - DAG(s) 'example_sensor_decorator' retrieved from /home/airflow/.local/lib/python3.12/site-packages/airflow/example_dags/example_sensor_decorator.py
[2024-06-20T07:59:44.115+0000] {logging_mixin.py:188} INFO - [2024-06-20T07:59:44.115+0000] {dag.py:3096} INFO - Sync 1 DAGs
[2024-06-20T07:59:44.143+0000] {logging_mixin.py:188} INFO - [2024-06-20T07:59:44.143+0000] {dag.py:3954} INFO - Setting next_dagrun for example_sensor_decorator to None, run_after=None
[2024-06-20T07:59:44.201+0000] {processor.py:183} INFO - Processing /home/airflow/.local/lib/python3.12/site-packages/airflow/example_dags/example_sensor_decorator.py took 0.145 seconds
[2024-06-20T08:00:14.663+0000] {processor.py:161} INFO - Started process (PID=310) to work on /home/airflow/.local/lib/python3.12/site-packages/airflow/example_dags/example_sensor_decorator.py
[2024-06-20T08:00:14.665+0000] {processor.py:830} INFO - Processing file /home/airflow/.local/lib/python3.12/site-packages/airflow/example_dags/example_sensor_decorator.py for tasks to queue
[2024-06-20T08:00:14.668+0000] {logging_mixin.py:188} INFO - [2024-06-20T08:00:14.667+0000] {dagbag.py:545} INFO - Filling up the DagBag from /home/airflow/.local/lib/python3.12/site-packages/airflow/example_dags/example_sensor_decorator.py
[2024-06-20T08:00:14.676+0000] {processor.py:840} INFO - DAG(s) 'example_sensor_decorator' retrieved from /home/airflow/.local/lib/python3.12/site-packages/airflow/example_dags/example_sensor_decorator.py
[2024-06-20T08:00:14.699+0000] {logging_mixin.py:188} INFO - [2024-06-20T08:00:14.699+0000] {dag.py:3096} INFO - Sync 1 DAGs
[2024-06-20T08:00:14.714+0000] {logging_mixin.py:188} INFO - [2024-06-20T08:00:14.714+0000] {dag.py:3954} INFO - Setting next_dagrun for example_sensor_decorator to None, run_after=None
[2024-06-20T08:00:14.741+0000] {processor.py:183} INFO - Processing /home/airflow/.local/lib/python3.12/site-packages/airflow/example_dags/example_sensor_decorator.py took 0.085 seconds
