[2024-06-20T07:57:51.640+0000] {processor.py:161} INFO - Started process (PID=77) to work on /home/airflow/.local/lib/python3.12/site-packages/airflow/example_dags/example_nested_branch_dag.py
[2024-06-20T07:57:51.641+0000] {processor.py:830} INFO - Processing file /home/airflow/.local/lib/python3.12/site-packages/airflow/example_dags/example_nested_branch_dag.py for tasks to queue
[2024-06-20T07:57:51.644+0000] {logging_mixin.py:188} INFO - [2024-06-20T07:57:51.644+0000] {dagbag.py:545} INFO - Filling up the DagBag from /home/airflow/.local/lib/python3.12/site-packages/airflow/example_dags/example_nested_branch_dag.py
[2024-06-20T07:57:51.663+0000] {processor.py:840} INFO - DAG(s) 'example_nested_branch_dag' retrieved from /home/airflow/.local/lib/python3.12/site-packages/airflow/example_dags/example_nested_branch_dag.py
[2024-06-20T07:57:52.083+0000] {logging_mixin.py:188} INFO - [2024-06-20T07:57:52.083+0000] {dag.py:3096} INFO - Sync 1 DAGs
[2024-06-20T07:57:52.329+0000] {logging_mixin.py:188} INFO - [2024-06-20T07:57:52.328+0000] {dag.py:3954} INFO - Setting next_dagrun for example_nested_branch_dag to 2024-06-19 00:00:00+00:00, run_after=2024-06-20 00:00:00+00:00
[2024-06-20T07:57:52.398+0000] {processor.py:183} INFO - Processing /home/airflow/.local/lib/python3.12/site-packages/airflow/example_dags/example_nested_branch_dag.py took 0.766 seconds
[2024-06-20T07:58:29.396+0000] {processor.py:161} INFO - Started process (PID=135) to work on /home/airflow/.local/lib/python3.12/site-packages/airflow/example_dags/example_nested_branch_dag.py
[2024-06-20T07:58:29.400+0000] {processor.py:830} INFO - Processing file /home/airflow/.local/lib/python3.12/site-packages/airflow/example_dags/example_nested_branch_dag.py for tasks to queue
[2024-06-20T07:58:29.408+0000] {logging_mixin.py:188} INFO - [2024-06-20T07:58:29.407+0000] {dagbag.py:545} INFO - Filling up the DagBag from /home/airflow/.local/lib/python3.12/site-packages/airflow/example_dags/example_nested_branch_dag.py
[2024-06-20T07:58:29.494+0000] {processor.py:840} INFO - DAG(s) 'example_nested_branch_dag' retrieved from /home/airflow/.local/lib/python3.12/site-packages/airflow/example_dags/example_nested_branch_dag.py
[2024-06-20T07:58:29.596+0000] {logging_mixin.py:188} INFO - [2024-06-20T07:58:29.596+0000] {dag.py:3096} INFO - Sync 1 DAGs
[2024-06-20T07:58:29.925+0000] {logging_mixin.py:188} INFO - [2024-06-20T07:58:29.924+0000] {dag.py:3954} INFO - Setting next_dagrun for example_nested_branch_dag to 2024-06-19 00:00:00+00:00, run_after=2024-06-20 00:00:00+00:00
[2024-06-20T07:58:30.072+0000] {processor.py:183} INFO - Processing /home/airflow/.local/lib/python3.12/site-packages/airflow/example_dags/example_nested_branch_dag.py took 0.704 seconds
[2024-06-20T07:59:11.049+0000] {processor.py:161} INFO - Started process (PID=194) to work on /home/airflow/.local/lib/python3.12/site-packages/airflow/example_dags/example_nested_branch_dag.py
[2024-06-20T07:59:11.052+0000] {processor.py:830} INFO - Processing file /home/airflow/.local/lib/python3.12/site-packages/airflow/example_dags/example_nested_branch_dag.py for tasks to queue
[2024-06-20T07:59:11.058+0000] {logging_mixin.py:188} INFO - [2024-06-20T07:59:11.058+0000] {dagbag.py:545} INFO - Filling up the DagBag from /home/airflow/.local/lib/python3.12/site-packages/airflow/example_dags/example_nested_branch_dag.py
[2024-06-20T07:59:11.082+0000] {processor.py:840} INFO - DAG(s) 'example_nested_branch_dag' retrieved from /home/airflow/.local/lib/python3.12/site-packages/airflow/example_dags/example_nested_branch_dag.py
[2024-06-20T07:59:11.129+0000] {logging_mixin.py:188} INFO - [2024-06-20T07:59:11.128+0000] {dag.py:3096} INFO - Sync 1 DAGs
[2024-06-20T07:59:11.184+0000] {logging_mixin.py:188} INFO - [2024-06-20T07:59:11.183+0000] {dag.py:3954} INFO - Setting next_dagrun for example_nested_branch_dag to 2024-06-19 00:00:00+00:00, run_after=2024-06-20 00:00:00+00:00
[2024-06-20T07:59:11.365+0000] {processor.py:183} INFO - Processing /home/airflow/.local/lib/python3.12/site-packages/airflow/example_dags/example_nested_branch_dag.py took 0.330 seconds
[2024-06-20T07:59:43.821+0000] {processor.py:161} INFO - Started process (PID=250) to work on /home/airflow/.local/lib/python3.12/site-packages/airflow/example_dags/example_nested_branch_dag.py
[2024-06-20T07:59:43.823+0000] {processor.py:830} INFO - Processing file /home/airflow/.local/lib/python3.12/site-packages/airflow/example_dags/example_nested_branch_dag.py for tasks to queue
[2024-06-20T07:59:43.826+0000] {logging_mixin.py:188} INFO - [2024-06-20T07:59:43.825+0000] {dagbag.py:545} INFO - Filling up the DagBag from /home/airflow/.local/lib/python3.12/site-packages/airflow/example_dags/example_nested_branch_dag.py
[2024-06-20T07:59:43.846+0000] {processor.py:840} INFO - DAG(s) 'example_nested_branch_dag' retrieved from /home/airflow/.local/lib/python3.12/site-packages/airflow/example_dags/example_nested_branch_dag.py
[2024-06-20T07:59:43.910+0000] {logging_mixin.py:188} INFO - [2024-06-20T07:59:43.910+0000] {dag.py:3096} INFO - Sync 1 DAGs
[2024-06-20T07:59:43.967+0000] {logging_mixin.py:188} INFO - [2024-06-20T07:59:43.967+0000] {dag.py:3954} INFO - Setting next_dagrun for example_nested_branch_dag to 2024-06-19 00:00:00+00:00, run_after=2024-06-20 00:00:00+00:00
[2024-06-20T07:59:44.015+0000] {processor.py:183} INFO - Processing /home/airflow/.local/lib/python3.12/site-packages/airflow/example_dags/example_nested_branch_dag.py took 0.204 seconds
[2024-06-20T08:00:14.526+0000] {processor.py:161} INFO - Started process (PID=308) to work on /home/airflow/.local/lib/python3.12/site-packages/airflow/example_dags/example_nested_branch_dag.py
[2024-06-20T08:00:14.527+0000] {processor.py:830} INFO - Processing file /home/airflow/.local/lib/python3.12/site-packages/airflow/example_dags/example_nested_branch_dag.py for tasks to queue
[2024-06-20T08:00:14.529+0000] {logging_mixin.py:188} INFO - [2024-06-20T08:00:14.529+0000] {dagbag.py:545} INFO - Filling up the DagBag from /home/airflow/.local/lib/python3.12/site-packages/airflow/example_dags/example_nested_branch_dag.py
[2024-06-20T08:00:14.543+0000] {processor.py:840} INFO - DAG(s) 'example_nested_branch_dag' retrieved from /home/airflow/.local/lib/python3.12/site-packages/airflow/example_dags/example_nested_branch_dag.py
[2024-06-20T08:00:14.574+0000] {logging_mixin.py:188} INFO - [2024-06-20T08:00:14.574+0000] {dag.py:3096} INFO - Sync 1 DAGs
[2024-06-20T08:00:14.604+0000] {logging_mixin.py:188} INFO - [2024-06-20T08:00:14.604+0000] {dag.py:3954} INFO - Setting next_dagrun for example_nested_branch_dag to 2024-06-19 00:00:00+00:00, run_after=2024-06-20 00:00:00+00:00
[2024-06-20T08:00:14.640+0000] {processor.py:183} INFO - Processing /home/airflow/.local/lib/python3.12/site-packages/airflow/example_dags/example_nested_branch_dag.py took 0.122 seconds
