[2024-06-20T07:57:43.197+0000] {processor.py:161} INFO - Started process (PID=52) to work on /home/airflow/.local/lib/python3.12/site-packages/airflow/example_dags/example_task_group_decorator.py
[2024-06-20T07:57:43.213+0000] {processor.py:830} INFO - Processing file /home/airflow/.local/lib/python3.12/site-packages/airflow/example_dags/example_task_group_decorator.py for tasks to queue
[2024-06-20T07:57:43.223+0000] {logging_mixin.py:188} INFO - [2024-06-20T07:57:43.223+0000] {dagbag.py:545} INFO - Filling up the DagBag from /home/airflow/.local/lib/python3.12/site-packages/airflow/example_dags/example_task_group_decorator.py
[2024-06-20T07:57:43.314+0000] {processor.py:840} INFO - DAG(s) 'example_task_group_decorator' retrieved from /home/airflow/.local/lib/python3.12/site-packages/airflow/example_dags/example_task_group_decorator.py
[2024-06-20T07:57:44.112+0000] {logging_mixin.py:188} INFO - [2024-06-20T07:57:44.112+0000] {dag.py:3096} INFO - Sync 1 DAGs
[2024-06-20T07:57:44.153+0000] {logging_mixin.py:188} INFO - [2024-06-20T07:57:44.152+0000] {dag.py:3954} INFO - Setting next_dagrun for example_task_group_decorator to 2024-06-19 00:00:00+00:00, run_after=2024-06-20 00:00:00+00:00
[2024-06-20T07:57:44.189+0000] {processor.py:183} INFO - Processing /home/airflow/.local/lib/python3.12/site-packages/airflow/example_dags/example_task_group_decorator.py took 1.052 seconds
[2024-06-20T07:58:14.487+0000] {processor.py:161} INFO - Started process (PID=110) to work on /home/airflow/.local/lib/python3.12/site-packages/airflow/example_dags/example_task_group_decorator.py
[2024-06-20T07:58:14.489+0000] {processor.py:830} INFO - Processing file /home/airflow/.local/lib/python3.12/site-packages/airflow/example_dags/example_task_group_decorator.py for tasks to queue
[2024-06-20T07:58:14.495+0000] {logging_mixin.py:188} INFO - [2024-06-20T07:58:14.494+0000] {dagbag.py:545} INFO - Filling up the DagBag from /home/airflow/.local/lib/python3.12/site-packages/airflow/example_dags/example_task_group_decorator.py
[2024-06-20T07:58:14.527+0000] {processor.py:840} INFO - DAG(s) 'example_task_group_decorator' retrieved from /home/airflow/.local/lib/python3.12/site-packages/airflow/example_dags/example_task_group_decorator.py
[2024-06-20T07:58:14.594+0000] {logging_mixin.py:188} INFO - [2024-06-20T07:58:14.594+0000] {dag.py:3096} INFO - Sync 1 DAGs
[2024-06-20T07:58:14.637+0000] {logging_mixin.py:188} INFO - [2024-06-20T07:58:14.637+0000] {dag.py:3954} INFO - Setting next_dagrun for example_task_group_decorator to 2024-06-19 00:00:00+00:00, run_after=2024-06-20 00:00:00+00:00
[2024-06-20T07:58:14.869+0000] {processor.py:183} INFO - Processing /home/airflow/.local/lib/python3.12/site-packages/airflow/example_dags/example_task_group_decorator.py took 0.389 seconds
[2024-06-20T07:58:59.345+0000] {processor.py:161} INFO - Started process (PID=173) to work on /home/airflow/.local/lib/python3.12/site-packages/airflow/example_dags/example_task_group_decorator.py
[2024-06-20T07:58:59.347+0000] {processor.py:830} INFO - Processing file /home/airflow/.local/lib/python3.12/site-packages/airflow/example_dags/example_task_group_decorator.py for tasks to queue
[2024-06-20T07:58:59.351+0000] {logging_mixin.py:188} INFO - [2024-06-20T07:58:59.350+0000] {dagbag.py:545} INFO - Filling up the DagBag from /home/airflow/.local/lib/python3.12/site-packages/airflow/example_dags/example_task_group_decorator.py
[2024-06-20T07:58:59.381+0000] {processor.py:840} INFO - DAG(s) 'example_task_group_decorator' retrieved from /home/airflow/.local/lib/python3.12/site-packages/airflow/example_dags/example_task_group_decorator.py
[2024-06-20T07:58:59.525+0000] {logging_mixin.py:188} INFO - [2024-06-20T07:58:59.524+0000] {dag.py:3096} INFO - Sync 1 DAGs
[2024-06-20T07:58:59.608+0000] {logging_mixin.py:188} INFO - [2024-06-20T07:58:59.607+0000] {dag.py:3954} INFO - Setting next_dagrun for example_task_group_decorator to 2024-06-19 00:00:00+00:00, run_after=2024-06-20 00:00:00+00:00
[2024-06-20T07:58:59.640+0000] {processor.py:183} INFO - Processing /home/airflow/.local/lib/python3.12/site-packages/airflow/example_dags/example_task_group_decorator.py took 0.308 seconds
[2024-06-20T07:59:31.656+0000] {processor.py:161} INFO - Started process (PID=231) to work on /home/airflow/.local/lib/python3.12/site-packages/airflow/example_dags/example_task_group_decorator.py
[2024-06-20T07:59:31.658+0000] {processor.py:830} INFO - Processing file /home/airflow/.local/lib/python3.12/site-packages/airflow/example_dags/example_task_group_decorator.py for tasks to queue
[2024-06-20T07:59:31.664+0000] {logging_mixin.py:188} INFO - [2024-06-20T07:59:31.663+0000] {dagbag.py:545} INFO - Filling up the DagBag from /home/airflow/.local/lib/python3.12/site-packages/airflow/example_dags/example_task_group_decorator.py
[2024-06-20T07:59:31.700+0000] {processor.py:840} INFO - DAG(s) 'example_task_group_decorator' retrieved from /home/airflow/.local/lib/python3.12/site-packages/airflow/example_dags/example_task_group_decorator.py
[2024-06-20T07:59:31.779+0000] {logging_mixin.py:188} INFO - [2024-06-20T07:59:31.778+0000] {dag.py:3096} INFO - Sync 1 DAGs
[2024-06-20T07:59:31.851+0000] {logging_mixin.py:188} INFO - [2024-06-20T07:59:31.850+0000] {dag.py:3954} INFO - Setting next_dagrun for example_task_group_decorator to 2024-06-19 00:00:00+00:00, run_after=2024-06-20 00:00:00+00:00
[2024-06-20T07:59:31.909+0000] {processor.py:183} INFO - Processing /home/airflow/.local/lib/python3.12/site-packages/airflow/example_dags/example_task_group_decorator.py took 0.272 seconds
[2024-06-20T08:00:10.513+0000] {processor.py:161} INFO - Started process (PID=287) to work on /home/airflow/.local/lib/python3.12/site-packages/airflow/example_dags/example_task_group_decorator.py
[2024-06-20T08:00:10.515+0000] {processor.py:830} INFO - Processing file /home/airflow/.local/lib/python3.12/site-packages/airflow/example_dags/example_task_group_decorator.py for tasks to queue
[2024-06-20T08:00:10.520+0000] {logging_mixin.py:188} INFO - [2024-06-20T08:00:10.519+0000] {dagbag.py:545} INFO - Filling up the DagBag from /home/airflow/.local/lib/python3.12/site-packages/airflow/example_dags/example_task_group_decorator.py
[2024-06-20T08:00:10.563+0000] {processor.py:840} INFO - DAG(s) 'example_task_group_decorator' retrieved from /home/airflow/.local/lib/python3.12/site-packages/airflow/example_dags/example_task_group_decorator.py
[2024-06-20T08:00:10.626+0000] {logging_mixin.py:188} INFO - [2024-06-20T08:00:10.625+0000] {dag.py:3096} INFO - Sync 1 DAGs
[2024-06-20T08:00:10.687+0000] {logging_mixin.py:188} INFO - [2024-06-20T08:00:10.686+0000] {dag.py:3954} INFO - Setting next_dagrun for example_task_group_decorator to 2024-06-19 00:00:00+00:00, run_after=2024-06-20 00:00:00+00:00
[2024-06-20T08:00:10.737+0000] {processor.py:183} INFO - Processing /home/airflow/.local/lib/python3.12/site-packages/airflow/example_dags/example_task_group_decorator.py took 0.238 seconds
