[2024-06-20T07:57:53.365+0000] {processor.py:161} INFO - Started process (PID=83) to work on /home/airflow/.local/lib/python3.12/site-packages/airflow/example_dags/example_python_operator.py
[2024-06-20T07:57:53.366+0000] {processor.py:830} INFO - Processing file /home/airflow/.local/lib/python3.12/site-packages/airflow/example_dags/example_python_operator.py for tasks to queue
[2024-06-20T07:57:53.369+0000] {logging_mixin.py:188} INFO - [2024-06-20T07:57:53.369+0000] {dagbag.py:545} INFO - Filling up the DagBag from /home/airflow/.local/lib/python3.12/site-packages/airflow/example_dags/example_python_operator.py
[2024-06-20T07:57:53.384+0000] {processor.py:840} INFO - DAG(s) 'example_python_operator' retrieved from /home/airflow/.local/lib/python3.12/site-packages/airflow/example_dags/example_python_operator.py
[2024-06-20T07:57:53.528+0000] {logging_mixin.py:188} INFO - [2024-06-20T07:57:53.528+0000] {dag.py:3096} INFO - Sync 1 DAGs
[2024-06-20T07:57:53.550+0000] {logging_mixin.py:188} INFO - [2024-06-20T07:57:53.550+0000] {dag.py:3954} INFO - Setting next_dagrun for example_python_operator to None, run_after=None
[2024-06-20T07:57:53.608+0000] {processor.py:183} INFO - Processing /home/airflow/.local/lib/python3.12/site-packages/airflow/example_dags/example_python_operator.py took 0.252 seconds
[2024-06-20T07:58:33.918+0000] {processor.py:161} INFO - Started process (PID=140) to work on /home/airflow/.local/lib/python3.12/site-packages/airflow/example_dags/example_python_operator.py
[2024-06-20T07:58:33.928+0000] {processor.py:830} INFO - Processing file /home/airflow/.local/lib/python3.12/site-packages/airflow/example_dags/example_python_operator.py for tasks to queue
[2024-06-20T07:58:33.932+0000] {logging_mixin.py:188} INFO - [2024-06-20T07:58:33.931+0000] {dagbag.py:545} INFO - Filling up the DagBag from /home/airflow/.local/lib/python3.12/site-packages/airflow/example_dags/example_python_operator.py
[2024-06-20T07:58:33.950+0000] {processor.py:840} INFO - DAG(s) 'example_python_operator' retrieved from /home/airflow/.local/lib/python3.12/site-packages/airflow/example_dags/example_python_operator.py
[2024-06-20T07:58:33.989+0000] {logging_mixin.py:188} INFO - [2024-06-20T07:58:33.989+0000] {dag.py:3096} INFO - Sync 1 DAGs
[2024-06-20T07:58:34.014+0000] {logging_mixin.py:188} INFO - [2024-06-20T07:58:34.014+0000] {dag.py:3954} INFO - Setting next_dagrun for example_python_operator to None, run_after=None
[2024-06-20T07:58:34.049+0000] {processor.py:183} INFO - Processing /home/airflow/.local/lib/python3.12/site-packages/airflow/example_dags/example_python_operator.py took 0.141 seconds
[2024-06-20T07:59:13.888+0000] {processor.py:161} INFO - Started process (PID=199) to work on /home/airflow/.local/lib/python3.12/site-packages/airflow/example_dags/example_python_operator.py
[2024-06-20T07:59:13.891+0000] {processor.py:830} INFO - Processing file /home/airflow/.local/lib/python3.12/site-packages/airflow/example_dags/example_python_operator.py for tasks to queue
[2024-06-20T07:59:13.896+0000] {logging_mixin.py:188} INFO - [2024-06-20T07:59:13.895+0000] {dagbag.py:545} INFO - Filling up the DagBag from /home/airflow/.local/lib/python3.12/site-packages/airflow/example_dags/example_python_operator.py
[2024-06-20T07:59:13.929+0000] {processor.py:840} INFO - DAG(s) 'example_python_operator' retrieved from /home/airflow/.local/lib/python3.12/site-packages/airflow/example_dags/example_python_operator.py
[2024-06-20T07:59:14.003+0000] {logging_mixin.py:188} INFO - [2024-06-20T07:59:14.002+0000] {dag.py:3096} INFO - Sync 1 DAGs
[2024-06-20T07:59:14.086+0000] {logging_mixin.py:188} INFO - [2024-06-20T07:59:14.085+0000] {dag.py:3954} INFO - Setting next_dagrun for example_python_operator to None, run_after=None
[2024-06-20T07:59:14.151+0000] {processor.py:183} INFO - Processing /home/airflow/.local/lib/python3.12/site-packages/airflow/example_dags/example_python_operator.py took 0.279 seconds
[2024-06-20T07:59:44.773+0000] {processor.py:161} INFO - Started process (PID=257) to work on /home/airflow/.local/lib/python3.12/site-packages/airflow/example_dags/example_python_operator.py
[2024-06-20T07:59:44.775+0000] {processor.py:830} INFO - Processing file /home/airflow/.local/lib/python3.12/site-packages/airflow/example_dags/example_python_operator.py for tasks to queue
[2024-06-20T07:59:44.777+0000] {logging_mixin.py:188} INFO - [2024-06-20T07:59:44.777+0000] {dagbag.py:545} INFO - Filling up the DagBag from /home/airflow/.local/lib/python3.12/site-packages/airflow/example_dags/example_python_operator.py
[2024-06-20T07:59:44.791+0000] {processor.py:840} INFO - DAG(s) 'example_python_operator' retrieved from /home/airflow/.local/lib/python3.12/site-packages/airflow/example_dags/example_python_operator.py
[2024-06-20T07:59:44.827+0000] {logging_mixin.py:188} INFO - [2024-06-20T07:59:44.826+0000] {dag.py:3096} INFO - Sync 1 DAGs
[2024-06-20T07:59:44.845+0000] {logging_mixin.py:188} INFO - [2024-06-20T07:59:44.844+0000] {dag.py:3954} INFO - Setting next_dagrun for example_python_operator to None, run_after=None
[2024-06-20T07:59:44.875+0000] {processor.py:183} INFO - Processing /home/airflow/.local/lib/python3.12/site-packages/airflow/example_dags/example_python_operator.py took 0.109 seconds
[2024-06-20T08:00:15.076+0000] {processor.py:161} INFO - Started process (PID=313) to work on /home/airflow/.local/lib/python3.12/site-packages/airflow/example_dags/example_python_operator.py
[2024-06-20T08:00:15.082+0000] {processor.py:830} INFO - Processing file /home/airflow/.local/lib/python3.12/site-packages/airflow/example_dags/example_python_operator.py for tasks to queue
[2024-06-20T08:00:15.098+0000] {logging_mixin.py:188} INFO - [2024-06-20T08:00:15.096+0000] {dagbag.py:545} INFO - Filling up the DagBag from /home/airflow/.local/lib/python3.12/site-packages/airflow/example_dags/example_python_operator.py
[2024-06-20T08:00:15.176+0000] {processor.py:840} INFO - DAG(s) 'example_python_operator' retrieved from /home/airflow/.local/lib/python3.12/site-packages/airflow/example_dags/example_python_operator.py
[2024-06-20T08:00:15.341+0000] {logging_mixin.py:188} INFO - [2024-06-20T08:00:15.340+0000] {dag.py:3096} INFO - Sync 1 DAGs
[2024-06-20T08:00:15.362+0000] {logging_mixin.py:188} INFO - [2024-06-20T08:00:15.361+0000] {dag.py:3954} INFO - Setting next_dagrun for example_python_operator to None, run_after=None
[2024-06-20T08:00:15.393+0000] {processor.py:183} INFO - Processing /home/airflow/.local/lib/python3.12/site-packages/airflow/example_dags/example_python_operator.py took 0.344 seconds
