[2024-06-20T07:57:52.938+0000] {processor.py:161} INFO - Started process (PID=81) to work on /home/airflow/.local/lib/python3.12/site-packages/airflow/example_dags/example_python_decorator.py
[2024-06-20T07:57:52.940+0000] {processor.py:830} INFO - Processing file /home/airflow/.local/lib/python3.12/site-packages/airflow/example_dags/example_python_decorator.py for tasks to queue
[2024-06-20T07:57:52.944+0000] {logging_mixin.py:188} INFO - [2024-06-20T07:57:52.943+0000] {dagbag.py:545} INFO - Filling up the DagBag from /home/airflow/.local/lib/python3.12/site-packages/airflow/example_dags/example_python_decorator.py
[2024-06-20T07:57:52.970+0000] {processor.py:840} INFO - DAG(s) 'example_python_decorator' retrieved from /home/airflow/.local/lib/python3.12/site-packages/airflow/example_dags/example_python_decorator.py
[2024-06-20T07:57:53.224+0000] {logging_mixin.py:188} INFO - [2024-06-20T07:57:53.223+0000] {dag.py:3096} INFO - Sync 1 DAGs
[2024-06-20T07:57:53.257+0000] {logging_mixin.py:188} INFO - [2024-06-20T07:57:53.257+0000] {dag.py:3954} INFO - Setting next_dagrun for example_python_decorator to None, run_after=None
[2024-06-20T07:57:53.315+0000] {processor.py:183} INFO - Processing /home/airflow/.local/lib/python3.12/site-packages/airflow/example_dags/example_python_decorator.py took 0.386 seconds
[2024-06-20T07:58:33.716+0000] {processor.py:161} INFO - Started process (PID=139) to work on /home/airflow/.local/lib/python3.12/site-packages/airflow/example_dags/example_python_decorator.py
[2024-06-20T07:58:33.722+0000] {processor.py:830} INFO - Processing file /home/airflow/.local/lib/python3.12/site-packages/airflow/example_dags/example_python_decorator.py for tasks to queue
[2024-06-20T07:58:33.725+0000] {logging_mixin.py:188} INFO - [2024-06-20T07:58:33.724+0000] {dagbag.py:545} INFO - Filling up the DagBag from /home/airflow/.local/lib/python3.12/site-packages/airflow/example_dags/example_python_decorator.py
[2024-06-20T07:58:33.791+0000] {processor.py:840} INFO - DAG(s) 'example_python_decorator' retrieved from /home/airflow/.local/lib/python3.12/site-packages/airflow/example_dags/example_python_decorator.py
[2024-06-20T07:58:33.878+0000] {logging_mixin.py:188} INFO - [2024-06-20T07:58:33.877+0000] {dag.py:3096} INFO - Sync 1 DAGs
[2024-06-20T07:58:33.921+0000] {logging_mixin.py:188} INFO - [2024-06-20T07:58:33.920+0000] {dag.py:3954} INFO - Setting next_dagrun for example_python_decorator to None, run_after=None
[2024-06-20T07:58:33.950+0000] {processor.py:183} INFO - Processing /home/airflow/.local/lib/python3.12/site-packages/airflow/example_dags/example_python_decorator.py took 0.313 seconds
[2024-06-20T07:59:12.642+0000] {processor.py:161} INFO - Started process (PID=198) to work on /home/airflow/.local/lib/python3.12/site-packages/airflow/example_dags/example_python_decorator.py
[2024-06-20T07:59:12.644+0000] {processor.py:830} INFO - Processing file /home/airflow/.local/lib/python3.12/site-packages/airflow/example_dags/example_python_decorator.py for tasks to queue
[2024-06-20T07:59:12.650+0000] {logging_mixin.py:188} INFO - [2024-06-20T07:59:12.649+0000] {dagbag.py:545} INFO - Filling up the DagBag from /home/airflow/.local/lib/python3.12/site-packages/airflow/example_dags/example_python_decorator.py
[2024-06-20T07:59:12.805+0000] {processor.py:840} INFO - DAG(s) 'example_python_decorator' retrieved from /home/airflow/.local/lib/python3.12/site-packages/airflow/example_dags/example_python_decorator.py
[2024-06-20T07:59:13.088+0000] {logging_mixin.py:188} INFO - [2024-06-20T07:59:13.087+0000] {dag.py:3096} INFO - Sync 1 DAGs
[2024-06-20T07:59:13.114+0000] {logging_mixin.py:188} INFO - [2024-06-20T07:59:13.114+0000] {dag.py:3954} INFO - Setting next_dagrun for example_python_decorator to None, run_after=None
[2024-06-20T07:59:13.601+0000] {processor.py:183} INFO - Processing /home/airflow/.local/lib/python3.12/site-packages/airflow/example_dags/example_python_decorator.py took 0.973 seconds
[2024-06-20T07:59:44.557+0000] {processor.py:161} INFO - Started process (PID=256) to work on /home/airflow/.local/lib/python3.12/site-packages/airflow/example_dags/example_python_decorator.py
[2024-06-20T07:59:44.560+0000] {processor.py:830} INFO - Processing file /home/airflow/.local/lib/python3.12/site-packages/airflow/example_dags/example_python_decorator.py for tasks to queue
[2024-06-20T07:59:44.567+0000] {logging_mixin.py:188} INFO - [2024-06-20T07:59:44.565+0000] {dagbag.py:545} INFO - Filling up the DagBag from /home/airflow/.local/lib/python3.12/site-packages/airflow/example_dags/example_python_decorator.py
[2024-06-20T07:59:44.615+0000] {processor.py:840} INFO - DAG(s) 'example_python_decorator' retrieved from /home/airflow/.local/lib/python3.12/site-packages/airflow/example_dags/example_python_decorator.py
[2024-06-20T07:59:44.672+0000] {logging_mixin.py:188} INFO - [2024-06-20T07:59:44.671+0000] {dag.py:3096} INFO - Sync 1 DAGs
[2024-06-20T07:59:44.697+0000] {logging_mixin.py:188} INFO - [2024-06-20T07:59:44.697+0000] {dag.py:3954} INFO - Setting next_dagrun for example_python_decorator to None, run_after=None
[2024-06-20T07:59:44.733+0000] {processor.py:183} INFO - Processing /home/airflow/.local/lib/python3.12/site-packages/airflow/example_dags/example_python_decorator.py took 0.194 seconds
[2024-06-20T08:00:14.794+0000] {processor.py:161} INFO - Started process (PID=312) to work on /home/airflow/.local/lib/python3.12/site-packages/airflow/example_dags/example_python_decorator.py
[2024-06-20T08:00:14.796+0000] {processor.py:830} INFO - Processing file /home/airflow/.local/lib/python3.12/site-packages/airflow/example_dags/example_python_decorator.py for tasks to queue
[2024-06-20T08:00:14.800+0000] {logging_mixin.py:188} INFO - [2024-06-20T08:00:14.800+0000] {dagbag.py:545} INFO - Filling up the DagBag from /home/airflow/.local/lib/python3.12/site-packages/airflow/example_dags/example_python_decorator.py
[2024-06-20T08:00:14.833+0000] {processor.py:840} INFO - DAG(s) 'example_python_decorator' retrieved from /home/airflow/.local/lib/python3.12/site-packages/airflow/example_dags/example_python_decorator.py
[2024-06-20T08:00:14.897+0000] {logging_mixin.py:188} INFO - [2024-06-20T08:00:14.896+0000] {dag.py:3096} INFO - Sync 1 DAGs
[2024-06-20T08:00:14.927+0000] {logging_mixin.py:188} INFO - [2024-06-20T08:00:14.926+0000] {dag.py:3954} INFO - Setting next_dagrun for example_python_decorator to None, run_after=None
[2024-06-20T08:00:14.972+0000] {processor.py:183} INFO - Processing /home/airflow/.local/lib/python3.12/site-packages/airflow/example_dags/example_python_decorator.py took 0.189 seconds
