[2024-06-20T07:57:46.618+0000] {processor.py:161} INFO - Started process (PID=59) to work on /home/airflow/.local/lib/python3.12/site-packages/airflow/example_dags/example_params_ui_tutorial.py
[2024-06-20T07:57:46.622+0000] {processor.py:830} INFO - Processing file /home/airflow/.local/lib/python3.12/site-packages/airflow/example_dags/example_params_ui_tutorial.py for tasks to queue
[2024-06-20T07:57:46.624+0000] {logging_mixin.py:188} INFO - [2024-06-20T07:57:46.624+0000] {dagbag.py:545} INFO - Filling up the DagBag from /home/airflow/.local/lib/python3.12/site-packages/airflow/example_dags/example_params_ui_tutorial.py
[2024-06-20T07:57:46.925+0000] {processor.py:840} INFO - DAG(s) 'example_params_ui_tutorial' retrieved from /home/airflow/.local/lib/python3.12/site-packages/airflow/example_dags/example_params_ui_tutorial.py
[2024-06-20T07:57:48.019+0000] {logging_mixin.py:188} INFO - [2024-06-20T07:57:48.018+0000] {dag.py:3096} INFO - Sync 1 DAGs
[2024-06-20T07:57:48.076+0000] {logging_mixin.py:188} INFO - [2024-06-20T07:57:48.076+0000] {dag.py:3954} INFO - Setting next_dagrun for example_params_ui_tutorial to None, run_after=None
[2024-06-20T07:57:48.147+0000] {processor.py:183} INFO - Processing /home/airflow/.local/lib/python3.12/site-packages/airflow/example_dags/example_params_ui_tutorial.py took 1.554 seconds
[2024-06-20T07:58:18.883+0000] {processor.py:161} INFO - Started process (PID=117) to work on /home/airflow/.local/lib/python3.12/site-packages/airflow/example_dags/example_params_ui_tutorial.py
[2024-06-20T07:58:18.985+0000] {processor.py:830} INFO - Processing file /home/airflow/.local/lib/python3.12/site-packages/airflow/example_dags/example_params_ui_tutorial.py for tasks to queue
[2024-06-20T07:58:18.991+0000] {logging_mixin.py:188} INFO - [2024-06-20T07:58:18.990+0000] {dagbag.py:545} INFO - Filling up the DagBag from /home/airflow/.local/lib/python3.12/site-packages/airflow/example_dags/example_params_ui_tutorial.py
[2024-06-20T07:58:19.176+0000] {processor.py:840} INFO - DAG(s) 'example_params_ui_tutorial' retrieved from /home/airflow/.local/lib/python3.12/site-packages/airflow/example_dags/example_params_ui_tutorial.py
[2024-06-20T07:58:19.287+0000] {logging_mixin.py:188} INFO - [2024-06-20T07:58:19.287+0000] {dag.py:3096} INFO - Sync 1 DAGs
[2024-06-20T07:58:19.314+0000] {logging_mixin.py:188} INFO - [2024-06-20T07:58:19.314+0000] {dag.py:3954} INFO - Setting next_dagrun for example_params_ui_tutorial to None, run_after=None
[2024-06-20T07:58:19.494+0000] {processor.py:183} INFO - Processing /home/airflow/.local/lib/python3.12/site-packages/airflow/example_dags/example_params_ui_tutorial.py took 0.624 seconds
[2024-06-20T07:59:00.356+0000] {processor.py:161} INFO - Started process (PID=180) to work on /home/airflow/.local/lib/python3.12/site-packages/airflow/example_dags/example_params_ui_tutorial.py
[2024-06-20T07:59:00.357+0000] {processor.py:830} INFO - Processing file /home/airflow/.local/lib/python3.12/site-packages/airflow/example_dags/example_params_ui_tutorial.py for tasks to queue
[2024-06-20T07:59:00.360+0000] {logging_mixin.py:188} INFO - [2024-06-20T07:59:00.360+0000] {dagbag.py:545} INFO - Filling up the DagBag from /home/airflow/.local/lib/python3.12/site-packages/airflow/example_dags/example_params_ui_tutorial.py
[2024-06-20T07:59:00.378+0000] {processor.py:840} INFO - DAG(s) 'example_params_ui_tutorial' retrieved from /home/airflow/.local/lib/python3.12/site-packages/airflow/example_dags/example_params_ui_tutorial.py
[2024-06-20T07:59:01.264+0000] {logging_mixin.py:188} INFO - [2024-06-20T07:59:01.264+0000] {dag.py:3096} INFO - Sync 1 DAGs
[2024-06-20T07:59:01.912+0000] {logging_mixin.py:188} INFO - [2024-06-20T07:59:01.911+0000] {dag.py:3954} INFO - Setting next_dagrun for example_params_ui_tutorial to None, run_after=None
[2024-06-20T07:59:02.041+0000] {processor.py:183} INFO - Processing /home/airflow/.local/lib/python3.12/site-packages/airflow/example_dags/example_params_ui_tutorial.py took 1.694 seconds
[2024-06-20T07:59:33.000+0000] {processor.py:161} INFO - Started process (PID=238) to work on /home/airflow/.local/lib/python3.12/site-packages/airflow/example_dags/example_params_ui_tutorial.py
[2024-06-20T07:59:33.003+0000] {processor.py:830} INFO - Processing file /home/airflow/.local/lib/python3.12/site-packages/airflow/example_dags/example_params_ui_tutorial.py for tasks to queue
[2024-06-20T07:59:33.018+0000] {logging_mixin.py:188} INFO - [2024-06-20T07:59:33.017+0000] {dagbag.py:545} INFO - Filling up the DagBag from /home/airflow/.local/lib/python3.12/site-packages/airflow/example_dags/example_params_ui_tutorial.py
[2024-06-20T07:59:33.058+0000] {processor.py:840} INFO - DAG(s) 'example_params_ui_tutorial' retrieved from /home/airflow/.local/lib/python3.12/site-packages/airflow/example_dags/example_params_ui_tutorial.py
[2024-06-20T07:59:33.214+0000] {logging_mixin.py:188} INFO - [2024-06-20T07:59:33.213+0000] {dag.py:3096} INFO - Sync 1 DAGs
[2024-06-20T07:59:33.252+0000] {logging_mixin.py:188} INFO - [2024-06-20T07:59:33.251+0000] {dag.py:3954} INFO - Setting next_dagrun for example_params_ui_tutorial to None, run_after=None
[2024-06-20T07:59:35.527+0000] {processor.py:183} INFO - Processing /home/airflow/.local/lib/python3.12/site-packages/airflow/example_dags/example_params_ui_tutorial.py took 2.550 seconds
[2024-06-20T08:00:11.584+0000] {processor.py:161} INFO - Started process (PID=294) to work on /home/airflow/.local/lib/python3.12/site-packages/airflow/example_dags/example_params_ui_tutorial.py
[2024-06-20T08:00:11.587+0000] {processor.py:830} INFO - Processing file /home/airflow/.local/lib/python3.12/site-packages/airflow/example_dags/example_params_ui_tutorial.py for tasks to queue
[2024-06-20T08:00:11.593+0000] {logging_mixin.py:188} INFO - [2024-06-20T08:00:11.592+0000] {dagbag.py:545} INFO - Filling up the DagBag from /home/airflow/.local/lib/python3.12/site-packages/airflow/example_dags/example_params_ui_tutorial.py
[2024-06-20T08:00:11.625+0000] {processor.py:840} INFO - DAG(s) 'example_params_ui_tutorial' retrieved from /home/airflow/.local/lib/python3.12/site-packages/airflow/example_dags/example_params_ui_tutorial.py
[2024-06-20T08:00:11.776+0000] {logging_mixin.py:188} INFO - [2024-06-20T08:00:11.775+0000] {dag.py:3096} INFO - Sync 1 DAGs
[2024-06-20T08:00:11.807+0000] {logging_mixin.py:188} INFO - [2024-06-20T08:00:11.806+0000] {dag.py:3954} INFO - Setting next_dagrun for example_params_ui_tutorial to None, run_after=None
[2024-06-20T08:00:11.865+0000] {processor.py:183} INFO - Processing /home/airflow/.local/lib/python3.12/site-packages/airflow/example_dags/example_params_ui_tutorial.py took 0.296 seconds
