[2024-06-20T07:57:55.764+0000] {processor.py:161} INFO - Started process (PID=86) to work on /home/airflow/.local/lib/python3.12/site-packages/airflow/example_dags/example_datasets.py
[2024-06-20T07:57:55.767+0000] {processor.py:830} INFO - Processing file /home/airflow/.local/lib/python3.12/site-packages/airflow/example_dags/example_datasets.py for tasks to queue
[2024-06-20T07:57:55.770+0000] {logging_mixin.py:188} INFO - [2024-06-20T07:57:55.770+0000] {dagbag.py:545} INFO - Filling up the DagBag from /home/airflow/.local/lib/python3.12/site-packages/airflow/example_dags/example_datasets.py
[2024-06-20T07:57:55.821+0000] {processor.py:840} INFO - DAG(s) 'consume_1_and_2_with_dataset_expressions', 'dataset_consumes_1_and_2', 'dataset_produces_2', 'consume_1_or_2_with_dataset_expressions', 'conditional_dataset_and_time_based_timetable', 'dataset_consumes_unknown_never_scheduled', 'dataset_consumes_1_never_scheduled', 'dataset_produces_1', 'consume_1_or_both_2_and_3_with_dataset_expressions', 'dataset_consumes_1' retrieved from /home/airflow/.local/lib/python3.12/site-packages/airflow/example_dags/example_datasets.py
[2024-06-20T07:57:56.369+0000] {logging_mixin.py:188} INFO - [2024-06-20T07:57:56.368+0000] {dag.py:3096} INFO - Sync 10 DAGs
[2024-06-20T07:57:56.512+0000] {logging_mixin.py:188} INFO - [2024-06-20T07:57:56.511+0000] {dag.py:3954} INFO - Setting next_dagrun for conditional_dataset_and_time_based_timetable to 2024-06-19 01:00:00+00:00, run_after=2024-06-19 01:00:00+00:00
[2024-06-20T07:57:56.524+0000] {logging_mixin.py:188} INFO - [2024-06-20T07:57:56.523+0000] {dag.py:3954} INFO - Setting next_dagrun for consume_1_and_2_with_dataset_expressions to None, run_after=None
[2024-06-20T07:57:56.529+0000] {logging_mixin.py:188} INFO - [2024-06-20T07:57:56.528+0000] {dag.py:3954} INFO - Setting next_dagrun for consume_1_or_2_with_dataset_expressions to None, run_after=None
[2024-06-20T07:57:56.533+0000] {logging_mixin.py:188} INFO - [2024-06-20T07:57:56.532+0000] {dag.py:3954} INFO - Setting next_dagrun for consume_1_or_both_2_and_3_with_dataset_expressions to None, run_after=None
[2024-06-20T07:57:56.537+0000] {logging_mixin.py:188} INFO - [2024-06-20T07:57:56.536+0000] {dag.py:3954} INFO - Setting next_dagrun for dataset_consumes_1 to None, run_after=None
[2024-06-20T07:57:56.542+0000] {logging_mixin.py:188} INFO - [2024-06-20T07:57:56.541+0000] {dag.py:3954} INFO - Setting next_dagrun for dataset_consumes_1_and_2 to None, run_after=None
[2024-06-20T07:57:56.545+0000] {logging_mixin.py:188} INFO - [2024-06-20T07:57:56.545+0000] {dag.py:3954} INFO - Setting next_dagrun for dataset_consumes_1_never_scheduled to None, run_after=None
[2024-06-20T07:57:56.550+0000] {logging_mixin.py:188} INFO - [2024-06-20T07:57:56.549+0000] {dag.py:3954} INFO - Setting next_dagrun for dataset_consumes_unknown_never_scheduled to None, run_after=None
[2024-06-20T07:57:56.559+0000] {logging_mixin.py:188} INFO - [2024-06-20T07:57:56.559+0000] {dag.py:3954} INFO - Setting next_dagrun for dataset_produces_1 to 2024-06-19 00:00:00+00:00, run_after=2024-06-20 00:00:00+00:00
[2024-06-20T07:57:56.563+0000] {logging_mixin.py:188} INFO - [2024-06-20T07:57:56.563+0000] {dag.py:3954} INFO - Setting next_dagrun for dataset_produces_2 to None, run_after=None
[2024-06-20T07:57:58.632+0000] {processor.py:183} INFO - Processing /home/airflow/.local/lib/python3.12/site-packages/airflow/example_dags/example_datasets.py took 2.879 seconds
[2024-06-20T07:58:43.005+0000] {processor.py:161} INFO - Started process (PID=144) to work on /home/airflow/.local/lib/python3.12/site-packages/airflow/example_dags/example_datasets.py
[2024-06-20T07:58:43.041+0000] {processor.py:830} INFO - Processing file /home/airflow/.local/lib/python3.12/site-packages/airflow/example_dags/example_datasets.py for tasks to queue
[2024-06-20T07:58:43.319+0000] {logging_mixin.py:188} INFO - [2024-06-20T07:58:43.318+0000] {dagbag.py:545} INFO - Filling up the DagBag from /home/airflow/.local/lib/python3.12/site-packages/airflow/example_dags/example_datasets.py
[2024-06-20T07:58:44.668+0000] {processor.py:840} INFO - DAG(s) 'dataset_produces_1', 'dataset_consumes_1_and_2', 'dataset_consumes_1_never_scheduled', 'dataset_consumes_1', 'consume_1_or_2_with_dataset_expressions', 'dataset_consumes_unknown_never_scheduled', 'conditional_dataset_and_time_based_timetable', 'consume_1_and_2_with_dataset_expressions', 'dataset_produces_2', 'consume_1_or_both_2_and_3_with_dataset_expressions' retrieved from /home/airflow/.local/lib/python3.12/site-packages/airflow/example_dags/example_datasets.py
[2024-06-20T07:58:45.826+0000] {logging_mixin.py:188} INFO - [2024-06-20T07:58:45.826+0000] {dag.py:3096} INFO - Sync 10 DAGs
[2024-06-20T07:58:48.089+0000] {logging_mixin.py:188} INFO - [2024-06-20T07:58:48.088+0000] {dag.py:3954} INFO - Setting next_dagrun for conditional_dataset_and_time_based_timetable to 2024-06-19 01:00:00+00:00, run_after=2024-06-19 01:00:00+00:00
[2024-06-20T07:58:48.222+0000] {logging_mixin.py:188} INFO - [2024-06-20T07:58:48.222+0000] {dag.py:3954} INFO - Setting next_dagrun for consume_1_and_2_with_dataset_expressions to None, run_after=None
[2024-06-20T07:58:48.343+0000] {logging_mixin.py:188} INFO - [2024-06-20T07:58:48.342+0000] {dag.py:3954} INFO - Setting next_dagrun for consume_1_or_2_with_dataset_expressions to None, run_after=None
[2024-06-20T07:58:48.349+0000] {logging_mixin.py:188} INFO - [2024-06-20T07:58:48.348+0000] {dag.py:3954} INFO - Setting next_dagrun for consume_1_or_both_2_and_3_with_dataset_expressions to None, run_after=None
[2024-06-20T07:58:48.354+0000] {logging_mixin.py:188} INFO - [2024-06-20T07:58:48.353+0000] {dag.py:3954} INFO - Setting next_dagrun for dataset_consumes_1 to None, run_after=None
[2024-06-20T07:58:48.359+0000] {logging_mixin.py:188} INFO - [2024-06-20T07:58:48.358+0000] {dag.py:3954} INFO - Setting next_dagrun for dataset_consumes_1_and_2 to None, run_after=None
[2024-06-20T07:58:48.364+0000] {logging_mixin.py:188} INFO - [2024-06-20T07:58:48.363+0000] {dag.py:3954} INFO - Setting next_dagrun for dataset_consumes_1_never_scheduled to None, run_after=None
[2024-06-20T07:58:48.368+0000] {logging_mixin.py:188} INFO - [2024-06-20T07:58:48.368+0000] {dag.py:3954} INFO - Setting next_dagrun for dataset_consumes_unknown_never_scheduled to None, run_after=None
[2024-06-20T07:58:48.375+0000] {logging_mixin.py:188} INFO - [2024-06-20T07:58:48.375+0000] {dag.py:3954} INFO - Setting next_dagrun for dataset_produces_1 to 2024-06-19 00:00:00+00:00, run_after=2024-06-20 00:00:00+00:00
[2024-06-20T07:58:48.379+0000] {logging_mixin.py:188} INFO - [2024-06-20T07:58:48.379+0000] {dag.py:3954} INFO - Setting next_dagrun for dataset_produces_2 to None, run_after=None
[2024-06-20T07:58:51.454+0000] {processor.py:183} INFO - Processing /home/airflow/.local/lib/python3.12/site-packages/airflow/example_dags/example_datasets.py took 9.526 seconds
[2024-06-20T07:59:21.986+0000] {processor.py:161} INFO - Started process (PID=203) to work on /home/airflow/.local/lib/python3.12/site-packages/airflow/example_dags/example_datasets.py
[2024-06-20T07:59:21.988+0000] {processor.py:830} INFO - Processing file /home/airflow/.local/lib/python3.12/site-packages/airflow/example_dags/example_datasets.py for tasks to queue
[2024-06-20T07:59:21.992+0000] {logging_mixin.py:188} INFO - [2024-06-20T07:59:21.991+0000] {dagbag.py:545} INFO - Filling up the DagBag from /home/airflow/.local/lib/python3.12/site-packages/airflow/example_dags/example_datasets.py
[2024-06-20T07:59:27.162+0000] {processor.py:840} INFO - DAG(s) 'dataset_produces_1', 'dataset_produces_2', 'consume_1_and_2_with_dataset_expressions', 'conditional_dataset_and_time_based_timetable', 'dataset_consumes_unknown_never_scheduled', 'dataset_consumes_1_never_scheduled', 'consume_1_or_2_with_dataset_expressions', 'consume_1_or_both_2_and_3_with_dataset_expressions', 'dataset_consumes_1_and_2', 'dataset_consumes_1' retrieved from /home/airflow/.local/lib/python3.12/site-packages/airflow/example_dags/example_datasets.py
[2024-06-20T07:59:28.687+0000] {logging_mixin.py:188} INFO - [2024-06-20T07:59:28.687+0000] {dag.py:3096} INFO - Sync 10 DAGs
[2024-06-20T07:59:28.767+0000] {logging_mixin.py:188} INFO - [2024-06-20T07:59:28.766+0000] {dag.py:3954} INFO - Setting next_dagrun for conditional_dataset_and_time_based_timetable to 2024-06-19 01:00:00+00:00, run_after=2024-06-19 01:00:00+00:00
[2024-06-20T07:59:28.775+0000] {logging_mixin.py:188} INFO - [2024-06-20T07:59:28.774+0000] {dag.py:3954} INFO - Setting next_dagrun for consume_1_and_2_with_dataset_expressions to None, run_after=None
[2024-06-20T07:59:28.778+0000] {logging_mixin.py:188} INFO - [2024-06-20T07:59:28.777+0000] {dag.py:3954} INFO - Setting next_dagrun for consume_1_or_2_with_dataset_expressions to None, run_after=None
[2024-06-20T07:59:28.780+0000] {logging_mixin.py:188} INFO - [2024-06-20T07:59:28.780+0000] {dag.py:3954} INFO - Setting next_dagrun for consume_1_or_both_2_and_3_with_dataset_expressions to None, run_after=None
[2024-06-20T07:59:28.783+0000] {logging_mixin.py:188} INFO - [2024-06-20T07:59:28.783+0000] {dag.py:3954} INFO - Setting next_dagrun for dataset_consumes_1 to None, run_after=None
[2024-06-20T07:59:28.787+0000] {logging_mixin.py:188} INFO - [2024-06-20T07:59:28.786+0000] {dag.py:3954} INFO - Setting next_dagrun for dataset_consumes_1_and_2 to None, run_after=None
[2024-06-20T07:59:28.790+0000] {logging_mixin.py:188} INFO - [2024-06-20T07:59:28.789+0000] {dag.py:3954} INFO - Setting next_dagrun for dataset_consumes_1_never_scheduled to None, run_after=None
[2024-06-20T07:59:28.792+0000] {logging_mixin.py:188} INFO - [2024-06-20T07:59:28.792+0000] {dag.py:3954} INFO - Setting next_dagrun for dataset_consumes_unknown_never_scheduled to None, run_after=None
[2024-06-20T07:59:28.796+0000] {logging_mixin.py:188} INFO - [2024-06-20T07:59:28.796+0000] {dag.py:3954} INFO - Setting next_dagrun for dataset_produces_1 to 2024-06-19 00:00:00+00:00, run_after=2024-06-20 00:00:00+00:00
[2024-06-20T07:59:28.798+0000] {logging_mixin.py:188} INFO - [2024-06-20T07:59:28.798+0000] {dag.py:3954} INFO - Setting next_dagrun for dataset_produces_2 to None, run_after=None
[2024-06-20T07:59:28.870+0000] {processor.py:183} INFO - Processing /home/airflow/.local/lib/python3.12/site-packages/airflow/example_dags/example_datasets.py took 6.891 seconds
[2024-06-20T08:00:04.679+0000] {processor.py:161} INFO - Started process (PID=269) to work on /home/airflow/.local/lib/python3.12/site-packages/airflow/example_dags/example_datasets.py
[2024-06-20T08:00:04.682+0000] {processor.py:830} INFO - Processing file /home/airflow/.local/lib/python3.12/site-packages/airflow/example_dags/example_datasets.py for tasks to queue
[2024-06-20T08:00:04.687+0000] {logging_mixin.py:188} INFO - [2024-06-20T08:00:04.686+0000] {dagbag.py:545} INFO - Filling up the DagBag from /home/airflow/.local/lib/python3.12/site-packages/airflow/example_dags/example_datasets.py
[2024-06-20T08:00:04.719+0000] {processor.py:840} INFO - DAG(s) 'dataset_consumes_1', 'consume_1_and_2_with_dataset_expressions', 'dataset_consumes_1_never_scheduled', 'conditional_dataset_and_time_based_timetable', 'dataset_consumes_unknown_never_scheduled', 'consume_1_or_2_with_dataset_expressions', 'dataset_produces_2', 'consume_1_or_both_2_and_3_with_dataset_expressions', 'dataset_consumes_1_and_2', 'dataset_produces_1' retrieved from /home/airflow/.local/lib/python3.12/site-packages/airflow/example_dags/example_datasets.py
[2024-06-20T08:00:04.820+0000] {logging_mixin.py:188} INFO - [2024-06-20T08:00:04.819+0000] {dag.py:3096} INFO - Sync 10 DAGs
[2024-06-20T08:00:04.869+0000] {logging_mixin.py:188} INFO - [2024-06-20T08:00:04.869+0000] {dag.py:3954} INFO - Setting next_dagrun for conditional_dataset_and_time_based_timetable to 2024-06-19 01:00:00+00:00, run_after=2024-06-19 01:00:00+00:00
[2024-06-20T08:00:04.879+0000] {logging_mixin.py:188} INFO - [2024-06-20T08:00:04.879+0000] {dag.py:3954} INFO - Setting next_dagrun for consume_1_and_2_with_dataset_expressions to None, run_after=None
[2024-06-20T08:00:04.884+0000] {logging_mixin.py:188} INFO - [2024-06-20T08:00:04.883+0000] {dag.py:3954} INFO - Setting next_dagrun for consume_1_or_2_with_dataset_expressions to None, run_after=None
[2024-06-20T08:00:04.887+0000] {logging_mixin.py:188} INFO - [2024-06-20T08:00:04.887+0000] {dag.py:3954} INFO - Setting next_dagrun for consume_1_or_both_2_and_3_with_dataset_expressions to None, run_after=None
[2024-06-20T08:00:04.891+0000] {logging_mixin.py:188} INFO - [2024-06-20T08:00:04.891+0000] {dag.py:3954} INFO - Setting next_dagrun for dataset_consumes_1 to None, run_after=None
[2024-06-20T08:00:04.895+0000] {logging_mixin.py:188} INFO - [2024-06-20T08:00:04.894+0000] {dag.py:3954} INFO - Setting next_dagrun for dataset_consumes_1_and_2 to None, run_after=None
[2024-06-20T08:00:04.898+0000] {logging_mixin.py:188} INFO - [2024-06-20T08:00:04.898+0000] {dag.py:3954} INFO - Setting next_dagrun for dataset_consumes_1_never_scheduled to None, run_after=None
[2024-06-20T08:00:04.902+0000] {logging_mixin.py:188} INFO - [2024-06-20T08:00:04.901+0000] {dag.py:3954} INFO - Setting next_dagrun for dataset_consumes_unknown_never_scheduled to None, run_after=None
[2024-06-20T08:00:04.908+0000] {logging_mixin.py:188} INFO - [2024-06-20T08:00:04.908+0000] {dag.py:3954} INFO - Setting next_dagrun for dataset_produces_1 to 2024-06-19 00:00:00+00:00, run_after=2024-06-20 00:00:00+00:00
[2024-06-20T08:00:04.912+0000] {logging_mixin.py:188} INFO - [2024-06-20T08:00:04.911+0000] {dag.py:3954} INFO - Setting next_dagrun for dataset_produces_2 to None, run_after=None
[2024-06-20T08:00:06.228+0000] {processor.py:183} INFO - Processing /home/airflow/.local/lib/python3.12/site-packages/airflow/example_dags/example_datasets.py took 1.562 seconds
