[2024-06-20T07:57:48.206+0000] {processor.py:161} INFO - Started process (PID=61) to work on /home/airflow/.local/lib/python3.12/site-packages/airflow/example_dags/tutorial.py
[2024-06-20T07:57:48.207+0000] {processor.py:830} INFO - Processing file /home/airflow/.local/lib/python3.12/site-packages/airflow/example_dags/tutorial.py for tasks to queue
[2024-06-20T07:57:48.210+0000] {logging_mixin.py:188} INFO - [2024-06-20T07:57:48.209+0000] {dagbag.py:545} INFO - Filling up the DagBag from /home/airflow/.local/lib/python3.12/site-packages/airflow/example_dags/tutorial.py
[2024-06-20T07:57:48.230+0000] {processor.py:840} INFO - DAG(s) 'tutorial' retrieved from /home/airflow/.local/lib/python3.12/site-packages/airflow/example_dags/tutorial.py
[2024-06-20T07:57:48.652+0000] {logging_mixin.py:188} INFO - [2024-06-20T07:57:48.651+0000] {dag.py:3096} INFO - Sync 1 DAGs
[2024-06-20T07:57:48.881+0000] {logging_mixin.py:188} INFO - [2024-06-20T07:57:48.881+0000] {dag.py:3954} INFO - Setting next_dagrun for tutorial to 2024-06-19 00:00:00+00:00, run_after=2024-06-20 00:00:00+00:00
[2024-06-20T07:57:48.941+0000] {processor.py:183} INFO - Processing /home/airflow/.local/lib/python3.12/site-packages/airflow/example_dags/tutorial.py took 0.745 seconds
[2024-06-20T07:58:19.638+0000] {processor.py:161} INFO - Started process (PID=119) to work on /home/airflow/.local/lib/python3.12/site-packages/airflow/example_dags/tutorial.py
[2024-06-20T07:58:19.644+0000] {processor.py:830} INFO - Processing file /home/airflow/.local/lib/python3.12/site-packages/airflow/example_dags/tutorial.py for tasks to queue
[2024-06-20T07:58:19.651+0000] {logging_mixin.py:188} INFO - [2024-06-20T07:58:19.650+0000] {dagbag.py:545} INFO - Filling up the DagBag from /home/airflow/.local/lib/python3.12/site-packages/airflow/example_dags/tutorial.py
[2024-06-20T07:58:19.674+0000] {processor.py:840} INFO - DAG(s) 'tutorial' retrieved from /home/airflow/.local/lib/python3.12/site-packages/airflow/example_dags/tutorial.py
[2024-06-20T07:58:19.787+0000] {logging_mixin.py:188} INFO - [2024-06-20T07:58:19.787+0000] {dag.py:3096} INFO - Sync 1 DAGs
[2024-06-20T07:58:19.891+0000] {logging_mixin.py:188} INFO - [2024-06-20T07:58:19.890+0000] {dag.py:3954} INFO - Setting next_dagrun for tutorial to 2024-06-19 00:00:00+00:00, run_after=2024-06-20 00:00:00+00:00
[2024-06-20T07:58:19.940+0000] {processor.py:183} INFO - Processing /home/airflow/.local/lib/python3.12/site-packages/airflow/example_dags/tutorial.py took 0.326 seconds
[2024-06-20T07:59:02.067+0000] {processor.py:161} INFO - Started process (PID=182) to work on /home/airflow/.local/lib/python3.12/site-packages/airflow/example_dags/tutorial.py
[2024-06-20T07:59:02.070+0000] {processor.py:830} INFO - Processing file /home/airflow/.local/lib/python3.12/site-packages/airflow/example_dags/tutorial.py for tasks to queue
[2024-06-20T07:59:02.073+0000] {logging_mixin.py:188} INFO - [2024-06-20T07:59:02.072+0000] {dagbag.py:545} INFO - Filling up the DagBag from /home/airflow/.local/lib/python3.12/site-packages/airflow/example_dags/tutorial.py
[2024-06-20T07:59:02.185+0000] {processor.py:840} INFO - DAG(s) 'tutorial' retrieved from /home/airflow/.local/lib/python3.12/site-packages/airflow/example_dags/tutorial.py
[2024-06-20T07:59:03.257+0000] {logging_mixin.py:188} INFO - [2024-06-20T07:59:03.256+0000] {dag.py:3096} INFO - Sync 1 DAGs
[2024-06-20T07:59:03.671+0000] {logging_mixin.py:188} INFO - [2024-06-20T07:59:03.671+0000] {dag.py:3954} INFO - Setting next_dagrun for tutorial to 2024-06-19 00:00:00+00:00, run_after=2024-06-20 00:00:00+00:00
[2024-06-20T07:59:04.429+0000] {processor.py:183} INFO - Processing /home/airflow/.local/lib/python3.12/site-packages/airflow/example_dags/tutorial.py took 2.380 seconds
[2024-06-20T07:59:35.601+0000] {processor.py:161} INFO - Started process (PID=240) to work on /home/airflow/.local/lib/python3.12/site-packages/airflow/example_dags/tutorial.py
[2024-06-20T07:59:35.603+0000] {processor.py:830} INFO - Processing file /home/airflow/.local/lib/python3.12/site-packages/airflow/example_dags/tutorial.py for tasks to queue
[2024-06-20T07:59:36.069+0000] {logging_mixin.py:188} INFO - [2024-06-20T07:59:36.068+0000] {dagbag.py:545} INFO - Filling up the DagBag from /home/airflow/.local/lib/python3.12/site-packages/airflow/example_dags/tutorial.py
[2024-06-20T07:59:36.085+0000] {processor.py:840} INFO - DAG(s) 'tutorial' retrieved from /home/airflow/.local/lib/python3.12/site-packages/airflow/example_dags/tutorial.py
[2024-06-20T07:59:36.920+0000] {logging_mixin.py:188} INFO - [2024-06-20T07:59:36.920+0000] {dag.py:3096} INFO - Sync 1 DAGs
[2024-06-20T07:59:37.598+0000] {logging_mixin.py:188} INFO - [2024-06-20T07:59:37.598+0000] {dag.py:3954} INFO - Setting next_dagrun for tutorial to 2024-06-19 00:00:00+00:00, run_after=2024-06-20 00:00:00+00:00
[2024-06-20T07:59:39.656+0000] {processor.py:183} INFO - Processing /home/airflow/.local/lib/python3.12/site-packages/airflow/example_dags/tutorial.py took 4.069 seconds
[2024-06-20T08:00:12.060+0000] {processor.py:161} INFO - Started process (PID=298) to work on /home/airflow/.local/lib/python3.12/site-packages/airflow/example_dags/tutorial.py
[2024-06-20T08:00:12.062+0000] {processor.py:830} INFO - Processing file /home/airflow/.local/lib/python3.12/site-packages/airflow/example_dags/tutorial.py for tasks to queue
[2024-06-20T08:00:12.067+0000] {logging_mixin.py:188} INFO - [2024-06-20T08:00:12.067+0000] {dagbag.py:545} INFO - Filling up the DagBag from /home/airflow/.local/lib/python3.12/site-packages/airflow/example_dags/tutorial.py
[2024-06-20T08:00:12.083+0000] {processor.py:840} INFO - DAG(s) 'tutorial' retrieved from /home/airflow/.local/lib/python3.12/site-packages/airflow/example_dags/tutorial.py
[2024-06-20T08:00:12.132+0000] {logging_mixin.py:188} INFO - [2024-06-20T08:00:12.131+0000] {dag.py:3096} INFO - Sync 1 DAGs
[2024-06-20T08:00:12.189+0000] {logging_mixin.py:188} INFO - [2024-06-20T08:00:12.188+0000] {dag.py:3954} INFO - Setting next_dagrun for tutorial to 2024-06-19 00:00:00+00:00, run_after=2024-06-20 00:00:00+00:00
[2024-06-20T08:00:12.244+0000] {processor.py:183} INFO - Processing /home/airflow/.local/lib/python3.12/site-packages/airflow/example_dags/tutorial.py took 0.199 seconds
