[2024-06-21T08:02:00.817+0000] {local_task_job_runner.py:120} INFO - ::group::Pre task execution logs
[2024-06-21T08:02:00.848+0000] {taskinstance.py:2076} INFO - Dependencies all met for dep_context=non-requeueable deps ti=<TaskInstance: my_first_dag.first_task manual__2024-06-21T08:02:00.243637+00:00 [queued]>
[2024-06-21T08:02:00.857+0000] {taskinstance.py:2076} INFO - Dependencies all met for dep_context=requeueable deps ti=<TaskInstance: my_first_dag.first_task manual__2024-06-21T08:02:00.243637+00:00 [queued]>
[2024-06-21T08:02:00.858+0000] {taskinstance.py:2306} INFO - Starting attempt 1 of 6
[2024-06-21T08:02:00.875+0000] {taskinstance.py:2330} INFO - Executing <Task(BashOperator): first_task> on 2024-06-21 08:02:00.243637+00:00
[2024-06-21T08:02:00.885+0000] {standard_task_runner.py:90} INFO - Running: ['***', 'tasks', 'run', 'my_first_dag', 'first_task', 'manual__2024-06-21T08:02:00.243637+00:00', '--job-id', '9', '--raw', '--subdir', 'DAGS_FOLDER/first_dag.py', '--cfg-path', '/tmp/tmpm2wbybah']
[2024-06-21T08:02:00.888+0000] {standard_task_runner.py:91} INFO - Job 9: Subtask first_task
[2024-06-21T08:02:00.891+0000] {logging_mixin.py:188} WARNING - /home/***/.local/lib/python3.12/site-packages/***/task/task_runner/standard_task_runner.py:61 DeprecationWarning: This process (pid=460) is multi-threaded, use of fork() may lead to deadlocks in the child.
[2024-06-21T08:02:00.892+0000] {standard_task_runner.py:63} INFO - Started process 461 to run task
[2024-06-21T08:02:00.934+0000] {task_command.py:426} INFO - Running <TaskInstance: my_first_dag.first_task manual__2024-06-21T08:02:00.243637+00:00 [running]> on host fb21ff917a66
[2024-06-21T08:02:01.019+0000] {taskinstance.py:2648} INFO - Exporting env vars: AIRFLOW_CTX_DAG_OWNER='steven' AIRFLOW_CTX_DAG_ID='my_first_dag' AIRFLOW_CTX_TASK_ID='first_task' AIRFLOW_CTX_EXECUTION_DATE='2024-06-21T08:02:00.243637+00:00' AIRFLOW_CTX_TRY_NUMBER='1' AIRFLOW_CTX_DAG_RUN_ID='manual__2024-06-21T08:02:00.243637+00:00'
[2024-06-21T08:02:01.020+0000] {taskinstance.py:430} INFO - ::endgroup::
[2024-06-21T08:02:01.059+0000] {subprocess.py:63} INFO - Tmp dir root location: /tmp
[2024-06-21T08:02:01.060+0000] {subprocess.py:75} INFO - Running command: ['/usr/bin/bash', '-c', 'echo hello world, this is the first task!']
[2024-06-21T08:02:01.066+0000] {subprocess.py:86} INFO - Output:
[2024-06-21T08:02:01.067+0000] {subprocess.py:93} INFO - hello world, this is the first task!
[2024-06-21T08:02:01.068+0000] {subprocess.py:97} INFO - Command exited with return code 0
[2024-06-21T08:02:01.068+0000] {taskinstance.py:441} INFO - ::group::Post task execution logs
[2024-06-21T08:02:01.091+0000] {taskinstance.py:1206} INFO - Marking task as SUCCESS. dag_id=my_first_dag, task_id=first_task, run_id=manual__2024-06-21T08:02:00.243637+00:00, execution_date=20240621T080200, start_date=20240621T080200, end_date=20240621T080201
[2024-06-21T08:02:01.106+0000] {local_task_job_runner.py:240} INFO - Task exited with return code 0
[2024-06-21T08:02:01.121+0000] {taskinstance.py:3503} INFO - 0 downstream tasks scheduled from follow-on schedule check
[2024-06-21T08:02:01.125+0000] {local_task_job_runner.py:222} INFO - ::endgroup::
